2018-05-01 14:20:03,813 INFO     Job started for command "detect" with arguments:
    {'detectors': ['Old Bird Thrush Detector Redux 1.1',
                   'Old Bird Tseep Detector Redux 1.1'],
     'end_date': datetime.date(2018, 4, 27),
     'start_date': datetime.date(2018, 4, 27),
     'stations': ['Forest Grove']}
2018-05-01 14:20:03,823 INFO     Running the following detectors on file "Recordings/Forest Grove_2018-04-28_12.06.07_Z.wav"...
2018-05-01 14:20:03,823 INFO         Old Bird Thrush Detector Redux 1.1
2018-05-01 14:20:03,823 INFO         Old Bird Tseep Detector Redux 1.1
2018-05-01 14:20:04,508 INFO     Archived clip Forest Grove / 21c 1 Output / Old Bird Thrush Detector Redux 1.1 / start 2018-04-28 12:06:07.038167+00:00 / duration 0.468 s.
2018-05-01 14:20:04,510 INFO     Archived clip Forest Grove / 21c 1 Output / Old Bird Thrush Detector Redux 1.1 / start 2018-04-28 12:06:08.476542+00:00 / duration 0.627 s.
2018-05-01 14:20:04,514 INFO     Archived clip Forest Grove / 21c 1 Output / Old Bird Thrush Detector Redux 1.1 / start 2018-04-28 12:06:09.143583+00:00 / duration 0.895 s.
2018-05-01 14:20:04,517 INFO     Archived clip Forest Grove / 21c 1 Output / Old Bird Thrush Detector Redux 1.1 / start 2018-04-28 12:06:10.121667+00:00 / duration 0.627 s.
2018-05-01 14:20:04,520 INFO     Archived clip Forest Grove / 21c 1 Output / Old Bird Thrush Detector Redux 1.1 / start 2018-04-28 12:06:11.579958+00:00 / duration 1.142 s.
2018-05-01 14:20:04,522 INFO     Archived clip Forest Grove / 21c 1 Output / Old Bird Thrush Detector Redux 1.1 / start 2018-04-28 12:06:13.953458+00:00 / duration 0.502 s.
2018-05-01 14:20:04,525 INFO     Archived clip Forest Grove / 21c 1 Output / Old Bird Thrush Detector Redux 1.1 / start 2018-04-28 12:06:14.585583+00:00 / duration 0.627 s.
2018-05-01 14:20:04,528 INFO     Archived clip Forest Grove / 21c 1 Output / Old Bird Thrush Detector Redux 1.1 / start 2018-04-28 12:06:15.322875+00:00 / duration 0.557 s.
2018-05-01 14:20:04,530 INFO     Archived clip Forest Grove / 21c 1 Output / Old Bird Thrush Detector Redux 1.1 / start 2018-04-28 12:06:17.526750+00:00 / duration 0.533 s.
2018-05-01 14:20:05,481 INFO     Archived clip Forest Grove / 21c 1 Output / Old Bird Thrush Detector Redux 1.1 / start 2018-04-28 12:07:45.142375+00:00 / duration 0.494 s.
2018-05-01 14:20:07,938 INFO     Archived clip Forest Grove / 21c 1 Output / Old Bird Tseep Detector Redux 1.1 / start 2018-04-28 12:11:19.473750+00:00 / duration 0.236 s.
2018-05-01 14:20:09,299 INFO     Archived clip Forest Grove / 21c 1 Output / Old Bird Tseep Detector Redux 1.1 / start 2018-04-28 12:11:20.600208+00:00 / duration 0.259 s.
2018-05-01 14:20:09,782 INFO     Archived clip Forest Grove / 21c 1 Output / Old Bird Tseep Detector Redux 1.1 / start 2018-04-28 12:13:20.380667+00:00 / duration 0.536 s.
2018-05-01 14:20:09,784 INFO     Archived clip Forest Grove / 21c 1 Output / Old Bird Tseep Detector Redux 1.1 / start 2018-04-28 12:13:31.060500+00:00 / duration 0.536 s.
2018-05-01 14:20:09,787 INFO     Archived clip Forest Grove / 21c 1 Output / Old Bird Tseep Detector Redux 1.1 / start 2018-04-28 12:13:46.545458+00:00 / duration 0.536 s.
2018-05-01 14:20:10,249 INFO     Archived clip Forest Grove / 21c 1 Output / Old Bird Tseep Detector Redux 1.1 / start 2018-04-28 12:13:50.658542+00:00 / duration 0.236 s.
2018-05-01 14:20:10,252 INFO     Archived clip Forest Grove / 21c 1 Output / Old Bird Tseep Detector Redux 1.1 / start 2018-04-28 12:13:53.470708+00:00 / duration 0.236 s.
2018-05-01 14:20:10,254 INFO     Archived clip Forest Grove / 21c 1 Output / Old Bird Tseep Detector Redux 1.1 / start 2018-04-28 12:14:31.046208+00:00 / duration 0.536 s.
2018-05-01 14:20:10,257 INFO     Archived clip Forest Grove / 21c 1 Output / Old Bird Tseep Detector Redux 1.1 / start 2018-04-28 12:14:42.663000+00:00 / duration 0.536 s.
2018-05-01 14:20:10,260 INFO     Archived clip Forest Grove / 21c 1 Output / Old Bird Tseep Detector Redux 1.1 / start 2018-04-28 12:14:54.986208+00:00 / duration 0.536 s.
2018-05-01 14:20:10,737 INFO     Archived clip Forest Grove / 21c 1 Output / Old Bird Tseep Detector Redux 1.1 / start 2018-04-28 12:14:57.952083+00:00 / duration 0.536 s.
2018-05-01 14:20:10,740 INFO     Archived clip Forest Grove / 21c 1 Output / Old Bird Tseep Detector Redux 1.1 / start 2018-04-28 12:15:03.924875+00:00 / duration 0.536 s.
2018-05-01 14:20:10,743 INFO     Archived clip Forest Grove / 21c 1 Output / Old Bird Tseep Detector Redux 1.1 / start 2018-04-28 12:15:16.194250+00:00 / duration 0.236 s.
2018-05-01 14:20:12,172 INFO     Archived clip Forest Grove / 21c 1 Output / Old Bird Tseep Detector Redux 1.1 / start 2018-04-28 12:15:39.396958+00:00 / duration 0.536 s.
2018-05-01 14:20:12,175 INFO     Archived clip Forest Grove / 21c 1 Output / Old Bird Tseep Detector Redux 1.1 / start 2018-04-28 12:15:48.568208+00:00 / duration 0.536 s.
2018-05-01 14:20:12,178 INFO     Archived clip Forest Grove / 21c 1 Output / Old Bird Tseep Detector Redux 1.1 / start 2018-04-28 12:17:13.628458+00:00 / duration 0.536 s.
2018-05-01 14:20:12,181 INFO     Archived clip Forest Grove / 21c 1 Output / Old Bird Tseep Detector Redux 1.1 / start 2018-04-28 12:17:15.624083+00:00 / duration 0.536 s.
2018-05-01 14:20:12,184 INFO     Archived clip Forest Grove / 21c 1 Output / Old Bird Tseep Detector Redux 1.1 / start 2018-04-28 12:17:19.669000+00:00 / duration 0.236 s.
2018-05-01 14:20:12,187 INFO     Archived clip Forest Grove / 21c 1 Output / Old Bird Tseep Detector Redux 1.1 / start 2018-04-28 12:17:22.265542+00:00 / duration 0.241 s.
2018-05-01 14:20:12,190 INFO     Archived clip Forest Grove / 21c 1 Output / Old Bird Tseep Detector Redux 1.1 / start 2018-04-28 12:17:25.426000+00:00 / duration 0.536 s.
2018-05-01 14:20:12,193 INFO     Archived clip Forest Grove / 21c 1 Output / Old Bird Tseep Detector Redux 1.1 / start 2018-04-28 12:17:27.206042+00:00 / duration 0.536 s.
2018-05-01 14:20:12,196 INFO     Archived clip Forest Grove / 21c 1 Output / Old Bird Tseep Detector Redux 1.1 / start 2018-04-28 12:17:33.511833+00:00 / duration 0.251 s.
2018-05-01 14:20:12,198 INFO     Archived clip Forest Grove / 21c 1 Output / Old Bird Tseep Detector Redux 1.1 / start 2018-04-28 12:17:36.517208+00:00 / duration 0.248 s.
2018-05-01 14:20:12,658 INFO     Archived clip Forest Grove / 21c 1 Output / Old Bird Tseep Detector Redux 1.1 / start 2018-04-28 12:17:38.495042+00:00 / duration 0.242 s.
2018-05-01 14:20:12,660 INFO     Archived clip Forest Grove / 21c 1 Output / Old Bird Tseep Detector Redux 1.1 / start 2018-04-28 12:17:41.474125+00:00 / duration 0.536 s.
2018-05-01 14:20:12,663 INFO     Archived clip Forest Grove / 21c 1 Output / Old Bird Tseep Detector Redux 1.1 / start 2018-04-28 12:18:00.507292+00:00 / duration 0.536 s.
2018-05-01 14:20:12,665 INFO     Archived clip Forest Grove / 21c 1 Output / Old Bird Tseep Detector Redux 1.1 / start 2018-04-28 12:18:16.290792+00:00 / duration 0.536 s.
2018-05-01 14:20:12,668 INFO     Archived clip Forest Grove / 21c 1 Output / Old Bird Tseep Detector Redux 1.1 / start 2018-04-28 12:18:21.351583+00:00 / duration 0.536 s.
2018-05-01 14:20:12,670 INFO     Archived clip Forest Grove / 21c 1 Output / Old Bird Tseep Detector Redux 1.1 / start 2018-04-28 12:18:24.454750+00:00 / duration 0.536 s.
2018-05-01 14:20:13,166 INFO     Archived clip Forest Grove / 21c 1 Output / Old Bird Tseep Detector Redux 1.1 / start 2018-04-28 12:18:31.422792+00:00 / duration 0.536 s.
2018-05-01 14:20:13,634 INFO     Archived clip Forest Grove / 21c 1 Output / Old Bird Tseep Detector Redux 1.1 / start 2018-04-28 12:18:35.322125+00:00 / duration 0.536 s.
2018-05-01 14:20:13,637 INFO     Archived clip Forest Grove / 21c 1 Output / Old Bird Tseep Detector Redux 1.1 / start 2018-04-28 12:18:49.219417+00:00 / duration 0.536 s.
2018-05-01 14:20:13,640 INFO     Archived clip Forest Grove / 21c 1 Output / Old Bird Tseep Detector Redux 1.1 / start 2018-04-28 12:19:21.064542+00:00 / duration 0.536 s.
2018-05-01 14:20:13,643 INFO     Archived clip Forest Grove / 21c 1 Output / Old Bird Tseep Detector Redux 1.1 / start 2018-04-28 12:19:23.692542+00:00 / duration 0.536 s.
2018-05-01 14:20:13,645 INFO     Archived clip Forest Grove / 21c 1 Output / Old Bird Tseep Detector Redux 1.1 / start 2018-04-28 12:19:26.852750+00:00 / duration 0.236 s.
2018-05-01 14:20:13,648 INFO     Archived clip Forest Grove / 21c 1 Output / Old Bird Tseep Detector Redux 1.1 / start 2018-04-28 12:19:28.215417+00:00 / duration 0.536 s.
2018-05-01 14:20:13,651 INFO     Archived clip Forest Grove / 21c 1 Output / Old Bird Tseep Detector Redux 1.1 / start 2018-04-28 12:19:31.214542+00:00 / duration 0.236 s.
2018-05-01 14:20:13,653 INFO     Archived clip Forest Grove / 21c 1 Output / Old Bird Tseep Detector Redux 1.1 / start 2018-04-28 12:19:33.454792+00:00 / duration 0.236 s.
2018-05-01 14:20:13,656 INFO     Archived clip Forest Grove / 21c 1 Output / Old Bird Tseep Detector Redux 1.1 / start 2018-04-28 12:19:34.646000+00:00 / duration 0.236 s.
2018-05-01 14:20:13,658 INFO     Archived clip Forest Grove / 21c 1 Output / Old Bird Tseep Detector Redux 1.1 / start 2018-04-28 12:19:36.985333+00:00 / duration 0.236 s.
2018-05-01 14:20:13,661 INFO     Archived clip Forest Grove / 21c 1 Output / Old Bird Tseep Detector Redux 1.1 / start 2018-04-28 12:19:39.004208+00:00 / duration 0.236 s.
2018-05-01 14:20:13,664 INFO     Archived clip Forest Grove / 21c 1 Output / Old Bird Tseep Detector Redux 1.1 / start 2018-04-28 12:19:49.855958+00:00 / duration 0.536 s.
2018-05-01 14:20:13,666 INFO     Archived clip Forest Grove / 21c 1 Output / Old Bird Tseep Detector Redux 1.1 / start 2018-04-28 12:19:52.717375+00:00 / duration 0.340 s.
2018-05-01 14:20:14,179 INFO     Archived clip Forest Grove / 21c 1 Output / Old Bird Tseep Detector Redux 1.1 / start 2018-04-28 12:19:55.948167+00:00 / duration 0.343 s.
2018-05-01 14:20:14,182 INFO     Archived clip Forest Grove / 21c 1 Output / Old Bird Tseep Detector Redux 1.1 / start 2018-04-28 12:19:58.492875+00:00 / duration 0.536 s.
2018-05-01 14:20:14,185 INFO     Archived clip Forest Grove / 21c 1 Output / Old Bird Tseep Detector Redux 1.1 / start 2018-04-28 12:20:07.628500+00:00 / duration 0.536 s.
2018-05-01 14:20:14,188 INFO     Archived clip Forest Grove / 21c 1 Output / Old Bird Tseep Detector Redux 1.1 / start 2018-04-28 12:20:10.646625+00:00 / duration 0.536 s.
2018-05-01 14:20:14,190 INFO     Archived clip Forest Grove / 21c 1 Output / Old Bird Tseep Detector Redux 1.1 / start 2018-04-28 12:20:11.998458+00:00 / duration 0.536 s.
2018-05-01 14:20:14,193 INFO     Archived clip Forest Grove / 21c 1 Output / Old Bird Tseep Detector Redux 1.1 / start 2018-04-28 12:20:31.218333+00:00 / duration 0.243 s.
2018-05-01 14:20:14,195 INFO     Archived clip Forest Grove / 21c 1 Output / Old Bird Tseep Detector Redux 1.1 / start 2018-04-28 12:20:36.610875+00:00 / duration 0.252 s.
2018-05-01 14:20:14,664 INFO     Archived clip Forest Grove / 21c 1 Output / Old Bird Tseep Detector Redux 1.1 / start 2018-04-28 12:20:40.098667+00:00 / duration 0.255 s.
2018-05-01 14:20:14,667 INFO     Archived clip Forest Grove / 21c 1 Output / Old Bird Tseep Detector Redux 1.1 / start 2018-04-28 12:20:44.666792+00:00 / duration 0.536 s.
2018-05-01 14:20:14,670 INFO     Archived clip Forest Grove / 21c 1 Output / Old Bird Tseep Detector Redux 1.1 / start 2018-04-28 12:20:47.144458+00:00 / duration 0.536 s.
2018-05-01 14:20:14,673 INFO     Archived clip Forest Grove / 21c 1 Output / Old Bird Tseep Detector Redux 1.1 / start 2018-04-28 12:20:48.825708+00:00 / duration 0.536 s.
2018-05-01 14:20:15,605 INFO     Archived clip Forest Grove / 21c 1 Output / Old Bird Tseep Detector Redux 1.1 / start 2018-04-28 12:20:51.036292+00:00 / duration 0.536 s.
2018-05-01 14:20:15,608 INFO     Archived clip Forest Grove / 21c 1 Output / Old Bird Tseep Detector Redux 1.1 / start 2018-04-28 12:21:19.000875+00:00 / duration 0.536 s.
2018-05-01 14:20:19,803 INFO     Archived clip Forest Grove / 21c 1 Output / Old Bird Tseep Detector Redux 1.1 / start 2018-04-28 12:22:40.936000+00:00 / duration 0.262 s.
2018-05-01 14:20:19,807 INFO     Archived clip Forest Grove / 21c 1 Output / Old Bird Tseep Detector Redux 1.1 / start 2018-04-28 12:28:09.082833+00:00 / duration 0.536 s.
2018-05-01 14:20:19,810 INFO     Archived clip Forest Grove / 21c 1 Output / Old Bird Tseep Detector Redux 1.1 / start 2018-04-28 12:28:11.844667+00:00 / duration 0.536 s.
2018-05-01 14:20:19,814 INFO     Archived clip Forest Grove / 21c 1 Output / Old Bird Tseep Detector Redux 1.1 / start 2018-04-28 12:28:14.998542+00:00 / duration 0.536 s.
2018-05-01 14:20:21,794 INFO     Archived clip Forest Grove / 21c 1 Output / Old Bird Tseep Detector Redux 1.1 / start 2018-04-28 12:28:18.919375+00:00 / duration 0.284 s.
2018-05-01 14:20:22,260 INFO     Archived clip Forest Grove / 21c 1 Output / Old Bird Tseep Detector Redux 1.1 / start 2018-04-28 12:30:48.949083+00:00 / duration 0.243 s.
2018-05-01 14:20:22,263 INFO     Archived clip Forest Grove / 21c 1 Output / Old Bird Tseep Detector Redux 1.1 / start 2018-04-28 12:31:07.681375+00:00 / duration 0.536 s.
2018-05-01 14:20:22,267 INFO     Archived clip Forest Grove / 21c 1 Output / Old Bird Tseep Detector Redux 1.1 / start 2018-04-28 12:31:14.711417+00:00 / duration 0.292 s.
2018-05-01 14:20:22,270 INFO     Archived clip Forest Grove / 21c 1 Output / Old Bird Tseep Detector Redux 1.1 / start 2018-04-28 12:31:23.960208+00:00 / duration 0.312 s.
2018-05-01 14:20:22,273 INFO     Archived clip Forest Grove / 21c 1 Output / Old Bird Tseep Detector Redux 1.1 / start 2018-04-28 12:31:24.348042+00:00 / duration 0.293 s.
2018-05-01 14:20:22,276 INFO     Archived clip Forest Grove / 21c 1 Output / Old Bird Tseep Detector Redux 1.1 / start 2018-04-28 12:31:31.282500+00:00 / duration 0.662 s.
2018-05-01 14:20:22,745 INFO     Archived clip Forest Grove / 21c 1 Output / Old Bird Tseep Detector Redux 1.1 / start 2018-04-28 12:31:38.433375+00:00 / duration 0.670 s.
2018-05-01 14:20:22,749 INFO     Archived clip Forest Grove / 21c 1 Output / Old Bird Tseep Detector Redux 1.1 / start 2018-04-28 12:31:54.936000+00:00 / duration 0.288 s.
2018-05-01 14:20:22,753 INFO     Archived clip Forest Grove / 21c 1 Output / Old Bird Tseep Detector Redux 1.1 / start 2018-04-28 12:32:07.790292+00:00 / duration 0.280 s.
2018-05-01 14:20:22,757 INFO     Archived clip Forest Grove / 21c 1 Output / Old Bird Tseep Detector Redux 1.1 / start 2018-04-28 12:32:19.959250+00:00 / duration 0.485 s.
2018-05-01 14:20:25,129 INFO     Archived clip Forest Grove / 21c 1 Output / Old Bird Tseep Detector Redux 1.1 / start 2018-04-28 12:32:26.532500+00:00 / duration 0.671 s.
2018-05-01 14:20:25,134 INFO     Archived clip Forest Grove / 21c 1 Output / Old Bird Tseep Detector Redux 1.1 / start 2018-04-28 12:33:11.248042+00:00 / duration 0.536 s.
2018-05-01 14:20:25,140 INFO     Archived clip Forest Grove / 21c 1 Output / Old Bird Tseep Detector Redux 1.1 / start 2018-04-28 12:34:28.099833+00:00 / duration 0.317 s.
2018-05-01 14:20:25,741 INFO     Archived clip Forest Grove / 21c 1 Output / Old Bird Tseep Detector Redux 1.1 / start 2018-04-28 12:34:34.475750+00:00 / duration 0.632 s.
2018-05-01 14:20:25,745 INFO     Archived clip Forest Grove / 21c 1 Output / Old Bird Tseep Detector Redux 1.1 / start 2018-04-28 12:34:40.261625+00:00 / duration 0.688 s.
2018-05-01 14:20:25,749 INFO     Archived clip Forest Grove / 21c 1 Output / Old Bird Tseep Detector Redux 1.1 / start 2018-04-28 12:34:52.932917+00:00 / duration 0.679 s.
2018-05-01 14:20:25,752 INFO     Archived clip Forest Grove / 21c 1 Output / Old Bird Tseep Detector Redux 1.1 / start 2018-04-28 12:34:59.666000+00:00 / duration 0.675 s.
2018-05-01 14:20:25,754 INFO     Archived clip Forest Grove / 21c 1 Output / Old Bird Tseep Detector Redux 1.1 / start 2018-04-28 12:35:02.333375+00:00 / duration 0.237 s.
2018-05-01 14:20:26,250 INFO     Archived clip Forest Grove / 21c 1 Output / Old Bird Tseep Detector Redux 1.1 / start 2018-04-28 12:35:07.521625+00:00 / duration 0.675 s.
2018-05-01 14:20:26,253 INFO     Archived clip Forest Grove / 21c 1 Output / Old Bird Tseep Detector Redux 1.1 / start 2018-04-28 12:35:28.257000+00:00 / duration 0.536 s.
2018-05-01 14:20:26,255 INFO     Archived clip Forest Grove / 21c 1 Output / Old Bird Tseep Detector Redux 1.1 / start 2018-04-28 12:35:35.147333+00:00 / duration 0.677 s.
2018-05-01 14:20:26,258 INFO     Archived clip Forest Grove / 21c 1 Output / Old Bird Tseep Detector Redux 1.1 / start 2018-04-28 12:35:41.962375+00:00 / duration 0.662 s.
2018-05-01 14:20:26,746 INFO     Archived clip Forest Grove / 21c 1 Output / Old Bird Tseep Detector Redux 1.1 / start 2018-04-28 12:35:52.328875+00:00 / duration 0.536 s.
2018-05-01 14:20:26,750 INFO     Archived clip Forest Grove / 21c 1 Output / Old Bird Tseep Detector Redux 1.1 / start 2018-04-28 12:36:00.622125+00:00 / duration 0.676 s.
2018-05-01 14:20:26,754 INFO     Archived clip Forest Grove / 21c 1 Output / Old Bird Tseep Detector Redux 1.1 / start 2018-04-28 12:36:06.049458+00:00 / duration 0.502 s.
2018-05-01 14:20:26,757 INFO     Archived clip Forest Grove / 21c 1 Output / Old Bird Tseep Detector Redux 1.1 / start 2018-04-28 12:36:10.141417+00:00 / duration 0.678 s.
2018-05-01 14:20:26,760 INFO     Archived clip Forest Grove / 21c 1 Output / Old Bird Tseep Detector Redux 1.1 / start 2018-04-28 12:36:14.770792+00:00 / duration 0.685 s.
2018-05-01 14:20:26,762 INFO     Archived clip Forest Grove / 21c 1 Output / Old Bird Tseep Detector Redux 1.1 / start 2018-04-28 12:36:20.411875+00:00 / duration 0.686 s.
2018-05-01 14:20:26,766 INFO     Archived clip Forest Grove / 21c 1 Output / Old Bird Tseep Detector Redux 1.1 / start 2018-04-28 12:36:25.196000+00:00 / duration 0.536 s.
2018-05-01 14:20:26,770 INFO     Archived clip Forest Grove / 21c 1 Output / Old Bird Tseep Detector Redux 1.1 / start 2018-04-28 12:36:31.552875+00:00 / duration 0.678 s.
2018-05-01 14:20:27,310 INFO     Archived clip Forest Grove / 21c 1 Output / Old Bird Tseep Detector Redux 1.1 / start 2018-04-28 12:36:37.257625+00:00 / duration 0.536 s.
2018-05-01 14:20:27,316 INFO     Archived clip Forest Grove / 21c 1 Output / Old Bird Tseep Detector Redux 1.1 / start 2018-04-28 12:36:42.317167+00:00 / duration 0.536 s.
2018-05-01 14:20:27,321 INFO     Archived clip Forest Grove / 21c 1 Output / Old Bird Tseep Detector Redux 1.1 / start 2018-04-28 12:36:50.972542+00:00 / duration 0.698 s.
2018-05-01 14:20:27,326 INFO     Archived clip Forest Grove / 21c 1 Output / Old Bird Tseep Detector Redux 1.1 / start 2018-04-28 12:36:56.996083+00:00 / duration 0.643 s.
2018-05-01 14:20:27,331 INFO     Archived clip Forest Grove / 21c 1 Output / Old Bird Tseep Detector Redux 1.1 / start 2018-04-28 12:37:02.321292+00:00 / duration 0.536 s.
2018-05-01 14:20:27,336 INFO     Archived clip Forest Grove / 21c 1 Output / Old Bird Tseep Detector Redux 1.1 / start 2018-04-28 12:37:07.870667+00:00 / duration 0.710 s.
2018-05-01 14:20:27,340 INFO     Archived clip Forest Grove / 21c 1 Output / Old Bird Tseep Detector Redux 1.1 / start 2018-04-28 12:37:11.892208+00:00 / duration 0.677 s.
2018-05-01 14:20:27,344 INFO     Archived clip Forest Grove / 21c 1 Output / Old Bird Tseep Detector Redux 1.1 / start 2018-04-28 12:37:16.375417+00:00 / duration 0.689 s.
2018-05-01 14:20:28,104 INFO     Archived clip Forest Grove / 21c 1 Output / Old Bird Tseep Detector Redux 1.1 / start 2018-04-28 12:37:20.625500+00:00 / duration 0.301 s.
2018-05-01 14:20:28,109 INFO     Archived clip Forest Grove / 21c 1 Output / Old Bird Tseep Detector Redux 1.1 / start 2018-04-28 12:37:25.355083+00:00 / duration 0.708 s.
2018-05-01 14:20:28,113 INFO     Archived clip Forest Grove / 21c 1 Output / Old Bird Tseep Detector Redux 1.1 / start 2018-04-28 12:37:29.957583+00:00 / duration 0.646 s.
2018-05-01 14:20:28,118 INFO     Archived clip Forest Grove / 21c 1 Output / Old Bird Tseep Detector Redux 1.1 / start 2018-04-28 12:37:33.681750+00:00 / duration 0.252 s.
2018-05-01 14:20:28,123 INFO     Archived clip Forest Grove / 21c 1 Output / Old Bird Tseep Detector Redux 1.1 / start 2018-04-28 12:37:36.449000+00:00 / duration 0.536 s.
2018-05-01 14:20:28,126 INFO     Archived clip Forest Grove / 21c 1 Output / Old Bird Tseep Detector Redux 1.1 / start 2018-04-28 12:37:40.956875+00:00 / duration 0.697 s.
2018-05-01 14:20:28,129 INFO     Archived clip Forest Grove / 21c 1 Output / Old Bird Tseep Detector Redux 1.1 / start 2018-04-28 12:37:45.539542+00:00 / duration 0.693 s.
2018-05-01 14:20:28,133 INFO     Archived clip Forest Grove / 21c 1 Output / Old Bird Tseep Detector Redux 1.1 / start 2018-04-28 12:37:50.402292+00:00 / duration 0.681 s.
2018-05-01 14:20:28,942 INFO     Archived clip Forest Grove / 21c 1 Output / Old Bird Tseep Detector Redux 1.1 / start 2018-04-28 12:37:55.425833+00:00 / duration 0.319 s.
2018-05-01 14:20:28,947 INFO     Archived clip Forest Grove / 21c 1 Output / Old Bird Tseep Detector Redux 1.1 / start 2018-04-28 12:38:06.202042+00:00 / duration 0.700 s.
2018-05-01 14:20:28,952 INFO     Archived clip Forest Grove / 21c 1 Output / Old Bird Tseep Detector Redux 1.1 / start 2018-04-28 12:38:10.726083+00:00 / duration 0.878 s.
2018-05-01 14:20:28,957 INFO     Archived clip Forest Grove / 21c 1 Output / Old Bird Tseep Detector Redux 1.1 / start 2018-04-28 12:38:16.958708+00:00 / duration 0.730 s.
2018-05-01 14:20:28,963 INFO     Archived clip Forest Grove / 21c 1 Output / Old Bird Tseep Detector Redux 1.1 / start 2018-04-28 12:38:23.108583+00:00 / duration 0.526 s.
2018-05-01 14:20:28,968 INFO     Archived clip Forest Grove / 21c 1 Output / Old Bird Tseep Detector Redux 1.1 / start 2018-04-28 12:38:31.450208+00:00 / duration 0.508 s.
2018-05-01 14:20:28,974 INFO     Archived clip Forest Grove / 21c 1 Output / Old Bird Tseep Detector Redux 1.1 / start 2018-04-28 12:38:36.005833+00:00 / duration 0.536 s.
2018-05-01 14:20:29,815 INFO     Archived clip Forest Grove / 21c 1 Output / Old Bird Tseep Detector Redux 1.1 / start 2018-04-28 12:38:41.995250+00:00 / duration 0.724 s.
2018-05-01 14:20:29,821 INFO     Archived clip Forest Grove / 21c 1 Output / Old Bird Tseep Detector Redux 1.1 / start 2018-04-28 12:38:45.716583+00:00 / duration 0.688 s.
2018-05-01 14:20:29,825 INFO     Archived clip Forest Grove / 21c 1 Output / Old Bird Tseep Detector Redux 1.1 / start 2018-04-28 12:38:50.345875+00:00 / duration 0.672 s.
2018-05-01 14:20:29,830 INFO     Archived clip Forest Grove / 21c 1 Output / Old Bird Tseep Detector Redux 1.1 / start 2018-04-28 12:38:54.118250+00:00 / duration 0.536 s.
2018-05-01 14:20:29,834 INFO     Archived clip Forest Grove / 21c 1 Output / Old Bird Tseep Detector Redux 1.1 / start 2018-04-28 12:38:54.686167+00:00 / duration 0.308 s.
2018-05-01 14:20:29,838 INFO     Archived clip Forest Grove / 21c 1 Output / Old Bird Tseep Detector Redux 1.1 / start 2018-04-28 12:38:58.974583+00:00 / duration 0.492 s.
2018-05-01 14:20:29,842 INFO     Archived clip Forest Grove / 21c 1 Output / Old Bird Tseep Detector Redux 1.1 / start 2018-04-28 12:39:02.764708+00:00 / duration 0.536 s.
2018-05-01 14:20:29,846 INFO     Archived clip Forest Grove / 21c 1 Output / Old Bird Tseep Detector Redux 1.1 / start 2018-04-28 12:39:08.020417+00:00 / duration 0.536 s.
2018-05-01 14:20:29,850 INFO     Archived clip Forest Grove / 21c 1 Output / Old Bird Tseep Detector Redux 1.1 / start 2018-04-28 12:39:12.411542+00:00 / duration 0.536 s.
2018-05-01 14:20:29,855 INFO     Archived clip Forest Grove / 21c 1 Output / Old Bird Tseep Detector Redux 1.1 / start 2018-04-28 12:39:16.568667+00:00 / duration 0.698 s.
2018-05-01 14:20:30,561 INFO     Archived clip Forest Grove / 21c 1 Output / Old Bird Tseep Detector Redux 1.1 / start 2018-04-28 12:39:21.690042+00:00 / duration 0.536 s.
2018-05-01 14:20:30,573 INFO     Archived clip Forest Grove / 21c 1 Output / Old Bird Tseep Detector Redux 1.1 / start 2018-04-28 12:39:26.985500+00:00 / duration 0.536 s.
2018-05-01 14:20:30,579 INFO     Archived clip Forest Grove / 21c 1 Output / Old Bird Tseep Detector Redux 1.1 / start 2018-04-28 12:39:31.070708+00:00 / duration 0.536 s.
2018-05-01 14:20:30,586 INFO     Archived clip Forest Grove / 21c 1 Output / Old Bird Tseep Detector Redux 1.1 / start 2018-04-28 12:39:35.861708+00:00 / duration 0.310 s.
2018-05-01 14:20:30,592 INFO     Archived clip Forest Grove / 21c 1 Output / Old Bird Tseep Detector Redux 1.1 / start 2018-04-28 12:39:36.245417+00:00 / duration 0.299 s.
2018-05-01 14:20:30,596 INFO     Archived clip Forest Grove / 21c 1 Output / Old Bird Tseep Detector Redux 1.1 / start 2018-04-28 12:39:41.808333+00:00 / duration 0.705 s.
2018-05-01 14:20:30,599 INFO     Archived clip Forest Grove / 21c 1 Output / Old Bird Tseep Detector Redux 1.1 / start 2018-04-28 12:39:45.905167+00:00 / duration 0.687 s.
2018-05-01 14:20:30,603 INFO     Archived clip Forest Grove / 21c 1 Output / Old Bird Tseep Detector Redux 1.1 / start 2018-04-28 12:39:51.503167+00:00 / duration 0.536 s.
2018-05-01 14:20:30,608 INFO     Archived clip Forest Grove / 21c 1 Output / Old Bird Tseep Detector Redux 1.1 / start 2018-04-28 12:39:56.922292+00:00 / duration 0.536 s.
2018-05-01 14:20:30,613 INFO     Archived clip Forest Grove / 21c 1 Output / Old Bird Tseep Detector Redux 1.1 / start 2018-04-28 12:40:01.501042+00:00 / duration 0.536 s.
2018-05-01 14:20:31,435 INFO     Archived clip Forest Grove / 21c 1 Output / Old Bird Tseep Detector Redux 1.1 / start 2018-04-28 12:40:06.473167+00:00 / duration 0.536 s.
2018-05-01 14:20:31,440 INFO     Archived clip Forest Grove / 21c 1 Output / Old Bird Tseep Detector Redux 1.1 / start 2018-04-28 12:40:12.090125+00:00 / duration 0.686 s.
2018-05-01 14:20:31,444 INFO     Archived clip Forest Grove / 21c 1 Output / Old Bird Tseep Detector Redux 1.1 / start 2018-04-28 12:40:17.674125+00:00 / duration 0.536 s.
2018-05-01 14:20:31,448 INFO     Archived clip Forest Grove / 21c 1 Output / Old Bird Tseep Detector Redux 1.1 / start 2018-04-28 12:40:23.593792+00:00 / duration 0.697 s.
2018-05-01 14:20:31,451 INFO     Archived clip Forest Grove / 21c 1 Output / Old Bird Tseep Detector Redux 1.1 / start 2018-04-28 12:40:28.925042+00:00 / duration 0.536 s.
2018-05-01 14:20:31,454 INFO     Archived clip Forest Grove / 21c 1 Output / Old Bird Tseep Detector Redux 1.1 / start 2018-04-28 12:40:34.176625+00:00 / duration 0.882 s.
2018-05-01 14:20:31,459 INFO     Archived clip Forest Grove / 21c 1 Output / Old Bird Tseep Detector Redux 1.1 / start 2018-04-28 12:40:38.581750+00:00 / duration 0.884 s.
2018-05-01 14:20:31,465 INFO     Archived clip Forest Grove / 21c 1 Output / Old Bird Tseep Detector Redux 1.1 / start 2018-04-28 12:40:43.053042+00:00 / duration 0.678 s.
2018-05-01 14:20:32,186 INFO     Archived clip Forest Grove / 21c 1 Output / Old Bird Tseep Detector Redux 1.1 / start 2018-04-28 12:40:47.676583+00:00 / duration 0.681 s.
2018-05-01 14:20:32,193 INFO     Archived clip Forest Grove / 21c 1 Output / Old Bird Tseep Detector Redux 1.1 / start 2018-04-28 12:40:56.051958+00:00 / duration 0.682 s.
2018-05-01 14:20:32,199 INFO     Archived clip Forest Grove / 21c 1 Output / Old Bird Tseep Detector Redux 1.1 / start 2018-04-28 12:41:00.344625+00:00 / duration 0.536 s.
2018-05-01 14:20:32,209 INFO     Archived clip Forest Grove / 21c 1 Output / Old Bird Tseep Detector Redux 1.1 / start 2018-04-28 12:41:06.249708+00:00 / duration 0.536 s.
2018-05-01 14:20:32,214 INFO     Archived clip Forest Grove / 21c 1 Output / Old Bird Tseep Detector Redux 1.1 / start 2018-04-28 12:41:12.484792+00:00 / duration 0.693 s.
2018-05-01 14:20:32,220 INFO     Archived clip Forest Grove / 21c 1 Output / Old Bird Tseep Detector Redux 1.1 / start 2018-04-28 12:41:17.545167+00:00 / duration 0.536 s.
2018-05-01 14:20:32,228 INFO     Archived clip Forest Grove / 21c 1 Output / Old Bird Tseep Detector Redux 1.1 / start 2018-04-28 12:41:22.018750+00:00 / duration 0.693 s.
2018-05-01 14:20:32,908 INFO     Archived clip Forest Grove / 21c 1 Output / Old Bird Tseep Detector Redux 1.1 / start 2018-04-28 12:41:27.759083+00:00 / duration 0.536 s.
2018-05-01 14:20:32,911 INFO     Archived clip Forest Grove / 21c 1 Output / Old Bird Tseep Detector Redux 1.1 / start 2018-04-28 12:41:32.150917+00:00 / duration 0.536 s.
2018-05-01 14:20:32,915 INFO     Archived clip Forest Grove / 21c 1 Output / Old Bird Tseep Detector Redux 1.1 / start 2018-04-28 12:41:36.944292+00:00 / duration 0.536 s.
2018-05-01 14:20:32,919 INFO     Archived clip Forest Grove / 21c 1 Output / Old Bird Tseep Detector Redux 1.1 / start 2018-04-28 12:41:51.890583+00:00 / duration 0.520 s.
2018-05-01 14:20:32,924 INFO     Archived clip Forest Grove / 21c 1 Output / Old Bird Tseep Detector Redux 1.1 / start 2018-04-28 12:41:57.040333+00:00 / duration 0.536 s.
2018-05-01 14:20:32,929 INFO     Archived clip Forest Grove / 21c 1 Output / Old Bird Tseep Detector Redux 1.1 / start 2018-04-28 12:42:01.511875+00:00 / duration 0.536 s.
2018-05-01 14:20:32,935 INFO     Archived clip Forest Grove / 21c 1 Output / Old Bird Tseep Detector Redux 1.1 / start 2018-04-28 12:42:06.606917+00:00 / duration 0.536 s.
2018-05-01 14:20:33,498 INFO     Archived clip Forest Grove / 21c 1 Output / Old Bird Tseep Detector Redux 1.1 / start 2018-04-28 12:42:11.248208+00:00 / duration 0.536 s.
2018-05-01 14:20:33,502 INFO     Archived clip Forest Grove / 21c 1 Output / Old Bird Tseep Detector Redux 1.1 / start 2018-04-28 12:42:16.531208+00:00 / duration 0.536 s.
2018-05-01 14:20:33,507 INFO     Archived clip Forest Grove / 21c 1 Output / Old Bird Tseep Detector Redux 1.1 / start 2018-04-28 12:42:21.756125+00:00 / duration 0.536 s.
2018-05-01 14:20:33,510 INFO     Archived clip Forest Grove / 21c 1 Output / Old Bird Tseep Detector Redux 1.1 / start 2018-04-28 12:42:27.676708+00:00 / duration 0.691 s.
2018-05-01 14:20:33,515 INFO     Archived clip Forest Grove / 21c 1 Output / Old Bird Tseep Detector Redux 1.1 / start 2018-04-28 12:42:33.801458+00:00 / duration 0.860 s.
2018-05-01 14:20:33,519 INFO     Archived clip Forest Grove / 21c 1 Output / Old Bird Tseep Detector Redux 1.1 / start 2018-04-28 12:42:40.081000+00:00 / duration 0.536 s.
2018-05-01 14:20:33,524 INFO     Archived clip Forest Grove / 21c 1 Output / Old Bird Tseep Detector Redux 1.1 / start 2018-04-28 12:42:48.790792+00:00 / duration 0.536 s.
2018-05-01 14:20:34,107 INFO     Archived clip Forest Grove / 21c 1 Output / Old Bird Tseep Detector Redux 1.1 / start 2018-04-28 12:42:52.311333+00:00 / duration 0.536 s.
2018-05-01 14:20:34,111 INFO     Archived clip Forest Grove / 21c 1 Output / Old Bird Tseep Detector Redux 1.1 / start 2018-04-28 12:42:57.157917+00:00 / duration 0.536 s.
2018-05-01 14:20:34,117 INFO     Archived clip Forest Grove / 21c 1 Output / Old Bird Tseep Detector Redux 1.1 / start 2018-04-28 12:43:02.444958+00:00 / duration 0.682 s.
2018-05-01 14:20:34,122 INFO     Archived clip Forest Grove / 21c 1 Output / Old Bird Tseep Detector Redux 1.1 / start 2018-04-28 12:43:05.754917+00:00 / duration 0.536 s.
2018-05-01 14:20:34,125 INFO     Archived clip Forest Grove / 21c 1 Output / Old Bird Tseep Detector Redux 1.1 / start 2018-04-28 12:43:09.770667+00:00 / duration 0.536 s.
2018-05-01 14:20:34,129 INFO     Archived clip Forest Grove / 21c 1 Output / Old Bird Tseep Detector Redux 1.1 / start 2018-04-28 12:43:11.044542+00:00 / duration 0.294 s.
2018-05-01 14:20:34,134 INFO     Archived clip Forest Grove / 21c 1 Output / Old Bird Tseep Detector Redux 1.1 / start 2018-04-28 12:43:11.360250+00:00 / duration 0.311 s.
2018-05-01 14:20:34,140 INFO     Archived clip Forest Grove / 21c 1 Output / Old Bird Tseep Detector Redux 1.1 / start 2018-04-28 12:43:12.440333+00:00 / duration 0.536 s.
2018-05-01 14:20:34,145 INFO     Archived clip Forest Grove / 21c 1 Output / Old Bird Tseep Detector Redux 1.1 / start 2018-04-28 12:43:16.887625+00:00 / duration 0.536 s.
2018-05-01 14:20:34,150 INFO     Archived clip Forest Grove / 21c 1 Output / Old Bird Tseep Detector Redux 1.1 / start 2018-04-28 12:43:20.958750+00:00 / duration 0.536 s.
2018-05-01 14:20:34,154 INFO     Archived clip Forest Grove / 21c 1 Output / Old Bird Tseep Detector Redux 1.1 / start 2018-04-28 12:43:24.725417+00:00 / duration 0.536 s.
2018-05-01 14:20:34,158 INFO     Archived clip Forest Grove / 21c 1 Output / Old Bird Tseep Detector Redux 1.1 / start 2018-04-28 12:43:28.557917+00:00 / duration 0.536 s.
2018-05-01 14:20:34,164 INFO     Archived clip Forest Grove / 21c 1 Output / Old Bird Tseep Detector Redux 1.1 / start 2018-04-28 12:43:29.134458+00:00 / duration 0.293 s.
2018-05-01 14:20:34,164 INFO     Ran 2 detectors on 1-channel, 2244-second file in 30 seconds, 148 times faster than real time.
2018-05-01 14:20:34,173 INFO     Job complete.
