2018-05-01 14:34:59,037 INFO     Job started for command "detect" with arguments:
    {'detectors': ['Old Bird Thrush Detector Redux 1.1',
                   'Old Bird Tseep Detector Redux 1.1'],
     'end_date': datetime.date(2018, 4, 24),
     'start_date': datetime.date(2018, 4, 24),
     'stations': ['Forest Grove']}
2018-05-01 14:34:59,048 INFO     Running the following detectors on file "Recordings/Forest Grove_2018-04-25_09.24.06_Z.wav"...
2018-05-01 14:34:59,048 INFO         Old Bird Thrush Detector Redux 1.1
2018-05-01 14:34:59,048 INFO         Old Bird Tseep Detector Redux 1.1
2018-05-01 14:35:00,588 INFO     Archived clip Forest Grove / 21c 1 Output / Old Bird Thrush Detector Redux 1.1 / start 2018-04-25 09:25:46.708118+00:00 / duration 0.627 s.
2018-05-01 14:35:01,065 INFO     Archived clip Forest Grove / 21c 1 Output / Old Bird Thrush Detector Redux 1.1 / start 2018-04-25 09:26:20.877234+00:00 / duration 0.413 s.
2018-05-01 14:35:05,207 INFO     Archived clip Forest Grove / 21c 1 Output / Old Bird Tseep Detector Redux 1.1 / start 2018-04-25 09:26:30.315238+00:00 / duration 0.237 s.
2018-05-01 14:35:05,429 INFO     Archived clip Forest Grove / 21c 1 Output / Old Bird Thrush Detector Redux 1.1 / start 2018-04-25 09:26:28.462948+00:00 / duration 0.418 s.
2018-05-01 14:35:05,432 INFO     Archived clip Forest Grove / 21c 1 Output / Old Bird Thrush Detector Redux 1.1 / start 2018-04-25 09:29:01.788889+00:00 / duration 0.627 s.
2018-05-01 14:35:06,097 INFO     Archived clip Forest Grove / 21c 1 Output / Old Bird Tseep Detector Redux 1.1 / start 2018-04-25 09:28:38.506531+00:00 / duration 0.536 s.
2018-05-01 14:35:06,100 INFO     Archived clip Forest Grove / 21c 1 Output / Old Bird Tseep Detector Redux 1.1 / start 2018-04-25 09:33:49.395283+00:00 / duration 0.536 s.
2018-05-01 14:35:06,762 INFO     Archived clip Forest Grove / 21c 1 Output / Old Bird Thrush Detector Redux 1.1 / start 2018-04-25 09:33:55.933832+00:00 / duration 0.418 s.
2018-05-01 14:35:06,765 INFO     Archived clip Forest Grove / 21c 1 Output / Old Bird Thrush Detector Redux 1.1 / start 2018-04-25 09:35:55.678458+00:00 / duration 0.627 s.
2018-05-01 14:35:06,767 INFO     Archived clip Forest Grove / 21c 1 Output / Old Bird Thrush Detector Redux 1.1 / start 2018-04-25 09:36:30.276961+00:00 / duration 0.413 s.
2018-05-01 14:35:07,204 INFO     Archived clip Forest Grove / 21c 1 Output / Old Bird Thrush Detector Redux 1.1 / start 2018-04-25 09:36:56.377370+00:00 / duration 0.411 s.
2018-05-01 14:35:07,207 INFO     Archived clip Forest Grove / 21c 1 Output / Old Bird Thrush Detector Redux 1.1 / start 2018-04-25 09:37:00.062948+00:00 / duration 0.627 s.
2018-05-01 14:35:08,329 INFO     Archived clip Forest Grove / 21c 1 Output / Old Bird Tseep Detector Redux 1.1 / start 2018-04-25 09:34:45.570930+00:00 / duration 0.536 s.
2018-05-01 14:35:08,334 INFO     Archived clip Forest Grove / 21c 1 Output / Old Bird Tseep Detector Redux 1.1 / start 2018-04-25 09:36:09.079002+00:00 / duration 0.536 s.
2018-05-01 14:35:08,338 INFO     Archived clip Forest Grove / 21c 1 Output / Old Bird Tseep Detector Redux 1.1 / start 2018-04-25 09:38:35.327528+00:00 / duration 0.236 s.
2018-05-01 14:35:09,007 INFO     Archived clip Forest Grove / 21c 1 Output / Old Bird Thrush Detector Redux 1.1 / start 2018-04-25 09:37:41.524354+00:00 / duration 0.413 s.
2018-05-01 14:35:09,009 INFO     Archived clip Forest Grove / 21c 1 Output / Old Bird Thrush Detector Redux 1.1 / start 2018-04-25 09:38:39.502132+00:00 / duration 0.627 s.
2018-05-01 14:35:09,231 INFO     Archived clip Forest Grove / 21c 1 Output / Old Bird Tseep Detector Redux 1.1 / start 2018-04-25 09:38:54.422268+00:00 / duration 0.536 s.
2018-05-01 14:35:09,453 INFO     Archived clip Forest Grove / 21c 1 Output / Old Bird Thrush Detector Redux 1.1 / start 2018-04-25 09:40:18.058866+00:00 / duration 0.421 s.
2018-05-01 14:35:09,456 INFO     Archived clip Forest Grove / 21c 1 Output / Old Bird Thrush Detector Redux 1.1 / start 2018-04-25 09:40:51.601406+00:00 / duration 0.409 s.
2018-05-01 14:35:09,459 INFO     Archived clip Forest Grove / 21c 1 Output / Old Bird Thrush Detector Redux 1.1 / start 2018-04-25 09:40:59.352018+00:00 / duration 0.414 s.
2018-05-01 14:35:10,112 INFO     Archived clip Forest Grove / 21c 1 Output / Old Bird Tseep Detector Redux 1.1 / start 2018-04-25 09:39:09.450385+00:00 / duration 0.536 s.
2018-05-01 14:35:10,116 INFO     Archived clip Forest Grove / 21c 1 Output / Old Bird Tseep Detector Redux 1.1 / start 2018-04-25 09:40:12.409116+00:00 / duration 0.536 s.
2018-05-01 14:35:10,344 INFO     Archived clip Forest Grove / 21c 1 Output / Old Bird Thrush Detector Redux 1.1 / start 2018-04-25 09:41:25.698866+00:00 / duration 0.418 s.
2018-05-01 14:35:10,347 INFO     Archived clip Forest Grove / 21c 1 Output / Old Bird Thrush Detector Redux 1.1 / start 2018-04-25 09:42:14.130612+00:00 / duration 0.418 s.
2018-05-01 14:35:10,565 INFO     Archived clip Forest Grove / 21c 1 Output / Old Bird Tseep Detector Redux 1.1 / start 2018-04-25 09:41:55.089388+00:00 / duration 0.536 s.
2018-05-01 14:35:11,459 INFO     Archived clip Forest Grove / 21c 1 Output / Old Bird Tseep Detector Redux 1.1 / start 2018-04-25 09:42:14.227710+00:00 / duration 0.267 s.
2018-05-01 14:35:11,462 INFO     Archived clip Forest Grove / 21c 1 Output / Old Bird Tseep Detector Redux 1.1 / start 2018-04-25 09:43:43.437279+00:00 / duration 0.536 s.
2018-05-01 14:35:12,158 INFO     Archived clip Forest Grove / 21c 1 Output / Old Bird Thrush Detector Redux 1.1 / start 2018-04-25 09:42:53.864626+00:00 / duration 0.416 s.
2018-05-01 14:35:12,161 INFO     Archived clip Forest Grove / 21c 1 Output / Old Bird Thrush Detector Redux 1.1 / start 2018-04-25 09:45:19.875420+00:00 / duration 0.627 s.
2018-05-01 14:35:14,038 INFO     Archived clip Forest Grove / 21c 1 Output / Old Bird Thrush Detector Redux 1.1 / start 2018-04-25 09:45:46.874195+00:00 / duration 0.408 s.
2018-05-01 14:35:14,040 INFO     Archived clip Forest Grove / 21c 1 Output / Old Bird Thrush Detector Redux 1.1 / start 2018-04-25 09:48:09.777188+00:00 / duration 0.627 s.
2018-05-01 14:35:14,494 INFO     Archived clip Forest Grove / 21c 1 Output / Old Bird Thrush Detector Redux 1.1 / start 2018-04-25 09:48:53.035964+00:00 / duration 0.416 s.
2018-05-01 14:35:15,645 INFO     Archived clip Forest Grove / 21c 1 Output / Old Bird Tseep Detector Redux 1.1 / start 2018-04-25 09:43:52.718639+00:00 / duration 0.236 s.
2018-05-01 14:35:15,648 INFO     Archived clip Forest Grove / 21c 1 Output / Old Bird Tseep Detector Redux 1.1 / start 2018-04-25 09:44:09.763175+00:00 / duration 0.236 s.
2018-05-01 14:35:16,328 INFO     Archived clip Forest Grove / 21c 1 Output / Old Bird Thrush Detector Redux 1.1 / start 2018-04-25 09:49:08.501769+00:00 / duration 0.410 s.
2018-05-01 14:35:16,799 INFO     Archived clip Forest Grove / 21c 1 Output / Old Bird Thrush Detector Redux 1.1 / start 2018-04-25 09:52:11.569388+00:00 / duration 0.419 s.
2018-05-01 14:35:17,267 INFO     Archived clip Forest Grove / 21c 1 Output / Old Bird Thrush Detector Redux 1.1 / start 2018-04-25 09:53:03.719320+00:00 / duration 0.420 s.
2018-05-01 14:35:18,666 INFO     Archived clip Forest Grove / 21c 1 Output / Old Bird Thrush Detector Redux 1.1 / start 2018-04-25 09:53:44.980680+00:00 / duration 0.414 s.
2018-05-01 14:35:19,127 INFO     Archived clip Forest Grove / 21c 1 Output / Old Bird Thrush Detector Redux 1.1 / start 2018-04-25 09:54:09.602086+00:00 / duration 0.627 s.
2018-05-01 14:35:19,358 INFO     Archived clip Forest Grove / 21c 1 Output / Old Bird Tseep Detector Redux 1.1 / start 2018-04-25 09:50:42.549478+00:00 / duration 0.242 s.
2018-05-01 14:35:19,361 INFO     Archived clip Forest Grove / 21c 1 Output / Old Bird Tseep Detector Redux 1.1 / start 2018-04-25 09:55:22.316508+00:00 / duration 0.536 s.
2018-05-01 14:35:19,832 INFO     Archived clip Forest Grove / 21c 1 Output / Old Bird Tseep Detector Redux 1.1 / start 2018-04-25 09:56:38.188844+00:00 / duration 0.238 s.
2018-05-01 14:35:19,835 INFO     Archived clip Forest Grove / 21c 1 Output / Old Bird Tseep Detector Redux 1.1 / start 2018-04-25 09:56:49.990113+00:00 / duration 0.536 s.
2018-05-01 14:35:19,838 INFO     Archived clip Forest Grove / 21c 1 Output / Old Bird Tseep Detector Redux 1.1 / start 2018-04-25 09:58:02.100045+00:00 / duration 0.245 s.
2018-05-01 14:35:20,078 INFO     Archived clip Forest Grove / 21c 1 Output / Old Bird Thrush Detector Redux 1.1 / start 2018-04-25 09:55:51.272653+00:00 / duration 0.627 s.
2018-05-01 14:35:20,082 INFO     Archived clip Forest Grove / 21c 1 Output / Old Bird Thrush Detector Redux 1.1 / start 2018-04-25 09:56:38.096417+00:00 / duration 0.627 s.
2018-05-01 14:35:20,085 INFO     Archived clip Forest Grove / 21c 1 Output / Old Bird Thrush Detector Redux 1.1 / start 2018-04-25 09:58:11.685714+00:00 / duration 0.627 s.
2018-05-01 14:35:20,550 INFO     Archived clip Forest Grove / 21c 1 Output / Old Bird Thrush Detector Redux 1.1 / start 2018-04-25 09:58:27.615873+00:00 / duration 0.412 s.
2018-05-01 14:35:20,553 INFO     Archived clip Forest Grove / 21c 1 Output / Old Bird Thrush Detector Redux 1.1 / start 2018-04-25 09:59:22.721451+00:00 / duration 0.627 s.
2018-05-01 14:35:21,481 INFO     Archived clip Forest Grove / 21c 1 Output / Old Bird Thrush Detector Redux 1.1 / start 2018-04-25 09:59:24.621270+00:00 / duration 0.448 s.
2018-05-01 14:35:21,484 INFO     Archived clip Forest Grove / 21c 1 Output / Old Bird Thrush Detector Redux 1.1 / start 2018-04-25 10:00:39.732653+00:00 / duration 0.418 s.
2018-05-01 14:35:21,487 INFO     Archived clip Forest Grove / 21c 1 Output / Old Bird Thrush Detector Redux 1.1 / start 2018-04-25 10:00:45.472744+00:00 / duration 0.627 s.
2018-05-01 14:35:23,336 INFO     Archived clip Forest Grove / 21c 1 Output / Old Bird Thrush Detector Redux 1.1 / start 2018-04-25 10:00:56.378685+00:00 / duration 0.413 s.
2018-05-01 14:35:25,670 INFO     Archived clip Forest Grove / 21c 1 Output / Old Bird Thrush Detector Redux 1.1 / start 2018-04-25 10:02:13.399229+00:00 / duration 0.627 s.
2018-05-01 14:35:25,672 INFO     Archived clip Forest Grove / 21c 1 Output / Old Bird Thrush Detector Redux 1.1 / start 2018-04-25 10:05:06.141043+00:00 / duration 0.627 s.
2018-05-01 14:35:26,599 INFO     Archived clip Forest Grove / 21c 1 Output / Old Bird Thrush Detector Redux 1.1 / start 2018-04-25 10:07:29.609705+00:00 / duration 0.408 s.
2018-05-01 14:35:26,602 INFO     Archived clip Forest Grove / 21c 1 Output / Old Bird Thrush Detector Redux 1.1 / start 2018-04-25 10:07:34.411066+00:00 / duration 0.627 s.
2018-05-01 14:35:26,832 INFO     Archived clip Forest Grove / 21c 1 Output / Old Bird Tseep Detector Redux 1.1 / start 2018-04-25 09:58:03.722494+00:00 / duration 0.236 s.
2018-05-01 14:35:27,751 INFO     Archived clip Forest Grove / 21c 1 Output / Old Bird Tseep Detector Redux 1.1 / start 2018-04-25 10:08:18.011474+00:00 / duration 0.536 s.
2018-05-01 14:35:27,978 INFO     Archived clip Forest Grove / 21c 1 Output / Old Bird Thrush Detector Redux 1.1 / start 2018-04-25 10:09:04.850476+00:00 / duration 0.418 s.
2018-05-01 14:35:27,981 INFO     Archived clip Forest Grove / 21c 1 Output / Old Bird Thrush Detector Redux 1.1 / start 2018-04-25 10:11:09.855193+00:00 / duration 0.417 s.
2018-05-01 14:35:28,664 INFO     Archived clip Forest Grove / 21c 1 Output / Old Bird Tseep Detector Redux 1.1 / start 2018-04-25 10:09:14.860907+00:00 / duration 0.536 s.
2018-05-01 14:35:28,667 INFO     Archived clip Forest Grove / 21c 1 Output / Old Bird Tseep Detector Redux 1.1 / start 2018-04-25 10:10:35.063175+00:00 / duration 0.236 s.
2018-05-01 14:35:29,318 INFO     Archived clip Forest Grove / 21c 1 Output / Old Bird Thrush Detector Redux 1.1 / start 2018-04-25 10:11:27.888798+00:00 / duration 0.410 s.
2018-05-01 14:35:29,321 INFO     Archived clip Forest Grove / 21c 1 Output / Old Bird Thrush Detector Redux 1.1 / start 2018-04-25 10:13:40.869433+00:00 / duration 0.627 s.
2018-05-01 14:35:29,752 INFO     Archived clip Forest Grove / 21c 1 Output / Old Bird Thrush Detector Redux 1.1 / start 2018-04-25 10:13:46.088299+00:00 / duration 0.418 s.
2018-05-01 14:35:29,755 INFO     Archived clip Forest Grove / 21c 1 Output / Old Bird Thrush Detector Redux 1.1 / start 2018-04-25 10:14:07.469388+00:00 / duration 0.417 s.
2018-05-01 14:35:29,758 INFO     Archived clip Forest Grove / 21c 1 Output / Old Bird Thrush Detector Redux 1.1 / start 2018-04-25 10:14:19.519955+00:00 / duration 0.627 s.
2018-05-01 14:35:29,761 INFO     Archived clip Forest Grove / 21c 1 Output / Old Bird Thrush Detector Redux 1.1 / start 2018-04-25 10:14:29.520091+00:00 / duration 0.627 s.
2018-05-01 14:35:30,834 INFO     Archived clip Forest Grove / 21c 1 Output / Old Bird Tseep Detector Redux 1.1 / start 2018-04-25 10:11:48.043175+00:00 / duration 0.247 s.
2018-05-01 14:35:31,058 INFO     Archived clip Forest Grove / 21c 1 Output / Old Bird Thrush Detector Redux 1.1 / start 2018-04-25 10:14:38.378367+00:00 / duration 0.415 s.
2018-05-01 14:35:31,275 INFO     Archived clip Forest Grove / 21c 1 Output / Old Bird Tseep Detector Redux 1.1 / start 2018-04-25 10:14:50.296100+00:00 / duration 0.236 s.
2018-05-01 14:35:32,164 INFO     Archived clip Forest Grove / 21c 1 Output / Old Bird Tseep Detector Redux 1.1 / start 2018-04-25 10:16:11.063084+00:00 / duration 0.536 s.
2018-05-01 14:35:32,168 INFO     Archived clip Forest Grove / 21c 1 Output / Old Bird Tseep Detector Redux 1.1 / start 2018-04-25 10:16:47.389751+00:00 / duration 0.536 s.
2018-05-01 14:35:33,779 INFO     Archived clip Forest Grove / 21c 1 Output / Old Bird Thrush Detector Redux 1.1 / start 2018-04-25 10:16:47.294739+00:00 / duration 0.413 s.
2018-05-01 14:35:33,782 INFO     Archived clip Forest Grove / 21c 1 Output / Old Bird Thrush Detector Redux 1.1 / start 2018-04-25 10:18:25.984399+00:00 / duration 0.627 s.
2018-05-01 14:35:34,225 INFO     Archived clip Forest Grove / 21c 1 Output / Old Bird Thrush Detector Redux 1.1 / start 2018-04-25 10:20:49.891519+00:00 / duration 0.413 s.
2018-05-01 14:35:34,442 INFO     Archived clip Forest Grove / 21c 1 Output / Old Bird Tseep Detector Redux 1.1 / start 2018-04-25 10:18:09.465805+00:00 / duration 0.291 s.
2018-05-01 14:35:34,445 INFO     Archived clip Forest Grove / 21c 1 Output / Old Bird Tseep Detector Redux 1.1 / start 2018-04-25 10:18:16.984626+00:00 / duration 0.536 s.
2018-05-01 14:35:34,664 INFO     Archived clip Forest Grove / 21c 1 Output / Old Bird Thrush Detector Redux 1.1 / start 2018-04-25 10:21:58.813333+00:00 / duration 0.627 s.
2018-05-01 14:35:34,667 INFO     Archived clip Forest Grove / 21c 1 Output / Old Bird Thrush Detector Redux 1.1 / start 2018-04-25 10:22:04.205578+00:00 / duration 0.627 s.
2018-05-01 14:35:34,884 INFO     Archived clip Forest Grove / 21c 1 Output / Old Bird Tseep Detector Redux 1.1 / start 2018-04-25 10:21:36.477370+00:00 / duration 0.241 s.
2018-05-01 14:35:35,101 INFO     Archived clip Forest Grove / 21c 1 Output / Old Bird Thrush Detector Redux 1.1 / start 2018-04-25 10:22:21.131247+00:00 / duration 0.416 s.
2018-05-01 14:35:35,104 INFO     Archived clip Forest Grove / 21c 1 Output / Old Bird Thrush Detector Redux 1.1 / start 2018-04-25 10:23:31.377279+00:00 / duration 0.412 s.
2018-05-01 14:35:36,856 INFO     Archived clip Forest Grove / 21c 1 Output / Old Bird Thrush Detector Redux 1.1 / start 2018-04-25 10:23:32.817642+00:00 / duration 0.418 s.
2018-05-01 14:35:37,316 INFO     Archived clip Forest Grove / 21c 1 Output / Old Bird Thrush Detector Redux 1.1 / start 2018-04-25 10:26:00.871338+00:00 / duration 0.627 s.
2018-05-01 14:35:39,467 INFO     Archived clip Forest Grove / 21c 1 Output / Old Bird Tseep Detector Redux 1.1 / start 2018-04-25 10:22:21.226032+00:00 / duration 0.283 s.
2018-05-01 14:35:39,470 INFO     Archived clip Forest Grove / 21c 1 Output / Old Bird Tseep Detector Redux 1.1 / start 2018-04-25 10:24:02.480045+00:00 / duration 0.536 s.
2018-05-01 14:35:41,178 INFO     Archived clip Forest Grove / 21c 1 Output / Old Bird Tseep Detector Redux 1.1 / start 2018-04-25 10:30:21.853515+00:00 / duration 0.239 s.
2018-05-01 14:35:41,612 INFO     Archived clip Forest Grove / 21c 1 Output / Old Bird Tseep Detector Redux 1.1 / start 2018-04-25 10:31:18.118458+00:00 / duration 0.536 s.
2018-05-01 14:35:41,615 INFO     Archived clip Forest Grove / 21c 1 Output / Old Bird Tseep Detector Redux 1.1 / start 2018-04-25 10:33:04.863220+00:00 / duration 0.236 s.
2018-05-01 14:35:41,832 INFO     Archived clip Forest Grove / 21c 1 Output / Old Bird Thrush Detector Redux 1.1 / start 2018-04-25 10:26:52.614694+00:00 / duration 0.411 s.
2018-05-01 14:35:42,685 INFO     Archived clip Forest Grove / 21c 1 Output / Old Bird Thrush Detector Redux 1.1 / start 2018-04-25 10:30:06.460181+00:00 / duration 0.627 s.
2018-05-01 14:35:43,119 INFO     Archived clip Forest Grove / 21c 1 Output / Old Bird Thrush Detector Redux 1.1 / start 2018-04-25 10:34:54.242993+00:00 / duration 0.627 s.
2018-05-01 14:35:43,986 INFO     Archived clip Forest Grove / 21c 1 Output / Old Bird Thrush Detector Redux 1.1 / start 2018-04-25 10:36:50.681950+00:00 / duration 0.412 s.
2018-05-01 14:35:44,636 INFO     Archived clip Forest Grove / 21c 1 Output / Old Bird Tseep Detector Redux 1.1 / start 2018-04-25 10:33:54.155782+00:00 / duration 0.237 s.
2018-05-01 14:35:45,528 INFO     Archived clip Forest Grove / 21c 1 Output / Old Bird Tseep Detector Redux 1.1 / start 2018-04-25 10:38:45.190658+00:00 / duration 0.236 s.
2018-05-01 14:35:45,531 INFO     Archived clip Forest Grove / 21c 1 Output / Old Bird Tseep Detector Redux 1.1 / start 2018-04-25 10:39:00.897143+00:00 / duration 0.536 s.
2018-05-01 14:35:45,983 INFO     Archived clip Forest Grove / 21c 1 Output / Old Bird Tseep Detector Redux 1.1 / start 2018-04-25 10:40:32.223764+00:00 / duration 0.241 s.
2018-05-01 14:35:45,987 INFO     Archived clip Forest Grove / 21c 1 Output / Old Bird Tseep Detector Redux 1.1 / start 2018-04-25 10:41:33.912880+00:00 / duration 0.245 s.
2018-05-01 14:35:45,990 INFO     Archived clip Forest Grove / 21c 1 Output / Old Bird Tseep Detector Redux 1.1 / start 2018-04-25 10:41:34.965669+00:00 / duration 0.242 s.
2018-05-01 14:35:46,696 INFO     Archived clip Forest Grove / 21c 1 Output / Old Bird Thrush Detector Redux 1.1 / start 2018-04-25 10:38:24.106395+00:00 / duration 0.519 s.
2018-05-01 14:35:46,699 INFO     Archived clip Forest Grove / 21c 1 Output / Old Bird Thrush Detector Redux 1.1 / start 2018-04-25 10:40:54.310249+00:00 / duration 0.627 s.
2018-05-01 14:35:46,702 INFO     Archived clip Forest Grove / 21c 1 Output / Old Bird Thrush Detector Redux 1.1 / start 2018-04-25 10:43:00.005714+00:00 / duration 0.415 s.
2018-05-01 14:35:47,846 INFO     Archived clip Forest Grove / 21c 1 Output / Old Bird Tseep Detector Redux 1.1 / start 2018-04-25 10:41:36.031837+00:00 / duration 0.238 s.
2018-05-01 14:35:48,079 INFO     Archived clip Forest Grove / 21c 1 Output / Old Bird Thrush Detector Redux 1.1 / start 2018-04-25 10:43:06.922721+00:00 / duration 0.627 s.
2018-05-01 14:35:48,082 INFO     Archived clip Forest Grove / 21c 1 Output / Old Bird Thrush Detector Redux 1.1 / start 2018-04-25 10:43:22.708934+00:00 / duration 0.627 s.
2018-05-01 14:35:48,084 INFO     Archived clip Forest Grove / 21c 1 Output / Old Bird Thrush Detector Redux 1.1 / start 2018-04-25 10:45:01.431111+00:00 / duration 0.627 s.
2018-05-01 14:35:48,088 INFO     Archived clip Forest Grove / 21c 1 Output / Old Bird Thrush Detector Redux 1.1 / start 2018-04-25 10:45:06.285669+00:00 / duration 0.627 s.
2018-05-01 14:35:48,773 INFO     Archived clip Forest Grove / 21c 1 Output / Old Bird Tseep Detector Redux 1.1 / start 2018-04-25 10:44:20.524308+00:00 / duration 0.248 s.
2018-05-01 14:35:49,256 INFO     Archived clip Forest Grove / 21c 1 Output / Old Bird Tseep Detector Redux 1.1 / start 2018-04-25 10:45:24.519501+00:00 / duration 0.536 s.
2018-05-01 14:35:49,259 INFO     Archived clip Forest Grove / 21c 1 Output / Old Bird Tseep Detector Redux 1.1 / start 2018-04-25 10:46:09.328435+00:00 / duration 0.536 s.
2018-05-01 14:35:49,501 INFO     Archived clip Forest Grove / 21c 1 Output / Old Bird Thrush Detector Redux 1.1 / start 2018-04-25 10:45:12.762812+00:00 / duration 0.439 s.
2018-05-01 14:35:50,486 INFO     Archived clip Forest Grove / 21c 1 Output / Old Bird Thrush Detector Redux 1.1 / start 2018-04-25 10:47:27.796916+00:00 / duration 0.419 s.
2018-05-01 14:35:50,489 INFO     Archived clip Forest Grove / 21c 1 Output / Old Bird Thrush Detector Redux 1.1 / start 2018-04-25 10:49:09.371156+00:00 / duration 0.627 s.
2018-05-01 14:35:50,724 INFO     Archived clip Forest Grove / 21c 1 Output / Old Bird Tseep Detector Redux 1.1 / start 2018-04-25 10:47:02.493651+00:00 / duration 0.236 s.
2018-05-01 14:35:51,209 INFO     Archived clip Forest Grove / 21c 1 Output / Old Bird Tseep Detector Redux 1.1 / start 2018-04-25 10:48:09.232290+00:00 / duration 0.536 s.
2018-05-01 14:35:51,212 INFO     Archived clip Forest Grove / 21c 1 Output / Old Bird Tseep Detector Redux 1.1 / start 2018-04-25 10:48:56.614921+00:00 / duration 0.236 s.
2018-05-01 14:35:51,933 INFO     Archived clip Forest Grove / 21c 1 Output / Old Bird Thrush Detector Redux 1.1 / start 2018-04-25 10:49:28.991610+00:00 / duration 0.409 s.
2018-05-01 14:35:53,187 INFO     Archived clip Forest Grove / 21c 1 Output / Old Bird Thrush Detector Redux 1.1 / start 2018-04-25 10:50:55.816644+00:00 / duration 0.627 s.
2018-05-01 14:35:53,192 INFO     Archived clip Forest Grove / 21c 1 Output / Old Bird Thrush Detector Redux 1.1 / start 2018-04-25 10:51:44.397188+00:00 / duration 0.627 s.
2018-05-01 14:35:53,449 INFO     Archived clip Forest Grove / 21c 1 Output / Old Bird Tseep Detector Redux 1.1 / start 2018-04-25 10:49:47.358912+00:00 / duration 0.236 s.
2018-05-01 14:35:53,451 INFO     Archived clip Forest Grove / 21c 1 Output / Old Bird Tseep Detector Redux 1.1 / start 2018-04-25 10:52:44.534331+00:00 / duration 0.236 s.
2018-05-01 14:35:53,454 INFO     Archived clip Forest Grove / 21c 1 Output / Old Bird Tseep Detector Redux 1.1 / start 2018-04-25 10:52:47.777596+00:00 / duration 0.536 s.
2018-05-01 14:35:53,457 INFO     Archived clip Forest Grove / 21c 1 Output / Old Bird Tseep Detector Redux 1.1 / start 2018-04-25 10:52:55.678549+00:00 / duration 0.236 s.
2018-05-01 14:35:53,725 INFO     Archived clip Forest Grove / 21c 1 Output / Old Bird Thrush Detector Redux 1.1 / start 2018-04-25 10:52:55.564082+00:00 / duration 0.428 s.
2018-05-01 14:35:54,199 INFO     Archived clip Forest Grove / 21c 1 Output / Old Bird Thrush Detector Redux 1.1 / start 2018-04-25 10:53:42.348617+00:00 / duration 0.627 s.
2018-05-01 14:35:54,202 INFO     Archived clip Forest Grove / 21c 1 Output / Old Bird Thrush Detector Redux 1.1 / start 2018-04-25 10:53:50.040907+00:00 / duration 0.627 s.
2018-05-01 14:35:54,205 INFO     Archived clip Forest Grove / 21c 1 Output / Old Bird Thrush Detector Redux 1.1 / start 2018-04-25 10:54:05.278413+00:00 / duration 0.627 s.
2018-05-01 14:35:54,690 INFO     Archived clip Forest Grove / 21c 1 Output / Old Bird Thrush Detector Redux 1.1 / start 2018-04-25 10:54:23.899592+00:00 / duration 0.410 s.
2018-05-01 14:35:56,791 INFO     Archived clip Forest Grove / 21c 1 Output / Old Bird Tseep Detector Redux 1.1 / start 2018-04-25 10:53:03.506576+00:00 / duration 0.237 s.
2018-05-01 14:35:56,795 INFO     Archived clip Forest Grove / 21c 1 Output / Old Bird Tseep Detector Redux 1.1 / start 2018-04-25 10:55:12.043175+00:00 / duration 0.236 s.
2018-05-01 14:35:57,497 INFO     Archived clip Forest Grove / 21c 1 Output / Old Bird Thrush Detector Redux 1.1 / start 2018-04-25 10:55:07.877732+00:00 / duration 0.418 s.
2018-05-01 14:35:57,500 INFO     Archived clip Forest Grove / 21c 1 Output / Old Bird Thrush Detector Redux 1.1 / start 2018-04-25 10:55:24.371020+00:00 / duration 0.627 s.
2018-05-01 14:35:57,729 INFO     Archived clip Forest Grove / 21c 1 Output / Old Bird Tseep Detector Redux 1.1 / start 2018-04-25 10:58:01.750930+00:00 / duration 1.033 s.
2018-05-01 14:35:58,418 INFO     Archived clip Forest Grove / 21c 1 Output / Old Bird Thrush Detector Redux 1.1 / start 2018-04-25 10:59:50.526803+00:00 / duration 0.418 s.
2018-05-01 14:35:58,646 INFO     Archived clip Forest Grove / 21c 1 Output / Old Bird Tseep Detector Redux 1.1 / start 2018-04-25 10:58:56.055646+00:00 / duration 0.536 s.
2018-05-01 14:35:58,649 INFO     Archived clip Forest Grove / 21c 1 Output / Old Bird Tseep Detector Redux 1.1 / start 2018-04-25 10:59:38.878005+00:00 / duration 0.536 s.
2018-05-01 14:35:58,876 INFO     Archived clip Forest Grove / 21c 1 Output / Old Bird Thrush Detector Redux 1.1 / start 2018-04-25 11:01:31.805533+00:00 / duration 0.571 s.
2018-05-01 14:35:59,779 INFO     Archived clip Forest Grove / 21c 1 Output / Old Bird Thrush Detector Redux 1.1 / start 2018-04-25 11:02:09.801451+00:00 / duration 0.409 s.
2018-05-01 14:35:59,783 INFO     Archived clip Forest Grove / 21c 1 Output / Old Bird Thrush Detector Redux 1.1 / start 2018-04-25 11:02:15.577279+00:00 / duration 0.627 s.
2018-05-01 14:36:00,006 INFO     Archived clip Forest Grove / 21c 1 Output / Old Bird Tseep Detector Redux 1.1 / start 2018-04-25 11:01:09.496599+00:00 / duration 0.536 s.
2018-05-01 14:36:00,163 INFO     Archived clip Forest Grove / 21c 1 Output / Old Bird Tseep Detector Redux 1.1 / start 2018-04-25 11:01:18.379864+00:00 / duration 0.236 s.
2018-05-01 14:36:00,166 INFO     Archived clip Forest Grove / 21c 1 Output / Old Bird Tseep Detector Redux 1.1 / start 2018-04-25 11:03:32.879864+00:00 / duration 0.536 s.
2018-05-01 14:36:00,170 INFO     Archived clip Forest Grove / 21c 1 Output / Old Bird Thrush Detector Redux 1.1 / start 2018-04-25 11:03:12.910658+00:00 / duration 0.411 s.
2018-05-01 14:36:00,173 INFO     Archived clip Forest Grove / 21c 1 Output / Old Bird Tseep Detector Redux 1.1 / start 2018-04-25 11:03:59.726077+00:00 / duration 0.238 s.
2018-05-01 14:36:00,173 INFO     Ran 2 detectors on 1-channel, 6000-second file in 61 seconds, 196 times faster than real time.
2018-05-01 14:36:00,177 INFO     Job complete.
