2018-05-01 14:02:20,558 INFO     Job started for command "detect" with arguments:
    {'detectors': ['Old Bird Thrush Detector Redux 1.1',
                   'Old Bird Tseep Detector Redux 1.1'],
     'end_date': datetime.date(2018, 4, 20),
     'start_date': datetime.date(2018, 4, 20),
     'stations': ['Forest Grove']}
2018-05-01 14:02:20,567 INFO     Running the following detectors on file "Recordings/Forest Grove_2018-04-21_11.51.28_Z.wav"...
2018-05-01 14:02:20,567 INFO         Old Bird Thrush Detector Redux 1.1
2018-05-01 14:02:20,567 INFO         Old Bird Tseep Detector Redux 1.1
2018-05-01 14:02:21,040 INFO     Archived clip Forest Grove / 21c 1 Output / Old Bird Thrush Detector Redux 1.1 / start 2018-04-21 11:51:33.068118+00:00 / duration 0.627 s.
2018-05-01 14:02:21,043 INFO     Archived clip Forest Grove / 21c 1 Output / Old Bird Thrush Detector Redux 1.1 / start 2018-04-21 11:51:34.190159+00:00 / duration 0.569 s.
2018-05-01 14:02:21,045 INFO     Archived clip Forest Grove / 21c 1 Output / Old Bird Thrush Detector Redux 1.1 / start 2018-04-21 11:51:40.086621+00:00 / duration 0.627 s.
2018-05-01 14:02:21,048 INFO     Archived clip Forest Grove / 21c 1 Output / Old Bird Thrush Detector Redux 1.1 / start 2018-04-21 11:51:44.270340+00:00 / duration 0.627 s.
2018-05-01 14:02:21,050 INFO     Archived clip Forest Grove / 21c 1 Output / Old Bird Thrush Detector Redux 1.1 / start 2018-04-21 11:51:44.999955+00:00 / duration 0.424 s.
2018-05-01 14:02:21,053 INFO     Archived clip Forest Grove / 21c 1 Output / Old Bird Thrush Detector Redux 1.1 / start 2018-04-21 11:51:48.498730+00:00 / duration 0.627 s.
2018-05-01 14:02:21,056 INFO     Archived clip Forest Grove / 21c 1 Output / Old Bird Thrush Detector Redux 1.1 / start 2018-04-21 11:51:49.873288+00:00 / duration 0.627 s.
2018-05-01 14:02:21,058 INFO     Archived clip Forest Grove / 21c 1 Output / Old Bird Thrush Detector Redux 1.1 / start 2018-04-21 11:51:52.950612+00:00 / duration 1.186 s.
2018-05-01 14:02:21,060 INFO     Archived clip Forest Grove / 21c 1 Output / Old Bird Thrush Detector Redux 1.1 / start 2018-04-21 11:51:54.303900+00:00 / duration 0.627 s.
2018-05-01 14:02:21,063 INFO     Archived clip Forest Grove / 21c 1 Output / Old Bird Thrush Detector Redux 1.1 / start 2018-04-21 11:51:58.557642+00:00 / duration 0.627 s.
2018-05-01 14:02:21,065 INFO     Archived clip Forest Grove / 21c 1 Output / Old Bird Thrush Detector Redux 1.1 / start 2018-04-21 11:52:01.815329+00:00 / duration 0.627 s.
2018-05-01 14:02:21,068 INFO     Archived clip Forest Grove / 21c 1 Output / Old Bird Thrush Detector Redux 1.1 / start 2018-04-21 11:52:02.451701+00:00 / duration 0.627 s.
2018-05-01 14:02:21,070 INFO     Archived clip Forest Grove / 21c 1 Output / Old Bird Thrush Detector Redux 1.1 / start 2018-04-21 11:52:06.284853+00:00 / duration 0.442 s.
2018-05-01 14:02:21,526 INFO     Archived clip Forest Grove / 21c 1 Output / Old Bird Thrush Detector Redux 1.1 / start 2018-04-21 11:52:11.037596+00:00 / duration 0.410 s.
2018-05-01 14:02:21,529 INFO     Archived clip Forest Grove / 21c 1 Output / Old Bird Thrush Detector Redux 1.1 / start 2018-04-21 11:52:14.397642+00:00 / duration 0.627 s.
2018-05-01 14:02:21,531 INFO     Archived clip Forest Grove / 21c 1 Output / Old Bird Thrush Detector Redux 1.1 / start 2018-04-21 11:52:15.853605+00:00 / duration 0.402 s.
2018-05-01 14:02:21,534 INFO     Archived clip Forest Grove / 21c 1 Output / Old Bird Thrush Detector Redux 1.1 / start 2018-04-21 11:52:19.061134+00:00 / duration 0.627 s.
2018-05-01 14:02:21,536 INFO     Archived clip Forest Grove / 21c 1 Output / Old Bird Thrush Detector Redux 1.1 / start 2018-04-21 11:52:19.793379+00:00 / duration 0.627 s.
2018-05-01 14:02:21,539 INFO     Archived clip Forest Grove / 21c 1 Output / Old Bird Thrush Detector Redux 1.1 / start 2018-04-21 11:52:23.887392+00:00 / duration 0.627 s.
2018-05-01 14:02:21,541 INFO     Archived clip Forest Grove / 21c 1 Output / Old Bird Thrush Detector Redux 1.1 / start 2018-04-21 11:52:25.938050+00:00 / duration 0.627 s.
2018-05-01 14:02:21,544 INFO     Archived clip Forest Grove / 21c 1 Output / Old Bird Thrush Detector Redux 1.1 / start 2018-04-21 11:52:29.106803+00:00 / duration 0.627 s.
2018-05-01 14:02:21,546 INFO     Archived clip Forest Grove / 21c 1 Output / Old Bird Thrush Detector Redux 1.1 / start 2018-04-21 11:52:33.800408+00:00 / duration 0.627 s.
2018-05-01 14:02:21,549 INFO     Archived clip Forest Grove / 21c 1 Output / Old Bird Thrush Detector Redux 1.1 / start 2018-04-21 11:52:37.523447+00:00 / duration 0.542 s.
2018-05-01 14:02:21,552 INFO     Archived clip Forest Grove / 21c 1 Output / Old Bird Thrush Detector Redux 1.1 / start 2018-04-21 11:52:42.610930+00:00 / duration 0.480 s.
2018-05-01 14:02:21,554 INFO     Archived clip Forest Grove / 21c 1 Output / Old Bird Thrush Detector Redux 1.1 / start 2018-04-21 11:52:46.945578+00:00 / duration 0.627 s.
2018-05-01 14:02:21,556 INFO     Archived clip Forest Grove / 21c 1 Output / Old Bird Thrush Detector Redux 1.1 / start 2018-04-21 11:52:52.574921+00:00 / duration 0.585 s.
2018-05-01 14:02:22,018 INFO     Archived clip Forest Grove / 21c 1 Output / Old Bird Thrush Detector Redux 1.1 / start 2018-04-21 11:52:58.148345+00:00 / duration 0.454 s.
2018-05-01 14:02:22,020 INFO     Archived clip Forest Grove / 21c 1 Output / Old Bird Thrush Detector Redux 1.1 / start 2018-04-21 11:53:06.692063+00:00 / duration 0.422 s.
2018-05-01 14:02:22,023 INFO     Archived clip Forest Grove / 21c 1 Output / Old Bird Thrush Detector Redux 1.1 / start 2018-04-21 11:53:11.642585+00:00 / duration 0.627 s.
2018-05-01 14:02:22,026 INFO     Archived clip Forest Grove / 21c 1 Output / Old Bird Thrush Detector Redux 1.1 / start 2018-04-21 11:53:16.902721+00:00 / duration 0.627 s.
2018-05-01 14:02:22,028 INFO     Archived clip Forest Grove / 21c 1 Output / Old Bird Thrush Detector Redux 1.1 / start 2018-04-21 11:53:17.606984+00:00 / duration 0.627 s.
2018-05-01 14:02:22,031 INFO     Archived clip Forest Grove / 21c 1 Output / Old Bird Thrush Detector Redux 1.1 / start 2018-04-21 11:53:21.980000+00:00 / duration 0.627 s.
2018-05-01 14:02:22,033 INFO     Archived clip Forest Grove / 21c 1 Output / Old Bird Thrush Detector Redux 1.1 / start 2018-04-21 11:53:22.675782+00:00 / duration 0.580 s.
2018-05-01 14:02:22,036 INFO     Archived clip Forest Grove / 21c 1 Output / Old Bird Thrush Detector Redux 1.1 / start 2018-04-21 11:53:26.887574+00:00 / duration 1.145 s.
2018-05-01 14:02:22,038 INFO     Archived clip Forest Grove / 21c 1 Output / Old Bird Thrush Detector Redux 1.1 / start 2018-04-21 11:53:31.224943+00:00 / duration 0.627 s.
2018-05-01 14:02:22,041 INFO     Archived clip Forest Grove / 21c 1 Output / Old Bird Thrush Detector Redux 1.1 / start 2018-04-21 11:53:31.908254+00:00 / duration 0.584 s.
2018-05-01 14:02:22,043 INFO     Archived clip Forest Grove / 21c 1 Output / Old Bird Thrush Detector Redux 1.1 / start 2018-04-21 11:53:38.568753+00:00 / duration 0.627 s.
2018-05-01 14:02:22,046 INFO     Archived clip Forest Grove / 21c 1 Output / Old Bird Thrush Detector Redux 1.1 / start 2018-04-21 11:53:41.962540+00:00 / duration 0.627 s.
2018-05-01 14:02:22,510 INFO     Archived clip Forest Grove / 21c 1 Output / Old Bird Thrush Detector Redux 1.1 / start 2018-04-21 11:53:42.622766+00:00 / duration 0.424 s.
2018-05-01 14:02:22,513 INFO     Archived clip Forest Grove / 21c 1 Output / Old Bird Thrush Detector Redux 1.1 / start 2018-04-21 11:53:46.874467+00:00 / duration 0.422 s.
2018-05-01 14:02:22,515 INFO     Archived clip Forest Grove / 21c 1 Output / Old Bird Thrush Detector Redux 1.1 / start 2018-04-21 11:53:47.375556+00:00 / duration 0.627 s.
2018-05-01 14:02:22,518 INFO     Archived clip Forest Grove / 21c 1 Output / Old Bird Thrush Detector Redux 1.1 / start 2018-04-21 11:53:51.823265+00:00 / duration 0.627 s.
2018-05-01 14:02:22,520 INFO     Archived clip Forest Grove / 21c 1 Output / Old Bird Thrush Detector Redux 1.1 / start 2018-04-21 11:53:56.093515+00:00 / duration 1.166 s.
2018-05-01 14:02:22,523 INFO     Archived clip Forest Grove / 21c 1 Output / Old Bird Thrush Detector Redux 1.1 / start 2018-04-21 11:54:01.141270+00:00 / duration 0.627 s.
2018-05-01 14:02:22,526 INFO     Archived clip Forest Grove / 21c 1 Output / Old Bird Thrush Detector Redux 1.1 / start 2018-04-21 11:54:02.293333+00:00 / duration 0.556 s.
2018-05-01 14:02:22,528 INFO     Archived clip Forest Grove / 21c 1 Output / Old Bird Thrush Detector Redux 1.1 / start 2018-04-21 11:54:08.218322+00:00 / duration 0.476 s.
2018-05-01 14:02:22,531 INFO     Archived clip Forest Grove / 21c 1 Output / Old Bird Thrush Detector Redux 1.1 / start 2018-04-21 11:54:13.059002+00:00 / duration 0.487 s.
2018-05-01 14:02:22,533 INFO     Archived clip Forest Grove / 21c 1 Output / Old Bird Thrush Detector Redux 1.1 / start 2018-04-21 11:54:17.541179+00:00 / duration 0.496 s.
2018-05-01 14:02:22,536 INFO     Archived clip Forest Grove / 21c 1 Output / Old Bird Thrush Detector Redux 1.1 / start 2018-04-21 11:54:19.838821+00:00 / duration 0.627 s.
2018-05-01 14:02:23,000 INFO     Archived clip Forest Grove / 21c 1 Output / Old Bird Thrush Detector Redux 1.1 / start 2018-04-21 11:54:24.782812+00:00 / duration 0.481 s.
2018-05-01 14:02:23,003 INFO     Archived clip Forest Grove / 21c 1 Output / Old Bird Thrush Detector Redux 1.1 / start 2018-04-21 11:54:29.578050+00:00 / duration 0.627 s.
2018-05-01 14:02:23,006 INFO     Archived clip Forest Grove / 21c 1 Output / Old Bird Thrush Detector Redux 1.1 / start 2018-04-21 11:54:37.262902+00:00 / duration 0.475 s.
2018-05-01 14:02:23,008 INFO     Archived clip Forest Grove / 21c 1 Output / Old Bird Thrush Detector Redux 1.1 / start 2018-04-21 11:54:54.992109+00:00 / duration 0.412 s.
2018-05-01 14:02:23,011 INFO     Archived clip Forest Grove / 21c 1 Output / Old Bird Thrush Detector Redux 1.1 / start 2018-04-21 11:54:57.126259+00:00 / duration 0.409 s.
2018-05-01 14:02:23,480 INFO     Archived clip Forest Grove / 21c 1 Output / Old Bird Thrush Detector Redux 1.1 / start 2018-04-21 11:54:58.775147+00:00 / duration 0.627 s.
2018-05-01 14:02:23,483 INFO     Archived clip Forest Grove / 21c 1 Output / Old Bird Thrush Detector Redux 1.1 / start 2018-04-21 11:55:07.585533+00:00 / duration 0.627 s.
2018-05-01 14:02:23,486 INFO     Archived clip Forest Grove / 21c 1 Output / Old Bird Thrush Detector Redux 1.1 / start 2018-04-21 11:55:20.486349+00:00 / duration 0.412 s.
2018-05-01 14:02:23,488 INFO     Archived clip Forest Grove / 21c 1 Output / Old Bird Thrush Detector Redux 1.1 / start 2018-04-21 11:55:50.058957+00:00 / duration 0.627 s.
2018-05-01 14:02:23,963 INFO     Archived clip Forest Grove / 21c 1 Output / Old Bird Thrush Detector Redux 1.1 / start 2018-04-21 11:55:50.724263+00:00 / duration 0.627 s.
2018-05-01 14:02:24,401 INFO     Archived clip Forest Grove / 21c 1 Output / Old Bird Thrush Detector Redux 1.1 / start 2018-04-21 11:55:55.026077+00:00 / duration 0.627 s.
2018-05-01 14:02:24,404 INFO     Archived clip Forest Grove / 21c 1 Output / Old Bird Thrush Detector Redux 1.1 / start 2018-04-21 11:56:36.396463+00:00 / duration 0.627 s.
2018-05-01 14:02:24,866 INFO     Archived clip Forest Grove / 21c 1 Output / Old Bird Thrush Detector Redux 1.1 / start 2018-04-21 11:57:04.312653+00:00 / duration 0.627 s.
2018-05-01 14:02:24,869 INFO     Archived clip Forest Grove / 21c 1 Output / Old Bird Thrush Detector Redux 1.1 / start 2018-04-21 11:57:15.512290+00:00 / duration 0.627 s.
2018-05-01 14:02:24,871 INFO     Archived clip Forest Grove / 21c 1 Output / Old Bird Thrush Detector Redux 1.1 / start 2018-04-21 11:57:47.011429+00:00 / duration 0.627 s.
2018-05-01 14:02:24,874 INFO     Archived clip Forest Grove / 21c 1 Output / Old Bird Thrush Detector Redux 1.1 / start 2018-04-21 11:57:51.392698+00:00 / duration 0.627 s.
2018-05-01 14:02:24,876 INFO     Archived clip Forest Grove / 21c 1 Output / Old Bird Thrush Detector Redux 1.1 / start 2018-04-21 11:57:55.252154+00:00 / duration 0.627 s.
2018-05-01 14:02:24,879 INFO     Archived clip Forest Grove / 21c 1 Output / Old Bird Thrush Detector Redux 1.1 / start 2018-04-21 11:57:56.456281+00:00 / duration 0.627 s.
2018-05-01 14:02:24,881 INFO     Archived clip Forest Grove / 21c 1 Output / Old Bird Thrush Detector Redux 1.1 / start 2018-04-21 11:58:00.277098+00:00 / duration 0.627 s.
2018-05-01 14:02:24,884 INFO     Archived clip Forest Grove / 21c 1 Output / Old Bird Thrush Detector Redux 1.1 / start 2018-04-21 11:58:05.126213+00:00 / duration 0.476 s.
2018-05-01 14:02:24,886 INFO     Archived clip Forest Grove / 21c 1 Output / Old Bird Thrush Detector Redux 1.1 / start 2018-04-21 11:58:09.759728+00:00 / duration 0.487 s.
2018-05-01 14:02:25,339 INFO     Archived clip Forest Grove / 21c 1 Output / Old Bird Thrush Detector Redux 1.1 / start 2018-04-21 11:58:14.140952+00:00 / duration 0.504 s.
2018-05-01 14:02:25,342 INFO     Archived clip Forest Grove / 21c 1 Output / Old Bird Thrush Detector Redux 1.1 / start 2018-04-21 11:58:18.050612+00:00 / duration 0.475 s.
2018-05-01 14:02:25,346 INFO     Archived clip Forest Grove / 21c 1 Output / Old Bird Thrush Detector Redux 1.1 / start 2018-04-21 11:58:22.447755+00:00 / duration 0.404 s.
2018-05-01 14:02:25,350 INFO     Archived clip Forest Grove / 21c 1 Output / Old Bird Thrush Detector Redux 1.1 / start 2018-04-21 11:58:25.609116+00:00 / duration 0.627 s.
2018-05-01 14:02:25,352 INFO     Archived clip Forest Grove / 21c 1 Output / Old Bird Thrush Detector Redux 1.1 / start 2018-04-21 11:58:26.316009+00:00 / duration 0.411 s.
2018-05-01 14:02:25,355 INFO     Archived clip Forest Grove / 21c 1 Output / Old Bird Thrush Detector Redux 1.1 / start 2018-04-21 11:58:31.791156+00:00 / duration 0.411 s.
2018-05-01 14:02:25,808 INFO     Archived clip Forest Grove / 21c 1 Output / Old Bird Thrush Detector Redux 1.1 / start 2018-04-21 11:58:36.678821+00:00 / duration 0.459 s.
2018-05-01 14:02:25,811 INFO     Archived clip Forest Grove / 21c 1 Output / Old Bird Thrush Detector Redux 1.1 / start 2018-04-21 11:59:06.760998+00:00 / duration 0.415 s.
2018-05-01 14:02:25,813 INFO     Archived clip Forest Grove / 21c 1 Output / Old Bird Thrush Detector Redux 1.1 / start 2018-04-21 11:59:10.882132+00:00 / duration 0.627 s.
2018-05-01 14:02:25,816 INFO     Archived clip Forest Grove / 21c 1 Output / Old Bird Thrush Detector Redux 1.1 / start 2018-04-21 11:59:11.597370+00:00 / duration 0.472 s.
2018-05-01 14:02:25,818 INFO     Archived clip Forest Grove / 21c 1 Output / Old Bird Thrush Detector Redux 1.1 / start 2018-04-21 11:59:14.642313+00:00 / duration 0.627 s.
2018-05-01 14:02:25,821 INFO     Archived clip Forest Grove / 21c 1 Output / Old Bird Thrush Detector Redux 1.1 / start 2018-04-21 11:59:16.258639+00:00 / duration 0.449 s.
2018-05-01 14:02:25,823 INFO     Archived clip Forest Grove / 21c 1 Output / Old Bird Thrush Detector Redux 1.1 / start 2018-04-21 11:59:22.270884+00:00 / duration 0.418 s.
2018-05-01 14:02:25,825 INFO     Archived clip Forest Grove / 21c 1 Output / Old Bird Thrush Detector Redux 1.1 / start 2018-04-21 11:59:26.529388+00:00 / duration 0.413 s.
2018-05-01 14:02:25,828 INFO     Archived clip Forest Grove / 21c 1 Output / Old Bird Thrush Detector Redux 1.1 / start 2018-04-21 11:59:30.396417+00:00 / duration 0.551 s.
2018-05-01 14:02:25,830 INFO     Archived clip Forest Grove / 21c 1 Output / Old Bird Thrush Detector Redux 1.1 / start 2018-04-21 11:59:34.405351+00:00 / duration 0.627 s.
2018-05-01 14:02:25,833 INFO     Archived clip Forest Grove / 21c 1 Output / Old Bird Thrush Detector Redux 1.1 / start 2018-04-21 11:59:36.484717+00:00 / duration 1.163 s.
2018-05-01 14:02:26,285 INFO     Archived clip Forest Grove / 21c 1 Output / Old Bird Thrush Detector Redux 1.1 / start 2018-04-21 11:59:40.468435+00:00 / duration 0.627 s.
2018-05-01 14:02:26,288 INFO     Archived clip Forest Grove / 21c 1 Output / Old Bird Thrush Detector Redux 1.1 / start 2018-04-21 11:59:45.203175+00:00 / duration 0.627 s.
2018-05-01 14:02:26,291 INFO     Archived clip Forest Grove / 21c 1 Output / Old Bird Thrush Detector Redux 1.1 / start 2018-04-21 11:59:48.847166+00:00 / duration 1.097 s.
2018-05-01 14:02:26,293 INFO     Archived clip Forest Grove / 21c 1 Output / Old Bird Thrush Detector Redux 1.1 / start 2018-04-21 11:59:53.825306+00:00 / duration 0.627 s.
2018-05-01 14:02:26,298 INFO     Archived clip Forest Grove / 21c 1 Output / Old Bird Thrush Detector Redux 1.1 / start 2018-04-21 12:00:00.172925+00:00 / duration 0.627 s.
2018-05-01 14:02:26,301 INFO     Archived clip Forest Grove / 21c 1 Output / Old Bird Thrush Detector Redux 1.1 / start 2018-04-21 12:00:04.232608+00:00 / duration 0.627 s.
2018-05-01 14:02:26,746 INFO     Archived clip Forest Grove / 21c 1 Output / Old Bird Thrush Detector Redux 1.1 / start 2018-04-21 12:00:05.588118+00:00 / duration 0.458 s.
2018-05-01 14:02:26,749 INFO     Archived clip Forest Grove / 21c 1 Output / Old Bird Thrush Detector Redux 1.1 / start 2018-04-21 12:00:33.312744+00:00 / duration 0.627 s.
2018-05-01 14:02:26,751 INFO     Archived clip Forest Grove / 21c 1 Output / Old Bird Thrush Detector Redux 1.1 / start 2018-04-21 12:00:44.921224+00:00 / duration 0.627 s.
2018-05-01 14:02:26,754 INFO     Archived clip Forest Grove / 21c 1 Output / Old Bird Thrush Detector Redux 1.1 / start 2018-04-21 12:00:54.059909+00:00 / duration 0.627 s.
2018-05-01 14:02:27,223 INFO     Archived clip Forest Grove / 21c 1 Output / Old Bird Thrush Detector Redux 1.1 / start 2018-04-21 12:01:08.420045+00:00 / duration 0.416 s.
2018-05-01 14:02:27,226 INFO     Archived clip Forest Grove / 21c 1 Output / Old Bird Thrush Detector Redux 1.1 / start 2018-04-21 12:01:18.631746+00:00 / duration 0.627 s.
2018-05-01 14:02:27,228 INFO     Archived clip Forest Grove / 21c 1 Output / Old Bird Thrush Detector Redux 1.1 / start 2018-04-21 12:01:22.737687+00:00 / duration 0.627 s.
2018-05-01 14:02:27,231 INFO     Archived clip Forest Grove / 21c 1 Output / Old Bird Thrush Detector Redux 1.1 / start 2018-04-21 12:01:23.470113+00:00 / duration 0.627 s.
2018-05-01 14:02:27,233 INFO     Archived clip Forest Grove / 21c 1 Output / Old Bird Thrush Detector Redux 1.1 / start 2018-04-21 12:01:26.666667+00:00 / duration 0.627 s.
2018-05-01 14:02:27,236 INFO     Archived clip Forest Grove / 21c 1 Output / Old Bird Thrush Detector Redux 1.1 / start 2018-04-21 12:01:30.440454+00:00 / duration 0.563 s.
2018-05-01 14:02:27,239 INFO     Archived clip Forest Grove / 21c 1 Output / Old Bird Thrush Detector Redux 1.1 / start 2018-04-21 12:01:33.286259+00:00 / duration 0.547 s.
2018-05-01 14:02:27,242 INFO     Archived clip Forest Grove / 21c 1 Output / Old Bird Thrush Detector Redux 1.1 / start 2018-04-21 12:01:33.960181+00:00 / duration 0.592 s.
2018-05-01 14:02:27,245 INFO     Archived clip Forest Grove / 21c 1 Output / Old Bird Thrush Detector Redux 1.1 / start 2018-04-21 12:01:38.252381+00:00 / duration 0.444 s.
2018-05-01 14:02:27,248 INFO     Archived clip Forest Grove / 21c 1 Output / Old Bird Thrush Detector Redux 1.1 / start 2018-04-21 12:01:39.643537+00:00 / duration 0.627 s.
2018-05-01 14:02:27,250 INFO     Archived clip Forest Grove / 21c 1 Output / Old Bird Thrush Detector Redux 1.1 / start 2018-04-21 12:01:43.196145+00:00 / duration 0.540 s.
2018-05-01 14:02:27,253 INFO     Archived clip Forest Grove / 21c 1 Output / Old Bird Thrush Detector Redux 1.1 / start 2018-04-21 12:01:43.877596+00:00 / duration 0.627 s.
2018-05-01 14:02:27,257 INFO     Archived clip Forest Grove / 21c 1 Output / Old Bird Thrush Detector Redux 1.1 / start 2018-04-21 12:01:50.701406+00:00 / duration 0.627 s.
2018-05-01 14:02:27,260 INFO     Archived clip Forest Grove / 21c 1 Output / Old Bird Thrush Detector Redux 1.1 / start 2018-04-21 12:01:54.876689+00:00 / duration 0.627 s.
2018-05-01 14:02:27,263 INFO     Archived clip Forest Grove / 21c 1 Output / Old Bird Thrush Detector Redux 1.1 / start 2018-04-21 12:01:58.144989+00:00 / duration 0.469 s.
2018-05-01 14:02:27,717 INFO     Archived clip Forest Grove / 21c 1 Output / Old Bird Thrush Detector Redux 1.1 / start 2018-04-21 12:01:58.796916+00:00 / duration 0.540 s.
2018-05-01 14:02:27,721 INFO     Archived clip Forest Grove / 21c 1 Output / Old Bird Thrush Detector Redux 1.1 / start 2018-04-21 12:02:02.676735+00:00 / duration 0.627 s.
2018-05-01 14:02:27,725 INFO     Archived clip Forest Grove / 21c 1 Output / Old Bird Thrush Detector Redux 1.1 / start 2018-04-21 12:02:03.838413+00:00 / duration 0.627 s.
2018-05-01 14:02:27,728 INFO     Archived clip Forest Grove / 21c 1 Output / Old Bird Thrush Detector Redux 1.1 / start 2018-04-21 12:02:07.670068+00:00 / duration 0.627 s.
2018-05-01 14:02:27,731 INFO     Archived clip Forest Grove / 21c 1 Output / Old Bird Thrush Detector Redux 1.1 / start 2018-04-21 12:02:08.427574+00:00 / duration 0.627 s.
2018-05-01 14:02:27,733 INFO     Archived clip Forest Grove / 21c 1 Output / Old Bird Thrush Detector Redux 1.1 / start 2018-04-21 12:02:12.543537+00:00 / duration 0.627 s.
2018-05-01 14:02:27,736 INFO     Archived clip Forest Grove / 21c 1 Output / Old Bird Thrush Detector Redux 1.1 / start 2018-04-21 12:02:13.246213+00:00 / duration 0.510 s.
2018-05-01 14:02:27,740 INFO     Archived clip Forest Grove / 21c 1 Output / Old Bird Thrush Detector Redux 1.1 / start 2018-04-21 12:02:16.916961+00:00 / duration 0.627 s.
2018-05-01 14:02:27,743 INFO     Archived clip Forest Grove / 21c 1 Output / Old Bird Thrush Detector Redux 1.1 / start 2018-04-21 12:02:27.835147+00:00 / duration 0.627 s.
2018-05-01 14:02:27,746 INFO     Archived clip Forest Grove / 21c 1 Output / Old Bird Thrush Detector Redux 1.1 / start 2018-04-21 12:02:32.218639+00:00 / duration 0.441 s.
2018-05-01 14:02:28,199 INFO     Archived clip Forest Grove / 21c 1 Output / Old Bird Thrush Detector Redux 1.1 / start 2018-04-21 12:02:36.083401+00:00 / duration 0.518 s.
2018-05-01 14:02:28,202 INFO     Archived clip Forest Grove / 21c 1 Output / Old Bird Thrush Detector Redux 1.1 / start 2018-04-21 12:02:55.520544+00:00 / duration 0.627 s.
2018-05-01 14:02:28,205 INFO     Archived clip Forest Grove / 21c 1 Output / Old Bird Thrush Detector Redux 1.1 / start 2018-04-21 12:03:00.350839+00:00 / duration 0.476 s.
2018-05-01 14:02:28,207 INFO     Archived clip Forest Grove / 21c 1 Output / Old Bird Thrush Detector Redux 1.1 / start 2018-04-21 12:03:07.493651+00:00 / duration 1.061 s.
2018-05-01 14:02:28,210 INFO     Archived clip Forest Grove / 21c 1 Output / Old Bird Thrush Detector Redux 1.1 / start 2018-04-21 12:03:13.219184+00:00 / duration 0.412 s.
2018-05-01 14:02:28,212 INFO     Archived clip Forest Grove / 21c 1 Output / Old Bird Thrush Detector Redux 1.1 / start 2018-04-21 12:03:14.478685+00:00 / duration 0.412 s.
2018-05-01 14:02:28,215 INFO     Archived clip Forest Grove / 21c 1 Output / Old Bird Thrush Detector Redux 1.1 / start 2018-04-21 12:03:18.231293+00:00 / duration 0.410 s.
2018-05-01 14:02:28,217 INFO     Archived clip Forest Grove / 21c 1 Output / Old Bird Thrush Detector Redux 1.1 / start 2018-04-21 12:03:25.379909+00:00 / duration 0.410 s.
2018-05-01 14:02:28,664 INFO     Archived clip Forest Grove / 21c 1 Output / Old Bird Thrush Detector Redux 1.1 / start 2018-04-21 12:03:30.733832+00:00 / duration 0.409 s.
2018-05-01 14:02:28,667 INFO     Archived clip Forest Grove / 21c 1 Output / Old Bird Thrush Detector Redux 1.1 / start 2018-04-21 12:03:32.984399+00:00 / duration 0.627 s.
2018-05-01 14:02:29,124 INFO     Archived clip Forest Grove / 21c 1 Output / Old Bird Thrush Detector Redux 1.1 / start 2018-04-21 12:03:38.831338+00:00 / duration 0.410 s.
2018-05-01 14:02:29,127 INFO     Archived clip Forest Grove / 21c 1 Output / Old Bird Thrush Detector Redux 1.1 / start 2018-04-21 12:04:26.408435+00:00 / duration 0.627 s.
2018-05-01 14:02:29,129 INFO     Archived clip Forest Grove / 21c 1 Output / Old Bird Thrush Detector Redux 1.1 / start 2018-04-21 12:04:29.517868+00:00 / duration 0.627 s.
2018-05-01 14:02:29,132 INFO     Archived clip Forest Grove / 21c 1 Output / Old Bird Thrush Detector Redux 1.1 / start 2018-04-21 12:04:31.442993+00:00 / duration 0.627 s.
2018-05-01 14:02:29,134 INFO     Archived clip Forest Grove / 21c 1 Output / Old Bird Thrush Detector Redux 1.1 / start 2018-04-21 12:04:39.508390+00:00 / duration 0.627 s.
2018-05-01 14:02:29,137 INFO     Archived clip Forest Grove / 21c 1 Output / Old Bird Thrush Detector Redux 1.1 / start 2018-04-21 12:04:40.193560+00:00 / duration 0.578 s.
2018-05-01 14:02:29,139 INFO     Archived clip Forest Grove / 21c 1 Output / Old Bird Thrush Detector Redux 1.1 / start 2018-04-21 12:04:49.063401+00:00 / duration 0.627 s.
2018-05-01 14:02:29,141 INFO     Archived clip Forest Grove / 21c 1 Output / Old Bird Thrush Detector Redux 1.1 / start 2018-04-21 12:04:49.781814+00:00 / duration 0.627 s.
2018-05-01 14:02:29,144 INFO     Archived clip Forest Grove / 21c 1 Output / Old Bird Thrush Detector Redux 1.1 / start 2018-04-21 12:04:53.911111+00:00 / duration 0.627 s.
2018-05-01 14:02:29,146 INFO     Archived clip Forest Grove / 21c 1 Output / Old Bird Thrush Detector Redux 1.1 / start 2018-04-21 12:04:54.714603+00:00 / duration 0.548 s.
2018-05-01 14:02:29,149 INFO     Archived clip Forest Grove / 21c 1 Output / Old Bird Thrush Detector Redux 1.1 / start 2018-04-21 12:04:56.228526+00:00 / duration 0.627 s.
2018-05-01 14:02:29,151 INFO     Archived clip Forest Grove / 21c 1 Output / Old Bird Thrush Detector Redux 1.1 / start 2018-04-21 12:04:56.862222+00:00 / duration 0.627 s.
2018-05-01 14:02:29,611 INFO     Archived clip Forest Grove / 21c 1 Output / Old Bird Thrush Detector Redux 1.1 / start 2018-04-21 12:05:01.924172+00:00 / duration 0.602 s.
2018-05-01 14:02:29,614 INFO     Archived clip Forest Grove / 21c 1 Output / Old Bird Thrush Detector Redux 1.1 / start 2018-04-21 12:05:02.606893+00:00 / duration 0.627 s.
2018-05-01 14:02:29,617 INFO     Archived clip Forest Grove / 21c 1 Output / Old Bird Thrush Detector Redux 1.1 / start 2018-04-21 12:05:07.658367+00:00 / duration 0.627 s.
2018-05-01 14:02:29,619 INFO     Archived clip Forest Grove / 21c 1 Output / Old Bird Thrush Detector Redux 1.1 / start 2018-04-21 12:05:11.486122+00:00 / duration 0.627 s.
2018-05-01 14:02:29,622 INFO     Archived clip Forest Grove / 21c 1 Output / Old Bird Thrush Detector Redux 1.1 / start 2018-04-21 12:05:12.153243+00:00 / duration 0.627 s.
2018-05-01 14:02:29,625 INFO     Archived clip Forest Grove / 21c 1 Output / Old Bird Thrush Detector Redux 1.1 / start 2018-04-21 12:05:15.552653+00:00 / duration 0.627 s.
2018-05-01 14:02:29,627 INFO     Archived clip Forest Grove / 21c 1 Output / Old Bird Thrush Detector Redux 1.1 / start 2018-04-21 12:05:16.202449+00:00 / duration 0.590 s.
2018-05-01 14:02:29,630 INFO     Archived clip Forest Grove / 21c 1 Output / Old Bird Thrush Detector Redux 1.1 / start 2018-04-21 12:05:19.964943+00:00 / duration 0.627 s.
2018-05-01 14:02:29,633 INFO     Archived clip Forest Grove / 21c 1 Output / Old Bird Thrush Detector Redux 1.1 / start 2018-04-21 12:05:24.924399+00:00 / duration 0.627 s.
2018-05-01 14:02:29,635 INFO     Archived clip Forest Grove / 21c 1 Output / Old Bird Thrush Detector Redux 1.1 / start 2018-04-21 12:05:25.577370+00:00 / duration 0.527 s.
2018-05-01 14:02:29,637 INFO     Archived clip Forest Grove / 21c 1 Output / Old Bird Thrush Detector Redux 1.1 / start 2018-04-21 12:05:29.259320+00:00 / duration 0.627 s.
2018-05-01 14:02:29,640 INFO     Archived clip Forest Grove / 21c 1 Output / Old Bird Thrush Detector Redux 1.1 / start 2018-04-21 12:05:32.262222+00:00 / duration 1.244 s.
2018-05-01 14:02:29,642 INFO     Archived clip Forest Grove / 21c 1 Output / Old Bird Thrush Detector Redux 1.1 / start 2018-04-21 12:05:34.631791+00:00 / duration 0.627 s.
2018-05-01 14:02:29,645 INFO     Archived clip Forest Grove / 21c 1 Output / Old Bird Thrush Detector Redux 1.1 / start 2018-04-21 12:05:35.275193+00:00 / duration 0.627 s.
2018-05-01 14:02:29,647 INFO     Archived clip Forest Grove / 21c 1 Output / Old Bird Thrush Detector Redux 1.1 / start 2018-04-21 12:05:39.285760+00:00 / duration 0.627 s.
2018-05-01 14:02:30,085 INFO     Archived clip Forest Grove / 21c 1 Output / Old Bird Thrush Detector Redux 1.1 / start 2018-04-21 12:05:43.881633+00:00 / duration 0.627 s.
2018-05-01 14:02:30,088 INFO     Archived clip Forest Grove / 21c 1 Output / Old Bird Thrush Detector Redux 1.1 / start 2018-04-21 12:05:48.025986+00:00 / duration 0.627 s.
2018-05-01 14:02:30,091 INFO     Archived clip Forest Grove / 21c 1 Output / Old Bird Thrush Detector Redux 1.1 / start 2018-04-21 12:05:50.440998+00:00 / duration 1.158 s.
2018-05-01 14:02:30,093 INFO     Archived clip Forest Grove / 21c 1 Output / Old Bird Thrush Detector Redux 1.1 / start 2018-04-21 12:05:51.706304+00:00 / duration 0.627 s.
2018-05-01 14:02:30,096 INFO     Archived clip Forest Grove / 21c 1 Output / Old Bird Thrush Detector Redux 1.1 / start 2018-04-21 12:05:54.507528+00:00 / duration 0.627 s.
2018-05-01 14:02:30,098 INFO     Archived clip Forest Grove / 21c 1 Output / Old Bird Thrush Detector Redux 1.1 / start 2018-04-21 12:05:55.140635+00:00 / duration 0.627 s.
2018-05-01 14:02:30,100 INFO     Archived clip Forest Grove / 21c 1 Output / Old Bird Thrush Detector Redux 1.1 / start 2018-04-21 12:05:59.521859+00:00 / duration 0.543 s.
2018-05-01 14:02:30,103 INFO     Archived clip Forest Grove / 21c 1 Output / Old Bird Thrush Detector Redux 1.1 / start 2018-04-21 12:06:00.257098+00:00 / duration 0.627 s.
2018-05-01 14:02:30,105 INFO     Archived clip Forest Grove / 21c 1 Output / Old Bird Thrush Detector Redux 1.1 / start 2018-04-21 12:06:04.580907+00:00 / duration 1.240 s.
2018-05-01 14:02:30,108 INFO     Archived clip Forest Grove / 21c 1 Output / Old Bird Thrush Detector Redux 1.1 / start 2018-04-21 12:06:09.842177+00:00 / duration 0.414 s.
2018-05-01 14:02:30,110 INFO     Archived clip Forest Grove / 21c 1 Output / Old Bird Thrush Detector Redux 1.1 / start 2018-04-21 12:06:12.554467+00:00 / duration 0.627 s.
2018-05-01 14:02:30,113 INFO     Archived clip Forest Grove / 21c 1 Output / Old Bird Thrush Detector Redux 1.1 / start 2018-04-21 12:06:14.051837+00:00 / duration 0.548 s.
2018-05-01 14:02:30,115 INFO     Archived clip Forest Grove / 21c 1 Output / Old Bird Thrush Detector Redux 1.1 / start 2018-04-21 12:06:14.615147+00:00 / duration 0.627 s.
2018-05-01 14:02:30,117 INFO     Archived clip Forest Grove / 21c 1 Output / Old Bird Thrush Detector Redux 1.1 / start 2018-04-21 12:06:16.262041+00:00 / duration 0.627 s.
2018-05-01 14:02:30,120 INFO     Archived clip Forest Grove / 21c 1 Output / Old Bird Thrush Detector Redux 1.1 / start 2018-04-21 12:06:19.989342+00:00 / duration 1.110 s.
2018-05-01 14:02:30,123 INFO     Archived clip Forest Grove / 21c 1 Output / Old Bird Thrush Detector Redux 1.1 / start 2018-04-21 12:06:24.249252+00:00 / duration 1.140 s.
2018-05-01 14:02:30,126 INFO     Archived clip Forest Grove / 21c 1 Output / Old Bird Thrush Detector Redux 1.1 / start 2018-04-21 12:06:27.463401+00:00 / duration 0.627 s.
2018-05-01 14:02:30,579 INFO     Archived clip Forest Grove / 21c 1 Output / Old Bird Thrush Detector Redux 1.1 / start 2018-04-21 12:06:31.409705+00:00 / duration 0.627 s.
2018-05-01 14:02:30,582 INFO     Archived clip Forest Grove / 21c 1 Output / Old Bird Thrush Detector Redux 1.1 / start 2018-04-21 12:06:36.147075+00:00 / duration 1.121 s.
2018-05-01 14:02:30,585 INFO     Archived clip Forest Grove / 21c 1 Output / Old Bird Thrush Detector Redux 1.1 / start 2018-04-21 12:06:44.998095+00:00 / duration 0.627 s.
2018-05-01 14:02:30,587 INFO     Archived clip Forest Grove / 21c 1 Output / Old Bird Thrush Detector Redux 1.1 / start 2018-04-21 12:06:45.635283+00:00 / duration 0.627 s.
2018-05-01 14:02:30,590 INFO     Archived clip Forest Grove / 21c 1 Output / Old Bird Thrush Detector Redux 1.1 / start 2018-04-21 12:06:47.810794+00:00 / duration 0.627 s.
2018-05-01 14:02:30,592 INFO     Archived clip Forest Grove / 21c 1 Output / Old Bird Thrush Detector Redux 1.1 / start 2018-04-21 12:06:50.529478+00:00 / duration 0.627 s.
2018-05-01 14:02:30,594 INFO     Archived clip Forest Grove / 21c 1 Output / Old Bird Thrush Detector Redux 1.1 / start 2018-04-21 12:06:52.855465+00:00 / duration 0.590 s.
2018-05-01 14:02:30,597 INFO     Archived clip Forest Grove / 21c 1 Output / Old Bird Thrush Detector Redux 1.1 / start 2018-04-21 12:06:53.463900+00:00 / duration 0.627 s.
2018-05-01 14:02:30,599 INFO     Archived clip Forest Grove / 21c 1 Output / Old Bird Thrush Detector Redux 1.1 / start 2018-04-21 12:07:01.078730+00:00 / duration 0.627 s.
2018-05-01 14:02:30,602 INFO     Archived clip Forest Grove / 21c 1 Output / Old Bird Thrush Detector Redux 1.1 / start 2018-04-21 12:07:04.223810+00:00 / duration 0.627 s.
2018-05-01 14:02:30,604 INFO     Archived clip Forest Grove / 21c 1 Output / Old Bird Thrush Detector Redux 1.1 / start 2018-04-21 12:07:09.620635+00:00 / duration 1.196 s.
2018-05-01 14:02:30,606 INFO     Archived clip Forest Grove / 21c 1 Output / Old Bird Thrush Detector Redux 1.1 / start 2018-04-21 12:07:10.951791+00:00 / duration 0.627 s.
2018-05-01 14:02:30,609 INFO     Archived clip Forest Grove / 21c 1 Output / Old Bird Thrush Detector Redux 1.1 / start 2018-04-21 12:07:16.507392+00:00 / duration 0.627 s.
2018-05-01 14:02:31,049 INFO     Archived clip Forest Grove / 21c 1 Output / Old Bird Thrush Detector Redux 1.1 / start 2018-04-21 12:07:17.226168+00:00 / duration 0.487 s.
2018-05-01 14:02:31,052 INFO     Archived clip Forest Grove / 21c 1 Output / Old Bird Thrush Detector Redux 1.1 / start 2018-04-21 12:07:21.184490+00:00 / duration 0.412 s.
2018-05-01 14:02:31,054 INFO     Archived clip Forest Grove / 21c 1 Output / Old Bird Thrush Detector Redux 1.1 / start 2018-04-21 12:07:21.648753+00:00 / duration 0.627 s.
2018-05-01 14:02:31,057 INFO     Archived clip Forest Grove / 21c 1 Output / Old Bird Thrush Detector Redux 1.1 / start 2018-04-21 12:07:25.460227+00:00 / duration 0.627 s.
2018-05-01 14:02:31,059 INFO     Archived clip Forest Grove / 21c 1 Output / Old Bird Thrush Detector Redux 1.1 / start 2018-04-21 12:07:28.908390+00:00 / duration 1.223 s.
2018-05-01 14:02:31,062 INFO     Archived clip Forest Grove / 21c 1 Output / Old Bird Thrush Detector Redux 1.1 / start 2018-04-21 12:07:33.909116+00:00 / duration 0.452 s.
2018-05-01 14:02:31,064 INFO     Archived clip Forest Grove / 21c 1 Output / Old Bird Thrush Detector Redux 1.1 / start 2018-04-21 12:07:37.688844+00:00 / duration 0.627 s.
2018-05-01 14:02:31,066 INFO     Archived clip Forest Grove / 21c 1 Output / Old Bird Thrush Detector Redux 1.1 / start 2018-04-21 12:07:41.351383+00:00 / duration 0.448 s.
2018-05-01 14:02:31,069 INFO     Archived clip Forest Grove / 21c 1 Output / Old Bird Thrush Detector Redux 1.1 / start 2018-04-21 12:07:48.423401+00:00 / duration 0.627 s.
2018-05-01 14:02:31,071 INFO     Archived clip Forest Grove / 21c 1 Output / Old Bird Thrush Detector Redux 1.1 / start 2018-04-21 12:07:49.052653+00:00 / duration 0.627 s.
2018-05-01 14:02:31,073 INFO     Archived clip Forest Grove / 21c 1 Output / Old Bird Thrush Detector Redux 1.1 / start 2018-04-21 12:07:53.264263+00:00 / duration 0.627 s.
2018-05-01 14:02:31,076 INFO     Archived clip Forest Grove / 21c 1 Output / Old Bird Thrush Detector Redux 1.1 / start 2018-04-21 12:07:57.204218+00:00 / duration 0.627 s.
2018-05-01 14:02:31,078 INFO     Archived clip Forest Grove / 21c 1 Output / Old Bird Thrush Detector Redux 1.1 / start 2018-04-21 12:08:01.466803+00:00 / duration 0.627 s.
2018-05-01 14:02:31,301 INFO     Archived clip Forest Grove / 21c 1 Output / Old Bird Tseep Detector Redux 1.1 / start 2018-04-21 12:00:53.257823+00:00 / duration 0.257 s.
2018-05-01 14:02:31,522 INFO     Archived clip Forest Grove / 21c 1 Output / Old Bird Thrush Detector Redux 1.1 / start 2018-04-21 12:08:02.161542+00:00 / duration 0.526 s.
2018-05-01 14:02:31,525 INFO     Archived clip Forest Grove / 21c 1 Output / Old Bird Thrush Detector Redux 1.1 / start 2018-04-21 12:08:05.480227+00:00 / duration 0.627 s.
2018-05-01 14:02:31,528 INFO     Archived clip Forest Grove / 21c 1 Output / Old Bird Thrush Detector Redux 1.1 / start 2018-04-21 12:08:06.216599+00:00 / duration 0.627 s.
2018-05-01 14:02:31,530 INFO     Archived clip Forest Grove / 21c 1 Output / Old Bird Thrush Detector Redux 1.1 / start 2018-04-21 12:08:10.241769+00:00 / duration 0.561 s.
2018-05-01 14:02:31,533 INFO     Archived clip Forest Grove / 21c 1 Output / Old Bird Thrush Detector Redux 1.1 / start 2018-04-21 12:08:10.834875+00:00 / duration 0.627 s.
2018-05-01 14:02:31,535 INFO     Archived clip Forest Grove / 21c 1 Output / Old Bird Thrush Detector Redux 1.1 / start 2018-04-21 12:08:14.341451+00:00 / duration 1.172 s.
2018-05-01 14:02:31,538 INFO     Archived clip Forest Grove / 21c 1 Output / Old Bird Thrush Detector Redux 1.1 / start 2018-04-21 12:08:15.630884+00:00 / duration 0.468 s.
2018-05-01 14:02:31,540 INFO     Archived clip Forest Grove / 21c 1 Output / Old Bird Thrush Detector Redux 1.1 / start 2018-04-21 12:08:19.677778+00:00 / duration 0.524 s.
2018-05-01 14:02:31,543 INFO     Archived clip Forest Grove / 21c 1 Output / Old Bird Thrush Detector Redux 1.1 / start 2018-04-21 12:08:22.873061+00:00 / duration 0.538 s.
2018-05-01 14:02:31,545 INFO     Archived clip Forest Grove / 21c 1 Output / Old Bird Thrush Detector Redux 1.1 / start 2018-04-21 12:08:23.539728+00:00 / duration 0.627 s.
2018-05-01 14:02:31,547 INFO     Archived clip Forest Grove / 21c 1 Output / Old Bird Thrush Detector Redux 1.1 / start 2018-04-21 12:08:29.665578+00:00 / duration 0.627 s.
2018-05-01 14:02:31,550 INFO     Archived clip Forest Grove / 21c 1 Output / Old Bird Thrush Detector Redux 1.1 / start 2018-04-21 12:08:30.351701+00:00 / duration 0.527 s.
2018-05-01 14:02:31,553 INFO     Archived clip Forest Grove / 21c 1 Output / Old Bird Thrush Detector Redux 1.1 / start 2018-04-21 12:08:33.919456+00:00 / duration 0.627 s.
2018-05-01 14:02:31,555 INFO     Archived clip Forest Grove / 21c 1 Output / Old Bird Thrush Detector Redux 1.1 / start 2018-04-21 12:08:39.930612+00:00 / duration 0.627 s.
2018-05-01 14:02:31,558 INFO     Archived clip Forest Grove / 21c 1 Output / Old Bird Thrush Detector Redux 1.1 / start 2018-04-21 12:08:43.704218+00:00 / duration 0.523 s.
2018-05-01 14:02:31,776 INFO     Archived clip Forest Grove / 21c 1 Output / Old Bird Tseep Detector Redux 1.1 / start 2018-04-21 12:07:26.003039+00:00 / duration 0.245 s.
2018-05-01 14:02:31,998 INFO     Archived clip Forest Grove / 21c 1 Output / Old Bird Thrush Detector Redux 1.1 / start 2018-04-21 12:08:47.133968+00:00 / duration 1.235 s.
2018-05-01 14:02:32,001 INFO     Archived clip Forest Grove / 21c 1 Output / Old Bird Thrush Detector Redux 1.1 / start 2018-04-21 12:08:50.964490+00:00 / duration 0.627 s.
2018-05-01 14:02:32,004 INFO     Archived clip Forest Grove / 21c 1 Output / Old Bird Thrush Detector Redux 1.1 / start 2018-04-21 12:08:51.607800+00:00 / duration 0.535 s.
2018-05-01 14:02:32,006 INFO     Archived clip Forest Grove / 21c 1 Output / Old Bird Thrush Detector Redux 1.1 / start 2018-04-21 12:08:52.315193+00:00 / duration 0.627 s.
2018-05-01 14:02:32,009 INFO     Archived clip Forest Grove / 21c 1 Output / Old Bird Thrush Detector Redux 1.1 / start 2018-04-21 12:08:54.725714+00:00 / duration 1.213 s.
2018-05-01 14:02:32,011 INFO     Archived clip Forest Grove / 21c 1 Output / Old Bird Thrush Detector Redux 1.1 / start 2018-04-21 12:08:59.702358+00:00 / duration 0.556 s.
2018-05-01 14:02:32,014 INFO     Archived clip Forest Grove / 21c 1 Output / Old Bird Thrush Detector Redux 1.1 / start 2018-04-21 12:09:00.379184+00:00 / duration 0.627 s.
2018-05-01 14:02:32,016 INFO     Archived clip Forest Grove / 21c 1 Output / Old Bird Thrush Detector Redux 1.1 / start 2018-04-21 12:09:03.921723+00:00 / duration 0.627 s.
2018-05-01 14:02:32,019 INFO     Archived clip Forest Grove / 21c 1 Output / Old Bird Thrush Detector Redux 1.1 / start 2018-04-21 12:09:04.660181+00:00 / duration 0.627 s.
2018-05-01 14:02:32,022 INFO     Archived clip Forest Grove / 21c 1 Output / Old Bird Thrush Detector Redux 1.1 / start 2018-04-21 12:09:09.940635+00:00 / duration 0.627 s.
2018-05-01 14:02:32,024 INFO     Archived clip Forest Grove / 21c 1 Output / Old Bird Thrush Detector Redux 1.1 / start 2018-04-21 12:09:13.516599+00:00 / duration 0.594 s.
2018-05-01 14:02:32,027 INFO     Archived clip Forest Grove / 21c 1 Output / Old Bird Thrush Detector Redux 1.1 / start 2018-04-21 12:09:14.228118+00:00 / duration 0.627 s.
2018-05-01 14:02:32,030 INFO     Archived clip Forest Grove / 21c 1 Output / Old Bird Thrush Detector Redux 1.1 / start 2018-04-21 12:09:18.120272+00:00 / duration 1.189 s.
2018-05-01 14:02:32,032 INFO     Archived clip Forest Grove / 21c 1 Output / Old Bird Thrush Detector Redux 1.1 / start 2018-04-21 12:09:21.826893+00:00 / duration 0.582 s.
2018-05-01 14:02:32,035 INFO     Archived clip Forest Grove / 21c 1 Output / Old Bird Thrush Detector Redux 1.1 / start 2018-04-21 12:09:22.463719+00:00 / duration 0.627 s.
2018-05-01 14:02:32,037 INFO     Archived clip Forest Grove / 21c 1 Output / Old Bird Thrush Detector Redux 1.1 / start 2018-04-21 12:09:26.563447+00:00 / duration 0.627 s.
2018-05-01 14:02:32,040 INFO     Archived clip Forest Grove / 21c 1 Output / Old Bird Thrush Detector Redux 1.1 / start 2018-04-21 12:09:27.193152+00:00 / duration 0.579 s.
2018-05-01 14:02:32,042 INFO     Archived clip Forest Grove / 21c 1 Output / Old Bird Thrush Detector Redux 1.1 / start 2018-04-21 12:09:31.521361+00:00 / duration 0.627 s.
2018-05-01 14:02:32,045 INFO     Archived clip Forest Grove / 21c 1 Output / Old Bird Thrush Detector Redux 1.1 / start 2018-04-21 12:09:32.182540+00:00 / duration 0.627 s.
2018-05-01 14:02:32,484 INFO     Archived clip Forest Grove / 21c 1 Output / Old Bird Thrush Detector Redux 1.1 / start 2018-04-21 12:09:35.318776+00:00 / duration 0.627 s.
2018-05-01 14:02:32,487 INFO     Archived clip Forest Grove / 21c 1 Output / Old Bird Thrush Detector Redux 1.1 / start 2018-04-21 12:09:35.980862+00:00 / duration 0.626 s.
2018-05-01 14:02:32,490 INFO     Archived clip Forest Grove / 21c 1 Output / Old Bird Thrush Detector Redux 1.1 / start 2018-04-21 12:09:38.481678+00:00 / duration 0.408 s.
2018-05-01 14:02:32,493 INFO     Archived clip Forest Grove / 21c 1 Output / Old Bird Thrush Detector Redux 1.1 / start 2018-04-21 12:09:47.373878+00:00 / duration 0.627 s.
2018-05-01 14:02:32,496 INFO     Archived clip Forest Grove / 21c 1 Output / Old Bird Thrush Detector Redux 1.1 / start 2018-04-21 12:10:05.228345+00:00 / duration 0.627 s.
2018-05-01 14:02:32,498 INFO     Archived clip Forest Grove / 21c 1 Output / Old Bird Thrush Detector Redux 1.1 / start 2018-04-21 12:10:09.915646+00:00 / duration 0.627 s.
2018-05-01 14:02:32,501 INFO     Archived clip Forest Grove / 21c 1 Output / Old Bird Thrush Detector Redux 1.1 / start 2018-04-21 12:10:10.629887+00:00 / duration 0.627 s.
2018-05-01 14:02:32,503 INFO     Archived clip Forest Grove / 21c 1 Output / Old Bird Thrush Detector Redux 1.1 / start 2018-04-21 12:10:11.306032+00:00 / duration 0.402 s.
2018-05-01 14:02:32,946 INFO     Archived clip Forest Grove / 21c 1 Output / Old Bird Thrush Detector Redux 1.1 / start 2018-04-21 12:10:49.878730+00:00 / duration 0.627 s.
2018-05-01 14:02:32,948 INFO     Archived clip Forest Grove / 21c 1 Output / Old Bird Thrush Detector Redux 1.1 / start 2018-04-21 12:10:54.295964+00:00 / duration 0.627 s.
2018-05-01 14:02:32,950 INFO     Archived clip Forest Grove / 21c 1 Output / Old Bird Thrush Detector Redux 1.1 / start 2018-04-21 12:10:54.952063+00:00 / duration 0.627 s.
2018-05-01 14:02:32,953 INFO     Archived clip Forest Grove / 21c 1 Output / Old Bird Thrush Detector Redux 1.1 / start 2018-04-21 12:10:59.067619+00:00 / duration 0.627 s.
2018-05-01 14:02:32,955 INFO     Archived clip Forest Grove / 21c 1 Output / Old Bird Thrush Detector Redux 1.1 / start 2018-04-21 12:10:59.792109+00:00 / duration 0.507 s.
2018-05-01 14:02:32,958 INFO     Archived clip Forest Grove / 21c 1 Output / Old Bird Thrush Detector Redux 1.1 / start 2018-04-21 12:11:00.570975+00:00 / duration 0.627 s.
2018-05-01 14:02:33,385 INFO     Archived clip Forest Grove / 21c 1 Output / Old Bird Thrush Detector Redux 1.1 / start 2018-04-21 12:11:03.878050+00:00 / duration 1.213 s.
2018-05-01 14:02:33,388 INFO     Archived clip Forest Grove / 21c 1 Output / Old Bird Thrush Detector Redux 1.1 / start 2018-04-21 12:11:07.495646+00:00 / duration 1.099 s.
2018-05-01 14:02:33,391 INFO     Archived clip Forest Grove / 21c 1 Output / Old Bird Thrush Detector Redux 1.1 / start 2018-04-21 12:11:11.780952+00:00 / duration 0.627 s.
2018-05-01 14:02:33,393 INFO     Archived clip Forest Grove / 21c 1 Output / Old Bird Thrush Detector Redux 1.1 / start 2018-04-21 12:11:12.440862+00:00 / duration 1.218 s.
2018-05-01 14:02:33,396 INFO     Archived clip Forest Grove / 21c 1 Output / Old Bird Thrush Detector Redux 1.1 / start 2018-04-21 12:11:17.006440+00:00 / duration 1.119 s.
2018-05-01 14:02:33,398 INFO     Archived clip Forest Grove / 21c 1 Output / Old Bird Thrush Detector Redux 1.1 / start 2018-04-21 12:11:21.076100+00:00 / duration 0.627 s.
2018-05-01 14:02:33,401 INFO     Archived clip Forest Grove / 21c 1 Output / Old Bird Thrush Detector Redux 1.1 / start 2018-04-21 12:11:21.786621+00:00 / duration 0.627 s.
2018-05-01 14:02:33,403 INFO     Archived clip Forest Grove / 21c 1 Output / Old Bird Thrush Detector Redux 1.1 / start 2018-04-21 12:11:24.960680+00:00 / duration 0.627 s.
2018-05-01 14:02:33,406 INFO     Archived clip Forest Grove / 21c 1 Output / Old Bird Thrush Detector Redux 1.1 / start 2018-04-21 12:11:25.609342+00:00 / duration 0.627 s.
2018-05-01 14:02:33,408 INFO     Archived clip Forest Grove / 21c 1 Output / Old Bird Thrush Detector Redux 1.1 / start 2018-04-21 12:11:29.232517+00:00 / duration 0.627 s.
2018-05-01 14:02:33,410 INFO     Archived clip Forest Grove / 21c 1 Output / Old Bird Thrush Detector Redux 1.1 / start 2018-04-21 12:11:29.897098+00:00 / duration 0.591 s.
2018-05-01 14:02:33,413 INFO     Archived clip Forest Grove / 21c 1 Output / Old Bird Thrush Detector Redux 1.1 / start 2018-04-21 12:11:33.964762+00:00 / duration 0.627 s.
2018-05-01 14:02:33,415 INFO     Archived clip Forest Grove / 21c 1 Output / Old Bird Thrush Detector Redux 1.1 / start 2018-04-21 12:11:36.746667+00:00 / duration 1.384 s.
2018-05-01 14:02:33,418 INFO     Archived clip Forest Grove / 21c 1 Output / Old Bird Thrush Detector Redux 1.1 / start 2018-04-21 12:11:40.660317+00:00 / duration 0.627 s.
2018-05-01 14:02:33,421 INFO     Archived clip Forest Grove / 21c 1 Output / Old Bird Thrush Detector Redux 1.1 / start 2018-04-21 12:11:44.613333+00:00 / duration 0.606 s.
2018-05-01 14:02:33,871 INFO     Archived clip Forest Grove / 21c 1 Output / Old Bird Thrush Detector Redux 1.1 / start 2018-04-21 12:11:45.242313+00:00 / duration 0.627 s.
2018-05-01 14:02:33,874 INFO     Archived clip Forest Grove / 21c 1 Output / Old Bird Thrush Detector Redux 1.1 / start 2018-04-21 12:11:53.550884+00:00 / duration 0.627 s.
2018-05-01 14:02:33,877 INFO     Archived clip Forest Grove / 21c 1 Output / Old Bird Thrush Detector Redux 1.1 / start 2018-04-21 12:12:02.570930+00:00 / duration 0.627 s.
2018-05-01 14:02:33,879 INFO     Archived clip Forest Grove / 21c 1 Output / Old Bird Thrush Detector Redux 1.1 / start 2018-04-21 12:12:07.235918+00:00 / duration 0.576 s.
2018-05-01 14:02:33,882 INFO     Archived clip Forest Grove / 21c 1 Output / Old Bird Thrush Detector Redux 1.1 / start 2018-04-21 12:12:11.472698+00:00 / duration 0.627 s.
2018-05-01 14:02:33,885 INFO     Archived clip Forest Grove / 21c 1 Output / Old Bird Thrush Detector Redux 1.1 / start 2018-04-21 12:12:21.156417+00:00 / duration 0.576 s.
2018-05-01 14:02:33,887 INFO     Archived clip Forest Grove / 21c 1 Output / Old Bird Thrush Detector Redux 1.1 / start 2018-04-21 12:12:25.898458+00:00 / duration 0.627 s.
2018-05-01 14:02:34,341 INFO     Archived clip Forest Grove / 21c 1 Output / Old Bird Thrush Detector Redux 1.1 / start 2018-04-21 12:12:26.545850+00:00 / duration 0.420 s.
2018-05-01 14:02:34,344 INFO     Archived clip Forest Grove / 21c 1 Output / Old Bird Thrush Detector Redux 1.1 / start 2018-04-21 12:12:28.626621+00:00 / duration 0.627 s.
2018-05-01 14:02:34,347 INFO     Archived clip Forest Grove / 21c 1 Output / Old Bird Thrush Detector Redux 1.1 / start 2018-04-21 12:12:37.833243+00:00 / duration 0.627 s.
2018-05-01 14:02:34,349 INFO     Archived clip Forest Grove / 21c 1 Output / Old Bird Thrush Detector Redux 1.1 / start 2018-04-21 12:12:44.168254+00:00 / duration 0.627 s.
2018-05-01 14:02:34,352 INFO     Archived clip Forest Grove / 21c 1 Output / Old Bird Thrush Detector Redux 1.1 / start 2018-04-21 12:12:44.884762+00:00 / duration 0.471 s.
2018-05-01 14:02:34,354 INFO     Archived clip Forest Grove / 21c 1 Output / Old Bird Thrush Detector Redux 1.1 / start 2018-04-21 12:12:49.562494+00:00 / duration 0.627 s.
2018-05-01 14:02:34,357 INFO     Archived clip Forest Grove / 21c 1 Output / Old Bird Thrush Detector Redux 1.1 / start 2018-04-21 12:12:50.392063+00:00 / duration 0.514 s.
2018-05-01 14:02:34,359 INFO     Archived clip Forest Grove / 21c 1 Output / Old Bird Thrush Detector Redux 1.1 / start 2018-04-21 12:12:54.355556+00:00 / duration 0.627 s.
2018-05-01 14:02:34,362 INFO     Archived clip Forest Grove / 21c 1 Output / Old Bird Thrush Detector Redux 1.1 / start 2018-04-21 12:12:55.034240+00:00 / duration 0.627 s.
2018-05-01 14:02:34,364 INFO     Archived clip Forest Grove / 21c 1 Output / Old Bird Thrush Detector Redux 1.1 / start 2018-04-21 12:12:59.450703+00:00 / duration 0.627 s.
2018-05-01 14:02:34,366 INFO     Archived clip Forest Grove / 21c 1 Output / Old Bird Thrush Detector Redux 1.1 / start 2018-04-21 12:13:00.203447+00:00 / duration 0.411 s.
2018-05-01 14:02:34,858 INFO     Archived clip Forest Grove / 21c 1 Output / Old Bird Thrush Detector Redux 1.1 / start 2018-04-21 12:13:05.089615+00:00 / duration 1.102 s.
2018-05-01 14:02:34,860 INFO     Archived clip Forest Grove / 21c 1 Output / Old Bird Thrush Detector Redux 1.1 / start 2018-04-21 12:13:28.969796+00:00 / duration 0.627 s.
2018-05-01 14:02:34,863 INFO     Archived clip Forest Grove / 21c 1 Output / Old Bird Thrush Detector Redux 1.1 / start 2018-04-21 12:13:32.271474+00:00 / duration 0.627 s.
2018-05-01 14:02:34,866 INFO     Archived clip Forest Grove / 21c 1 Output / Old Bird Thrush Detector Redux 1.1 / start 2018-04-21 12:13:33.570839+00:00 / duration 0.542 s.
2018-05-01 14:02:34,869 INFO     Archived clip Forest Grove / 21c 1 Output / Old Bird Thrush Detector Redux 1.1 / start 2018-04-21 12:13:36.908889+00:00 / duration 0.627 s.
2018-05-01 14:02:34,872 INFO     Archived clip Forest Grove / 21c 1 Output / Old Bird Thrush Detector Redux 1.1 / start 2018-04-21 12:13:37.603900+00:00 / duration 1.229 s.
2018-05-01 14:02:34,874 INFO     Archived clip Forest Grove / 21c 1 Output / Old Bird Thrush Detector Redux 1.1 / start 2018-04-21 12:13:41.834059+00:00 / duration 0.627 s.
2018-05-01 14:02:34,877 INFO     Archived clip Forest Grove / 21c 1 Output / Old Bird Thrush Detector Redux 1.1 / start 2018-04-21 12:13:42.594830+00:00 / duration 0.405 s.
2018-05-01 14:02:34,881 INFO     Archived clip Forest Grove / 21c 1 Output / Old Bird Thrush Detector Redux 1.1 / start 2018-04-21 12:13:43.026939+00:00 / duration 0.537 s.
2018-05-01 14:02:34,884 INFO     Archived clip Forest Grove / 21c 1 Output / Old Bird Thrush Detector Redux 1.1 / start 2018-04-21 12:13:44.906259+00:00 / duration 0.422 s.
2018-05-01 14:02:35,381 INFO     Archived clip Forest Grove / 21c 1 Output / Old Bird Thrush Detector Redux 1.1 / start 2018-04-21 12:14:05.000771+00:00 / duration 0.627 s.
2018-05-01 14:02:35,384 INFO     Archived clip Forest Grove / 21c 1 Output / Old Bird Thrush Detector Redux 1.1 / start 2018-04-21 12:14:09.519048+00:00 / duration 0.627 s.
2018-05-01 14:02:35,387 INFO     Archived clip Forest Grove / 21c 1 Output / Old Bird Thrush Detector Redux 1.1 / start 2018-04-21 12:14:13.023492+00:00 / duration 0.627 s.
2018-05-01 14:02:35,390 INFO     Archived clip Forest Grove / 21c 1 Output / Old Bird Thrush Detector Redux 1.1 / start 2018-04-21 12:14:17.148571+00:00 / duration 1.070 s.
2018-05-01 14:02:35,393 INFO     Archived clip Forest Grove / 21c 1 Output / Old Bird Thrush Detector Redux 1.1 / start 2018-04-21 12:14:20.917052+00:00 / duration 0.627 s.
2018-05-01 14:02:35,396 INFO     Archived clip Forest Grove / 21c 1 Output / Old Bird Thrush Detector Redux 1.1 / start 2018-04-21 12:14:25.996236+00:00 / duration 0.420 s.
2018-05-01 14:02:35,398 INFO     Archived clip Forest Grove / 21c 1 Output / Old Bird Thrush Detector Redux 1.1 / start 2018-04-21 12:14:29.012290+00:00 / duration 0.627 s.
2018-05-01 14:02:35,401 INFO     Archived clip Forest Grove / 21c 1 Output / Old Bird Thrush Detector Redux 1.1 / start 2018-04-21 12:14:34.877188+00:00 / duration 0.627 s.
2018-05-01 14:02:35,403 INFO     Archived clip Forest Grove / 21c 1 Output / Old Bird Thrush Detector Redux 1.1 / start 2018-04-21 12:14:39.011610+00:00 / duration 0.578 s.
2018-05-01 14:02:35,881 INFO     Archived clip Forest Grove / 21c 1 Output / Old Bird Thrush Detector Redux 1.1 / start 2018-04-21 12:14:39.708798+00:00 / duration 0.475 s.
2018-05-01 14:02:35,883 INFO     Archived clip Forest Grove / 21c 1 Output / Old Bird Thrush Detector Redux 1.1 / start 2018-04-21 12:14:59.894875+00:00 / duration 0.458 s.
2018-05-01 14:02:35,886 INFO     Archived clip Forest Grove / 21c 1 Output / Old Bird Thrush Detector Redux 1.1 / start 2018-04-21 12:15:02.165125+00:00 / duration 0.627 s.
2018-05-01 14:02:35,888 INFO     Archived clip Forest Grove / 21c 1 Output / Old Bird Thrush Detector Redux 1.1 / start 2018-04-21 12:15:27.529615+00:00 / duration 0.627 s.
2018-05-01 14:02:36,348 INFO     Archived clip Forest Grove / 21c 1 Output / Old Bird Thrush Detector Redux 1.1 / start 2018-04-21 12:15:37.043810+00:00 / duration 0.576 s.
2018-05-01 14:02:36,351 INFO     Archived clip Forest Grove / 21c 1 Output / Old Bird Thrush Detector Redux 1.1 / start 2018-04-21 12:15:39.971791+00:00 / duration 0.627 s.
2018-05-01 14:02:36,353 INFO     Archived clip Forest Grove / 21c 1 Output / Old Bird Thrush Detector Redux 1.1 / start 2018-04-21 12:15:42.593061+00:00 / duration 0.546 s.
2018-05-01 14:02:36,356 INFO     Archived clip Forest Grove / 21c 1 Output / Old Bird Thrush Detector Redux 1.1 / start 2018-04-21 12:15:45.283719+00:00 / duration 0.597 s.
2018-05-01 14:02:36,358 INFO     Archived clip Forest Grove / 21c 1 Output / Old Bird Thrush Detector Redux 1.1 / start 2018-04-21 12:15:47.560317+00:00 / duration 0.627 s.
2018-05-01 14:02:36,361 INFO     Archived clip Forest Grove / 21c 1 Output / Old Bird Thrush Detector Redux 1.1 / start 2018-04-21 12:15:51.802721+00:00 / duration 0.627 s.
2018-05-01 14:02:36,365 INFO     Archived clip Forest Grove / 21c 1 Output / Old Bird Thrush Detector Redux 1.1 / start 2018-04-21 12:15:52.516644+00:00 / duration 0.441 s.
2018-05-01 14:02:36,368 INFO     Archived clip Forest Grove / 21c 1 Output / Old Bird Thrush Detector Redux 1.1 / start 2018-04-21 12:15:59.054921+00:00 / duration 1.153 s.
2018-05-01 14:02:36,371 INFO     Archived clip Forest Grove / 21c 1 Output / Old Bird Thrush Detector Redux 1.1 / start 2018-04-21 12:16:03.223311+00:00 / duration 0.627 s.
2018-05-01 14:02:36,373 INFO     Archived clip Forest Grove / 21c 1 Output / Old Bird Thrush Detector Redux 1.1 / start 2018-04-21 12:16:04.354331+00:00 / duration 0.420 s.
2018-05-01 14:02:36,376 INFO     Archived clip Forest Grove / 21c 1 Output / Old Bird Thrush Detector Redux 1.1 / start 2018-04-21 12:16:08.480862+00:00 / duration 0.996 s.
2018-05-01 14:02:36,378 INFO     Archived clip Forest Grove / 21c 1 Output / Old Bird Thrush Detector Redux 1.1 / start 2018-04-21 12:16:16.750748+00:00 / duration 1.160 s.
2018-05-01 14:02:36,382 INFO     Archived clip Forest Grove / 21c 1 Output / Old Bird Thrush Detector Redux 1.1 / start 2018-04-21 12:16:17.944399+00:00 / duration 0.522 s.
2018-05-01 14:02:36,385 INFO     Archived clip Forest Grove / 21c 1 Output / Old Bird Thrush Detector Redux 1.1 / start 2018-04-21 12:16:21.280726+00:00 / duration 1.189 s.
2018-05-01 14:02:36,630 INFO     Archived clip Forest Grove / 21c 1 Output / Old Bird Tseep Detector Redux 1.1 / start 2018-04-21 12:08:10.241361+00:00 / duration 0.247 s.
2018-05-01 14:02:36,869 INFO     Archived clip Forest Grove / 21c 1 Output / Old Bird Thrush Detector Redux 1.1 / start 2018-04-21 12:16:22.628617+00:00 / duration 0.459 s.
2018-05-01 14:02:36,873 INFO     Archived clip Forest Grove / 21c 1 Output / Old Bird Thrush Detector Redux 1.1 / start 2018-04-21 12:16:28.258685+00:00 / duration 0.627 s.
2018-05-01 14:02:36,876 INFO     Archived clip Forest Grove / 21c 1 Output / Old Bird Thrush Detector Redux 1.1 / start 2018-04-21 12:16:28.895147+00:00 / duration 0.419 s.
2018-05-01 14:02:36,879 INFO     Archived clip Forest Grove / 21c 1 Output / Old Bird Thrush Detector Redux 1.1 / start 2018-04-21 12:16:34.785034+00:00 / duration 0.627 s.
2018-05-01 14:02:36,881 INFO     Archived clip Forest Grove / 21c 1 Output / Old Bird Thrush Detector Redux 1.1 / start 2018-04-21 12:16:38.635147+00:00 / duration 0.627 s.
2018-05-01 14:02:36,884 INFO     Archived clip Forest Grove / 21c 1 Output / Old Bird Thrush Detector Redux 1.1 / start 2018-04-21 12:16:39.519546+00:00 / duration 0.448 s.
2018-05-01 14:02:36,887 INFO     Archived clip Forest Grove / 21c 1 Output / Old Bird Thrush Detector Redux 1.1 / start 2018-04-21 12:16:42.728390+00:00 / duration 0.423 s.
2018-05-01 14:02:36,890 INFO     Archived clip Forest Grove / 21c 1 Output / Old Bird Thrush Detector Redux 1.1 / start 2018-04-21 12:16:43.437234+00:00 / duration 0.627 s.
2018-05-01 14:02:36,892 INFO     Archived clip Forest Grove / 21c 1 Output / Old Bird Thrush Detector Redux 1.1 / start 2018-04-21 12:16:47.483084+00:00 / duration 0.627 s.
2018-05-01 14:02:36,895 INFO     Archived clip Forest Grove / 21c 1 Output / Old Bird Thrush Detector Redux 1.1 / start 2018-04-21 12:16:48.182948+00:00 / duration 0.423 s.
2018-05-01 14:02:36,897 INFO     Archived clip Forest Grove / 21c 1 Output / Old Bird Thrush Detector Redux 1.1 / start 2018-04-21 12:17:01.585034+00:00 / duration 0.478 s.
2018-05-01 14:02:37,124 INFO     Archived clip Forest Grove / 21c 1 Output / Old Bird Tseep Detector Redux 1.1 / start 2018-04-21 12:09:44.897506+00:00 / duration 0.236 s.
2018-05-01 14:02:37,128 INFO     Archived clip Forest Grove / 21c 1 Output / Old Bird Tseep Detector Redux 1.1 / start 2018-04-21 12:15:48.092789+00:00 / duration 0.536 s.
2018-05-01 14:02:37,351 INFO     Archived clip Forest Grove / 21c 1 Output / Old Bird Thrush Detector Redux 1.1 / start 2018-04-21 12:17:04.234830+00:00 / duration 0.473 s.
2018-05-01 14:02:37,354 INFO     Archived clip Forest Grove / 21c 1 Output / Old Bird Thrush Detector Redux 1.1 / start 2018-04-21 12:17:10.245351+00:00 / duration 0.627 s.
2018-05-01 14:02:37,356 INFO     Archived clip Forest Grove / 21c 1 Output / Old Bird Thrush Detector Redux 1.1 / start 2018-04-21 12:17:14.701179+00:00 / duration 0.627 s.
2018-05-01 14:02:37,359 INFO     Archived clip Forest Grove / 21c 1 Output / Old Bird Thrush Detector Redux 1.1 / start 2018-04-21 12:17:15.877460+00:00 / duration 0.627 s.
2018-05-01 14:02:37,361 INFO     Archived clip Forest Grove / 21c 1 Output / Old Bird Thrush Detector Redux 1.1 / start 2018-04-21 12:17:21.429660+00:00 / duration 0.627 s.
2018-05-01 14:02:37,364 INFO     Archived clip Forest Grove / 21c 1 Output / Old Bird Thrush Detector Redux 1.1 / start 2018-04-21 12:17:22.330023+00:00 / duration 1.318 s.
2018-05-01 14:02:37,367 INFO     Archived clip Forest Grove / 21c 1 Output / Old Bird Thrush Detector Redux 1.1 / start 2018-04-21 12:17:24.178639+00:00 / duration 0.412 s.
2018-05-01 14:02:37,369 INFO     Archived clip Forest Grove / 21c 1 Output / Old Bird Thrush Detector Redux 1.1 / start 2018-04-21 12:17:26.114875+00:00 / duration 0.524 s.
2018-05-01 14:02:37,372 INFO     Archived clip Forest Grove / 21c 1 Output / Old Bird Thrush Detector Redux 1.1 / start 2018-04-21 12:17:42.503946+00:00 / duration 0.627 s.
2018-05-01 14:02:37,375 INFO     Archived clip Forest Grove / 21c 1 Output / Old Bird Thrush Detector Redux 1.1 / start 2018-04-21 12:17:44.741950+00:00 / duration 0.515 s.
2018-05-01 14:02:37,377 INFO     Archived clip Forest Grove / 21c 1 Output / Old Bird Thrush Detector Redux 1.1 / start 2018-04-21 12:17:46.140816+00:00 / duration 0.627 s.
2018-05-01 14:02:37,591 INFO     Archived clip Forest Grove / 21c 1 Output / Old Bird Tseep Detector Redux 1.1 / start 2018-04-21 12:16:59.868345+00:00 / duration 0.237 s.
2018-05-01 14:02:37,814 INFO     Archived clip Forest Grove / 21c 1 Output / Old Bird Thrush Detector Redux 1.1 / start 2018-04-21 12:17:53.336236+00:00 / duration 0.486 s.
2018-05-01 14:02:37,817 INFO     Archived clip Forest Grove / 21c 1 Output / Old Bird Thrush Detector Redux 1.1 / start 2018-04-21 12:17:55.461950+00:00 / duration 0.627 s.
2018-05-01 14:02:37,819 INFO     Archived clip Forest Grove / 21c 1 Output / Old Bird Thrush Detector Redux 1.1 / start 2018-04-21 12:17:56.702857+00:00 / duration 0.627 s.
2018-05-01 14:02:37,822 INFO     Archived clip Forest Grove / 21c 1 Output / Old Bird Thrush Detector Redux 1.1 / start 2018-04-21 12:17:58.166122+00:00 / duration 0.627 s.
2018-05-01 14:02:37,825 INFO     Archived clip Forest Grove / 21c 1 Output / Old Bird Thrush Detector Redux 1.1 / start 2018-04-21 12:17:58.877370+00:00 / duration 0.496 s.
2018-05-01 14:02:37,827 INFO     Archived clip Forest Grove / 21c 1 Output / Old Bird Thrush Detector Redux 1.1 / start 2018-04-21 12:18:03.416145+00:00 / duration 0.627 s.
2018-05-01 14:02:37,830 INFO     Archived clip Forest Grove / 21c 1 Output / Old Bird Thrush Detector Redux 1.1 / start 2018-04-21 12:18:04.391383+00:00 / duration 0.553 s.
2018-05-01 14:02:37,832 INFO     Archived clip Forest Grove / 21c 1 Output / Old Bird Thrush Detector Redux 1.1 / start 2018-04-21 12:18:05.101361+00:00 / duration 0.627 s.
2018-05-01 14:02:37,835 INFO     Archived clip Forest Grove / 21c 1 Output / Old Bird Thrush Detector Redux 1.1 / start 2018-04-21 12:18:07.906757+00:00 / duration 1.119 s.
2018-05-01 14:02:37,837 INFO     Archived clip Forest Grove / 21c 1 Output / Old Bird Thrush Detector Redux 1.1 / start 2018-04-21 12:18:16.895828+00:00 / duration 0.627 s.
2018-05-01 14:02:37,840 INFO     Archived clip Forest Grove / 21c 1 Output / Old Bird Thrush Detector Redux 1.1 / start 2018-04-21 12:18:19.270567+00:00 / duration 0.627 s.
2018-05-01 14:02:37,842 INFO     Archived clip Forest Grove / 21c 1 Output / Old Bird Thrush Detector Redux 1.1 / start 2018-04-21 12:18:20.905442+00:00 / duration 0.627 s.
2018-05-01 14:02:37,845 INFO     Archived clip Forest Grove / 21c 1 Output / Old Bird Thrush Detector Redux 1.1 / start 2018-04-21 12:18:26.176735+00:00 / duration 0.435 s.
2018-05-01 14:02:37,847 INFO     Archived clip Forest Grove / 21c 1 Output / Old Bird Thrush Detector Redux 1.1 / start 2018-04-21 12:18:28.040045+00:00 / duration 0.627 s.
2018-05-01 14:02:38,710 INFO     Archived clip Forest Grove / 21c 1 Output / Old Bird Thrush Detector Redux 1.1 / start 2018-04-21 12:19:29.437188+00:00 / duration 0.627 s.
2018-05-01 14:02:38,713 INFO     Archived clip Forest Grove / 21c 1 Output / Old Bird Thrush Detector Redux 1.1 / start 2018-04-21 12:19:30.150431+00:00 / duration 0.884 s.
2018-05-01 14:02:41,495 INFO     Archived clip Forest Grove / 21c 1 Output / Old Bird Tseep Detector Redux 1.1 / start 2018-04-21 12:17:21.604853+00:00 / duration 0.536 s.
2018-05-01 14:02:41,498 INFO     Archived clip Forest Grove / 21c 1 Output / Old Bird Tseep Detector Redux 1.1 / start 2018-04-21 12:24:16.029615+00:00 / duration 0.241 s.
2018-05-01 14:02:43,016 INFO     Archived clip Forest Grove / 21c 1 Output / Old Bird Thrush Detector Redux 1.1 / start 2018-04-21 12:27:18.934512+00:00 / duration 1.235 s.
2018-05-01 14:02:43,019 INFO     Archived clip Forest Grove / 21c 1 Output / Old Bird Thrush Detector Redux 1.1 / start 2018-04-21 12:27:22.107211+00:00 / duration 0.627 s.
2018-05-01 14:02:43,022 INFO     Archived clip Forest Grove / 21c 1 Output / Old Bird Thrush Detector Redux 1.1 / start 2018-04-21 12:27:23.005578+00:00 / duration 0.627 s.
2018-05-01 14:02:43,025 INFO     Archived clip Forest Grove / 21c 1 Output / Old Bird Thrush Detector Redux 1.1 / start 2018-04-21 12:27:24.153696+00:00 / duration 0.627 s.
2018-05-01 14:02:43,028 INFO     Archived clip Forest Grove / 21c 1 Output / Old Bird Thrush Detector Redux 1.1 / start 2018-04-21 12:27:25.335193+00:00 / duration 1.212 s.
2018-05-01 14:02:43,031 INFO     Archived clip Forest Grove / 21c 1 Output / Old Bird Thrush Detector Redux 1.1 / start 2018-04-21 12:27:28.900862+00:00 / duration 1.187 s.
2018-05-01 14:02:43,456 INFO     Archived clip Forest Grove / 21c 1 Output / Old Bird Thrush Detector Redux 1.1 / start 2018-04-21 12:27:44.747166+00:00 / duration 0.409 s.
2018-05-01 14:02:43,460 INFO     Archived clip Forest Grove / 21c 1 Output / Old Bird Thrush Detector Redux 1.1 / start 2018-04-21 12:27:45.307120+00:00 / duration 0.627 s.
2018-05-01 14:02:43,463 INFO     Archived clip Forest Grove / 21c 1 Output / Old Bird Thrush Detector Redux 1.1 / start 2018-04-21 12:27:47.253968+00:00 / duration 0.411 s.
2018-05-01 14:02:43,465 INFO     Archived clip Forest Grove / 21c 1 Output / Old Bird Thrush Detector Redux 1.1 / start 2018-04-21 12:27:48.767891+00:00 / duration 1.223 s.
2018-05-01 14:02:43,468 INFO     Archived clip Forest Grove / 21c 1 Output / Old Bird Thrush Detector Redux 1.1 / start 2018-04-21 12:27:51.151519+00:00 / duration 0.444 s.
2018-05-01 14:02:43,470 INFO     Archived clip Forest Grove / 21c 1 Output / Old Bird Thrush Detector Redux 1.1 / start 2018-04-21 12:27:52.847256+00:00 / duration 0.448 s.
2018-05-01 14:02:43,692 INFO     Archived clip Forest Grove / 21c 1 Output / Old Bird Tseep Detector Redux 1.1 / start 2018-04-21 12:24:37.208980+00:00 / duration 0.259 s.
2018-05-01 14:02:43,695 INFO     Archived clip Forest Grove / 21c 1 Output / Old Bird Tseep Detector Redux 1.1 / start 2018-04-21 12:28:01.665170+00:00 / duration 0.536 s.
2018-05-01 14:02:43,698 INFO     Archived clip Forest Grove / 21c 1 Output / Old Bird Tseep Detector Redux 1.1 / start 2018-04-21 12:28:06.232245+00:00 / duration 0.236 s.
2018-05-01 14:02:43,700 INFO     Archived clip Forest Grove / 21c 1 Output / Old Bird Tseep Detector Redux 1.1 / start 2018-04-21 12:28:08.153424+00:00 / duration 0.536 s.
2018-05-01 14:02:43,703 INFO     Archived clip Forest Grove / 21c 1 Output / Old Bird Tseep Detector Redux 1.1 / start 2018-04-21 12:28:10.663900+00:00 / duration 0.236 s.
2018-05-01 14:02:44,571 INFO     Archived clip Forest Grove / 21c 1 Output / Old Bird Tseep Detector Redux 1.1 / start 2018-04-21 12:28:27.263129+00:00 / duration 0.779 s.
2018-05-01 14:02:44,574 INFO     Archived clip Forest Grove / 21c 1 Output / Old Bird Tseep Detector Redux 1.1 / start 2018-04-21 12:29:19.764218+00:00 / duration 0.237 s.
2018-05-01 14:02:44,578 INFO     Archived clip Forest Grove / 21c 1 Output / Old Bird Tseep Detector Redux 1.1 / start 2018-04-21 12:29:28.628254+00:00 / duration 0.254 s.
2018-05-01 14:02:45,007 INFO     Archived clip Forest Grove / 21c 1 Output / Old Bird Tseep Detector Redux 1.1 / start 2018-04-21 12:29:48.104626+00:00 / duration 0.241 s.
2018-05-01 14:02:45,453 INFO     Archived clip Forest Grove / 21c 1 Output / Old Bird Tseep Detector Redux 1.1 / start 2018-04-21 12:30:44.416644+00:00 / duration 0.536 s.
2018-05-01 14:02:46,384 INFO     Archived clip Forest Grove / 21c 1 Output / Old Bird Tseep Detector Redux 1.1 / start 2018-04-21 12:30:47.716553+00:00 / duration 0.536 s.
2018-05-01 14:02:46,384 INFO     Ran 2 detectors on 1-channel, 2486-second file in 26 seconds, 193 times faster than real time.
2018-05-01 14:02:46,389 INFO     Job complete.
