2018-04-30 15:12:30,625 INFO     Job started for command "detect" with arguments:
    {'detectors': ['Old Bird Thrush Detector Redux 1.1',
                   'Old Bird Tseep Detector Redux 1.1'],
     'end_date': datetime.date(2018, 4, 25),
     'start_date': datetime.date(2018, 4, 25),
     'stations': ['Forest Grove']}
2018-04-30 15:12:30,637 INFO     Running the following detectors on file "/Users/Harold/Desktop/Test Archive/Recordings/Forest Grove_2018-04-26_11.29.47_Z.wav"...
2018-04-30 15:12:30,637 INFO         Old Bird Thrush Detector Redux 1.1
2018-04-30 15:12:30,637 INFO         Old Bird Tseep Detector Redux 1.1
2018-04-30 15:12:31,141 INFO     Archived clip Forest Grove / 21c 1 Output / Old Bird Thrush Detector Redux 1.1 / start 2018-04-26 11:29:47.107211+00:00 / duration 0.899 s.
2018-04-30 15:12:31,145 INFO     Archived clip Forest Grove / 21c 1 Output / Old Bird Thrush Detector Redux 1.1 / start 2018-04-26 11:29:48.256916+00:00 / duration 0.416 s.
2018-04-30 15:12:31,149 INFO     Archived clip Forest Grove / 21c 1 Output / Old Bird Thrush Detector Redux 1.1 / start 2018-04-26 11:29:49.008889+00:00 / duration 0.431 s.
2018-04-30 15:12:31,153 INFO     Archived clip Forest Grove / 21c 1 Output / Old Bird Thrush Detector Redux 1.1 / start 2018-04-26 11:29:49.451565+00:00 / duration 1.207 s.
2018-04-30 15:12:31,158 INFO     Archived clip Forest Grove / 21c 1 Output / Old Bird Thrush Detector Redux 1.1 / start 2018-04-26 11:29:50.848209+00:00 / duration 0.466 s.
2018-04-30 15:12:31,162 INFO     Archived clip Forest Grove / 21c 1 Output / Old Bird Thrush Detector Redux 1.1 / start 2018-04-26 11:29:53.961043+00:00 / duration 0.433 s.
2018-04-30 15:12:31,166 INFO     Archived clip Forest Grove / 21c 1 Output / Old Bird Thrush Detector Redux 1.1 / start 2018-04-26 11:29:55.212608+00:00 / duration 0.424 s.
2018-04-30 15:12:31,170 INFO     Archived clip Forest Grove / 21c 1 Output / Old Bird Thrush Detector Redux 1.1 / start 2018-04-26 11:29:55.907392+00:00 / duration 1.152 s.
2018-04-30 15:12:31,174 INFO     Archived clip Forest Grove / 21c 1 Output / Old Bird Thrush Detector Redux 1.1 / start 2018-04-26 11:29:57.160181+00:00 / duration 0.627 s.
2018-04-30 15:12:33,962 INFO     Archived clip Forest Grove / 21c 1 Output / Old Bird Thrush Detector Redux 1.1 / start 2018-04-26 11:35:00.082494+00:00 / duration 0.477 s.
2018-04-30 15:12:34,409 INFO     Archived clip Forest Grove / 21c 1 Output / Old Bird Thrush Detector Redux 1.1 / start 2018-04-26 11:35:04.178050+00:00 / duration 0.627 s.
2018-04-30 15:12:34,415 INFO     Archived clip Forest Grove / 21c 1 Output / Old Bird Thrush Detector Redux 1.1 / start 2018-04-26 11:35:04.852245+00:00 / duration 0.624 s.
2018-04-30 15:12:34,642 INFO     Archived clip Forest Grove / 21c 1 Output / Old Bird Tseep Detector Redux 1.1 / start 2018-04-26 11:30:54.208662+00:00 / duration 0.238 s.
2018-04-30 15:12:34,648 INFO     Archived clip Forest Grove / 21c 1 Output / Old Bird Tseep Detector Redux 1.1 / start 2018-04-26 11:34:38.021905+00:00 / duration 0.536 s.
2018-04-30 15:12:34,657 INFO     Archived clip Forest Grove / 21c 1 Output / Old Bird Tseep Detector Redux 1.1 / start 2018-04-26 11:35:24.361497+00:00 / duration 0.236 s.
2018-04-30 15:12:34,910 INFO     Archived clip Forest Grove / 21c 1 Output / Old Bird Thrush Detector Redux 1.1 / start 2018-04-26 11:36:07.876780+00:00 / duration 0.493 s.
2018-04-30 15:12:36,085 INFO     Archived clip Forest Grove / 21c 1 Output / Old Bird Tseep Detector Redux 1.1 / start 2018-04-26 11:35:24.743855+00:00 / duration 0.236 s.
2018-04-30 15:12:37,039 INFO     Archived clip Forest Grove / 21c 1 Output / Old Bird Tseep Detector Redux 1.1 / start 2018-04-26 11:35:43.551701+00:00 / duration 0.236 s.
2018-04-30 15:12:37,045 INFO     Archived clip Forest Grove / 21c 1 Output / Old Bird Tseep Detector Redux 1.1 / start 2018-04-26 11:37:30.008209+00:00 / duration 0.536 s.
2018-04-30 15:12:39,838 INFO     Archived clip Forest Grove / 21c 1 Output / Old Bird Tseep Detector Redux 1.1 / start 2018-04-26 11:39:20.292517+00:00 / duration 0.391 s.
2018-04-30 15:12:45,205 INFO     Archived clip Forest Grove / 21c 1 Output / Old Bird Tseep Detector Redux 1.1 / start 2018-04-26 11:43:34.738685+00:00 / duration 0.236 s.
2018-04-30 15:12:47,424 INFO     Archived clip Forest Grove / 21c 1 Output / Old Bird Tseep Detector Redux 1.1 / start 2018-04-26 11:43:53.251247+00:00 / duration 0.536 s.
2018-04-30 15:12:47,880 INFO     Archived clip Forest Grove / 21c 1 Output / Old Bird Tseep Detector Redux 1.1 / start 2018-04-26 11:52:40.825306+00:00 / duration 0.536 s.
2018-04-30 15:12:48,333 INFO     Archived clip Forest Grove / 21c 1 Output / Old Bird Tseep Detector Redux 1.1 / start 2018-04-26 11:56:29.584626+00:00 / duration 0.536 s.
2018-04-30 15:12:50,105 INFO     Archived clip Forest Grove / 21c 1 Output / Old Bird Tseep Detector Redux 1.1 / start 2018-04-26 11:58:08.339501+00:00 / duration 0.286 s.
2018-04-30 15:12:50,546 INFO     Archived clip Forest Grove / 21c 1 Output / Old Bird Tseep Detector Redux 1.1 / start 2018-04-26 11:58:51.070930+00:00 / duration 0.236 s.
2018-04-30 15:12:50,987 INFO     Archived clip Forest Grove / 21c 1 Output / Old Bird Tseep Detector Redux 1.1 / start 2018-04-26 12:01:24.141451+00:00 / duration 0.236 s.
2018-04-30 15:12:54,080 INFO     Archived clip Forest Grove / 21c 1 Output / Old Bird Tseep Detector Redux 1.1 / start 2018-04-26 12:01:38.959955+00:00 / duration 0.536 s.
2018-04-30 15:12:54,526 INFO     Archived clip Forest Grove / 21c 1 Output / Old Bird Tseep Detector Redux 1.1 / start 2018-04-26 12:02:38.563673+00:00 / duration 0.236 s.
2018-04-30 15:12:54,532 INFO     Archived clip Forest Grove / 21c 1 Output / Old Bird Tseep Detector Redux 1.1 / start 2018-04-26 12:07:46.911383+00:00 / duration 0.536 s.
2018-04-30 15:12:55,419 INFO     Archived clip Forest Grove / 21c 1 Output / Old Bird Tseep Detector Redux 1.1 / start 2018-04-26 12:08:54.004127+00:00 / duration 0.236 s.
2018-04-30 15:12:58,050 INFO     Archived clip Forest Grove / 21c 1 Output / Old Bird Tseep Detector Redux 1.1 / start 2018-04-26 12:09:01.089433+00:00 / duration 0.236 s.
2018-04-30 15:12:58,055 INFO     Archived clip Forest Grove / 21c 1 Output / Old Bird Tseep Detector Redux 1.1 / start 2018-04-26 12:10:01.420499+00:00 / duration 0.236 s.
2018-04-30 15:12:58,063 INFO     Archived clip Forest Grove / 21c 1 Output / Old Bird Tseep Detector Redux 1.1 / start 2018-04-26 12:14:41.289841+00:00 / duration 0.236 s.
2018-04-30 15:12:58,940 INFO     Archived clip Forest Grove / 21c 1 Output / Old Bird Tseep Detector Redux 1.1 / start 2018-04-26 12:14:57.042721+00:00 / duration 0.238 s.
2018-04-30 15:12:58,946 INFO     Archived clip Forest Grove / 21c 1 Output / Old Bird Tseep Detector Redux 1.1 / start 2018-04-26 12:16:00.369932+00:00 / duration 0.536 s.
2018-04-30 15:12:58,952 INFO     Archived clip Forest Grove / 21c 1 Output / Old Bird Tseep Detector Redux 1.1 / start 2018-04-26 12:16:02.847800+00:00 / duration 0.536 s.
2018-04-30 15:12:59,394 INFO     Archived clip Forest Grove / 21c 1 Output / Old Bird Tseep Detector Redux 1.1 / start 2018-04-26 12:16:04.404127+00:00 / duration 0.536 s.
2018-04-30 15:12:59,400 INFO     Archived clip Forest Grove / 21c 1 Output / Old Bird Tseep Detector Redux 1.1 / start 2018-04-26 12:16:06.923175+00:00 / duration 0.536 s.
2018-04-30 15:12:59,410 INFO     Archived clip Forest Grove / 21c 1 Output / Old Bird Tseep Detector Redux 1.1 / start 2018-04-26 12:17:18.298141+00:00 / duration 0.236 s.
2018-04-30 15:12:59,854 INFO     Archived clip Forest Grove / 21c 1 Output / Old Bird Tseep Detector Redux 1.1 / start 2018-04-26 12:17:19.577052+00:00 / duration 0.536 s.
2018-04-30 15:12:59,860 INFO     Archived clip Forest Grove / 21c 1 Output / Old Bird Tseep Detector Redux 1.1 / start 2018-04-26 12:17:22.675646+00:00 / duration 0.536 s.
2018-04-30 15:12:59,865 INFO     Archived clip Forest Grove / 21c 1 Output / Old Bird Tseep Detector Redux 1.1 / start 2018-04-26 12:17:24.032608+00:00 / duration 0.536 s.
2018-04-30 15:13:00,319 INFO     Archived clip Forest Grove / 21c 1 Output / Old Bird Tseep Detector Redux 1.1 / start 2018-04-26 12:17:26.388027+00:00 / duration 0.536 s.
2018-04-30 15:13:00,325 INFO     Archived clip Forest Grove / 21c 1 Output / Old Bird Tseep Detector Redux 1.1 / start 2018-04-26 12:17:28.015782+00:00 / duration 0.536 s.
2018-04-30 15:13:00,333 INFO     Archived clip Forest Grove / 21c 1 Output / Old Bird Tseep Detector Redux 1.1 / start 2018-04-26 12:18:28.336735+00:00 / duration 0.536 s.
2018-04-30 15:13:00,340 INFO     Archived clip Forest Grove / 21c 1 Output / Old Bird Tseep Detector Redux 1.1 / start 2018-04-26 12:18:31.052018+00:00 / duration 0.536 s.
2018-04-30 15:13:00,347 INFO     Archived clip Forest Grove / 21c 1 Output / Old Bird Tseep Detector Redux 1.1 / start 2018-04-26 12:18:33.316190+00:00 / duration 0.311 s.
2018-04-30 15:13:00,353 INFO     Archived clip Forest Grove / 21c 1 Output / Old Bird Tseep Detector Redux 1.1 / start 2018-04-26 12:18:38.949524+00:00 / duration 0.536 s.
2018-04-30 15:13:00,359 INFO     Archived clip Forest Grove / 21c 1 Output / Old Bird Tseep Detector Redux 1.1 / start 2018-04-26 12:18:42.890431+00:00 / duration 0.536 s.
2018-04-30 15:13:00,801 INFO     Archived clip Forest Grove / 21c 1 Output / Old Bird Tseep Detector Redux 1.1 / start 2018-04-26 12:18:52.930159+00:00 / duration 0.319 s.
2018-04-30 15:13:00,808 INFO     Archived clip Forest Grove / 21c 1 Output / Old Bird Tseep Detector Redux 1.1 / start 2018-04-26 12:19:00.719410+00:00 / duration 0.324 s.
2018-04-30 15:13:00,814 INFO     Archived clip Forest Grove / 21c 1 Output / Old Bird Tseep Detector Redux 1.1 / start 2018-04-26 12:19:02.503129+00:00 / duration 0.236 s.
2018-04-30 15:13:00,821 INFO     Archived clip Forest Grove / 21c 1 Output / Old Bird Tseep Detector Redux 1.1 / start 2018-04-26 12:19:04.639184+00:00 / duration 0.536 s.
2018-04-30 15:13:00,829 INFO     Archived clip Forest Grove / 21c 1 Output / Old Bird Tseep Detector Redux 1.1 / start 2018-04-26 12:19:22.580862+00:00 / duration 0.242 s.
2018-04-30 15:13:00,835 INFO     Archived clip Forest Grove / 21c 1 Output / Old Bird Tseep Detector Redux 1.1 / start 2018-04-26 12:19:26.413424+00:00 / duration 0.536 s.
2018-04-30 15:13:00,842 INFO     Archived clip Forest Grove / 21c 1 Output / Old Bird Tseep Detector Redux 1.1 / start 2018-04-26 12:19:28.089569+00:00 / duration 0.536 s.
2018-04-30 15:13:00,849 INFO     Archived clip Forest Grove / 21c 1 Output / Old Bird Tseep Detector Redux 1.1 / start 2018-04-26 12:19:30.223129+00:00 / duration 0.536 s.
2018-04-30 15:13:00,855 INFO     Archived clip Forest Grove / 21c 1 Output / Old Bird Tseep Detector Redux 1.1 / start 2018-04-26 12:19:32.846531+00:00 / duration 0.536 s.
2018-04-30 15:13:01,298 INFO     Archived clip Forest Grove / 21c 1 Output / Old Bird Tseep Detector Redux 1.1 / start 2018-04-26 12:19:34.932063+00:00 / duration 0.536 s.
2018-04-30 15:13:01,304 INFO     Archived clip Forest Grove / 21c 1 Output / Old Bird Tseep Detector Redux 1.1 / start 2018-04-26 12:19:38.576689+00:00 / duration 0.536 s.
2018-04-30 15:13:01,311 INFO     Archived clip Forest Grove / 21c 1 Output / Old Bird Tseep Detector Redux 1.1 / start 2018-04-26 12:19:46.398458+00:00 / duration 0.240 s.
2018-04-30 15:13:01,317 INFO     Archived clip Forest Grove / 21c 1 Output / Old Bird Tseep Detector Redux 1.1 / start 2018-04-26 12:19:48.452834+00:00 / duration 0.536 s.
2018-04-30 15:13:01,324 INFO     Archived clip Forest Grove / 21c 1 Output / Old Bird Tseep Detector Redux 1.1 / start 2018-04-26 12:19:51.129206+00:00 / duration 0.536 s.
2018-04-30 15:13:01,330 INFO     Archived clip Forest Grove / 21c 1 Output / Old Bird Tseep Detector Redux 1.1 / start 2018-04-26 12:19:53.362540+00:00 / duration 0.536 s.
2018-04-30 15:13:01,336 INFO     Archived clip Forest Grove / 21c 1 Output / Old Bird Tseep Detector Redux 1.1 / start 2018-04-26 12:19:54.775737+00:00 / duration 0.536 s.
2018-04-30 15:13:01,342 INFO     Archived clip Forest Grove / 21c 1 Output / Old Bird Tseep Detector Redux 1.1 / start 2018-04-26 12:19:56.418458+00:00 / duration 0.236 s.
2018-04-30 15:13:01,348 INFO     Archived clip Forest Grove / 21c 1 Output / Old Bird Tseep Detector Redux 1.1 / start 2018-04-26 12:19:57.679002+00:00 / duration 0.237 s.
2018-04-30 15:13:01,356 INFO     Archived clip Forest Grove / 21c 1 Output / Old Bird Tseep Detector Redux 1.1 / start 2018-04-26 12:20:11.337324+00:00 / duration 0.272 s.
2018-04-30 15:13:01,363 INFO     Archived clip Forest Grove / 21c 1 Output / Old Bird Tseep Detector Redux 1.1 / start 2018-04-26 12:20:13.049478+00:00 / duration 0.273 s.
2018-04-30 15:13:01,369 INFO     Archived clip Forest Grove / 21c 1 Output / Old Bird Tseep Detector Redux 1.1 / start 2018-04-26 12:20:15.232562+00:00 / duration 0.263 s.
2018-04-30 15:13:01,817 INFO     Archived clip Forest Grove / 21c 1 Output / Old Bird Tseep Detector Redux 1.1 / start 2018-04-26 12:20:17.739864+00:00 / duration 0.269 s.
2018-04-30 15:13:01,825 INFO     Archived clip Forest Grove / 21c 1 Output / Old Bird Tseep Detector Redux 1.1 / start 2018-04-26 12:20:32.783129+00:00 / duration 0.536 s.
2018-04-30 15:13:01,833 INFO     Archived clip Forest Grove / 21c 1 Output / Old Bird Tseep Detector Redux 1.1 / start 2018-04-26 12:20:36.841995+00:00 / duration 0.536 s.
2018-04-30 15:13:01,838 INFO     Archived clip Forest Grove / 21c 1 Output / Old Bird Tseep Detector Redux 1.1 / start 2018-04-26 12:20:38.060408+00:00 / duration 0.536 s.
2018-04-30 15:13:01,845 INFO     Archived clip Forest Grove / 21c 1 Output / Old Bird Tseep Detector Redux 1.1 / start 2018-04-26 12:20:42.217687+00:00 / duration 0.236 s.
2018-04-30 15:13:01,851 INFO     Archived clip Forest Grove / 21c 1 Output / Old Bird Tseep Detector Redux 1.1 / start 2018-04-26 12:20:43.777370+00:00 / duration 0.236 s.
2018-04-30 15:13:02,293 INFO     Archived clip Forest Grove / 21c 1 Output / Old Bird Tseep Detector Redux 1.1 / start 2018-04-26 12:21:00.551202+00:00 / duration 0.245 s.
2018-04-30 15:13:02,298 INFO     Archived clip Forest Grove / 21c 1 Output / Old Bird Tseep Detector Redux 1.1 / start 2018-04-26 12:21:10.872154+00:00 / duration 0.536 s.
2018-04-30 15:13:02,307 INFO     Archived clip Forest Grove / 21c 1 Output / Old Bird Tseep Detector Redux 1.1 / start 2018-04-26 12:21:36.247075+00:00 / duration 0.536 s.
2018-04-30 15:13:02,314 INFO     Archived clip Forest Grove / 21c 1 Output / Old Bird Tseep Detector Redux 1.1 / start 2018-04-26 12:21:38.549388+00:00 / duration 0.320 s.
2018-04-30 15:13:02,321 INFO     Archived clip Forest Grove / 21c 1 Output / Old Bird Tseep Detector Redux 1.1 / start 2018-04-26 12:21:43.966485+00:00 / duration 0.536 s.
2018-04-30 15:13:02,327 INFO     Archived clip Forest Grove / 21c 1 Output / Old Bird Tseep Detector Redux 1.1 / start 2018-04-26 12:21:46.257098+00:00 / duration 0.536 s.
2018-04-30 15:13:02,333 INFO     Archived clip Forest Grove / 21c 1 Output / Old Bird Tseep Detector Redux 1.1 / start 2018-04-26 12:21:48.004535+00:00 / duration 0.536 s.
2018-04-30 15:13:02,783 INFO     Archived clip Forest Grove / 21c 1 Output / Old Bird Tseep Detector Redux 1.1 / start 2018-04-26 12:21:49.928027+00:00 / duration 0.318 s.
2018-04-30 15:13:02,788 INFO     Archived clip Forest Grove / 21c 1 Output / Old Bird Tseep Detector Redux 1.1 / start 2018-04-26 12:21:55.327438+00:00 / duration 0.536 s.
2018-04-30 15:13:02,795 INFO     Archived clip Forest Grove / 21c 1 Output / Old Bird Tseep Detector Redux 1.1 / start 2018-04-26 12:21:59.515828+00:00 / duration 0.536 s.
2018-04-30 15:13:02,804 INFO     Archived clip Forest Grove / 21c 1 Output / Old Bird Tseep Detector Redux 1.1 / start 2018-04-26 12:22:22.053787+00:00 / duration 0.236 s.
2018-04-30 15:13:02,810 INFO     Archived clip Forest Grove / 21c 1 Output / Old Bird Tseep Detector Redux 1.1 / start 2018-04-26 12:22:24.435465+00:00 / duration 0.236 s.
2018-04-30 15:13:02,815 INFO     Archived clip Forest Grove / 21c 1 Output / Old Bird Tseep Detector Redux 1.1 / start 2018-04-26 12:22:26.296735+00:00 / duration 0.236 s.
2018-04-30 15:13:02,822 INFO     Archived clip Forest Grove / 21c 1 Output / Old Bird Tseep Detector Redux 1.1 / start 2018-04-26 12:22:36.862132+00:00 / duration 0.536 s.
2018-04-30 15:13:03,268 INFO     Archived clip Forest Grove / 21c 1 Output / Old Bird Tseep Detector Redux 1.1 / start 2018-04-26 12:22:39.714331+00:00 / duration 0.536 s.
2018-04-30 15:13:03,275 INFO     Archived clip Forest Grove / 21c 1 Output / Old Bird Tseep Detector Redux 1.1 / start 2018-04-26 12:22:41.427800+00:00 / duration 0.238 s.
2018-04-30 15:13:03,285 INFO     Archived clip Forest Grove / 21c 1 Output / Old Bird Tseep Detector Redux 1.1 / start 2018-04-26 12:23:06.461950+00:00 / duration 0.236 s.
2018-04-30 15:13:03,294 INFO     Archived clip Forest Grove / 21c 1 Output / Old Bird Tseep Detector Redux 1.1 / start 2018-04-26 12:23:18.751111+00:00 / duration 0.270 s.
2018-04-30 15:13:03,739 INFO     Archived clip Forest Grove / 21c 1 Output / Old Bird Tseep Detector Redux 1.1 / start 2018-04-26 12:23:22.882449+00:00 / duration 0.288 s.
2018-04-30 15:13:03,745 INFO     Archived clip Forest Grove / 21c 1 Output / Old Bird Tseep Detector Redux 1.1 / start 2018-04-26 12:23:27.123129+00:00 / duration 0.310 s.
2018-04-30 15:13:03,753 INFO     Archived clip Forest Grove / 21c 1 Output / Old Bird Tseep Detector Redux 1.1 / start 2018-04-26 12:23:28.085896+00:00 / duration 0.734 s.
2018-04-30 15:13:03,760 INFO     Archived clip Forest Grove / 21c 1 Output / Old Bird Tseep Detector Redux 1.1 / start 2018-04-26 12:23:32.098866+00:00 / duration 0.307 s.
2018-04-30 15:13:03,768 INFO     Archived clip Forest Grove / 21c 1 Output / Old Bird Tseep Detector Redux 1.1 / start 2018-04-26 12:23:43.159274+00:00 / duration 0.236 s.
2018-04-30 15:13:03,776 INFO     Archived clip Forest Grove / 21c 1 Output / Old Bird Tseep Detector Redux 1.1 / start 2018-04-26 12:23:51.327392+00:00 / duration 0.536 s.
2018-04-30 15:13:03,783 INFO     Archived clip Forest Grove / 21c 1 Output / Old Bird Tseep Detector Redux 1.1 / start 2018-04-26 12:23:52.720045+00:00 / duration 0.236 s.
2018-04-30 15:13:03,790 INFO     Archived clip Forest Grove / 21c 1 Output / Old Bird Tseep Detector Redux 1.1 / start 2018-04-26 12:23:55.761451+00:00 / duration 0.536 s.
2018-04-30 15:13:03,798 INFO     Archived clip Forest Grove / 21c 1 Output / Old Bird Tseep Detector Redux 1.1 / start 2018-04-26 12:23:58.534694+00:00 / duration 0.536 s.
2018-04-30 15:13:03,805 INFO     Archived clip Forest Grove / 21c 1 Output / Old Bird Tseep Detector Redux 1.1 / start 2018-04-26 12:24:01.509524+00:00 / duration 0.536 s.
2018-04-30 15:13:04,253 INFO     Archived clip Forest Grove / 21c 1 Output / Old Bird Tseep Detector Redux 1.1 / start 2018-04-26 12:24:02.774785+00:00 / duration 0.536 s.
2018-04-30 15:13:04,258 INFO     Archived clip Forest Grove / 21c 1 Output / Old Bird Tseep Detector Redux 1.1 / start 2018-04-26 12:24:04.615193+00:00 / duration 0.536 s.
2018-04-30 15:13:04,265 INFO     Archived clip Forest Grove / 21c 1 Output / Old Bird Tseep Detector Redux 1.1 / start 2018-04-26 12:24:12.572880+00:00 / duration 0.536 s.
2018-04-30 15:13:04,271 INFO     Archived clip Forest Grove / 21c 1 Output / Old Bird Tseep Detector Redux 1.1 / start 2018-04-26 12:24:17.005941+00:00 / duration 0.239 s.
2018-04-30 15:13:04,278 INFO     Archived clip Forest Grove / 21c 1 Output / Old Bird Tseep Detector Redux 1.1 / start 2018-04-26 12:24:19.278458+00:00 / duration 0.536 s.
2018-04-30 15:13:04,284 INFO     Archived clip Forest Grove / 21c 1 Output / Old Bird Tseep Detector Redux 1.1 / start 2018-04-26 12:24:20.704127+00:00 / duration 0.536 s.
2018-04-30 15:13:04,291 INFO     Archived clip Forest Grove / 21c 1 Output / Old Bird Tseep Detector Redux 1.1 / start 2018-04-26 12:24:22.612880+00:00 / duration 0.536 s.
2018-04-30 15:13:04,298 INFO     Archived clip Forest Grove / 21c 1 Output / Old Bird Tseep Detector Redux 1.1 / start 2018-04-26 12:24:27.840227+00:00 / duration 0.244 s.
2018-04-30 15:13:04,307 INFO     Archived clip Forest Grove / 21c 1 Output / Old Bird Tseep Detector Redux 1.1 / start 2018-04-26 12:24:40.552653+00:00 / duration 0.236 s.
2018-04-30 15:13:04,756 INFO     Archived clip Forest Grove / 21c 1 Output / Old Bird Tseep Detector Redux 1.1 / start 2018-04-26 12:24:46.995057+00:00 / duration 0.536 s.
2018-04-30 15:13:04,762 INFO     Archived clip Forest Grove / 21c 1 Output / Old Bird Tseep Detector Redux 1.1 / start 2018-04-26 12:24:56.225351+00:00 / duration 0.536 s.
2018-04-30 15:13:04,769 INFO     Archived clip Forest Grove / 21c 1 Output / Old Bird Tseep Detector Redux 1.1 / start 2018-04-26 12:24:59.677052+00:00 / duration 0.536 s.
2018-04-30 15:13:04,776 INFO     Archived clip Forest Grove / 21c 1 Output / Old Bird Tseep Detector Redux 1.1 / start 2018-04-26 12:25:01.274059+00:00 / duration 0.536 s.
2018-04-30 15:13:04,782 INFO     Archived clip Forest Grove / 21c 1 Output / Old Bird Tseep Detector Redux 1.1 / start 2018-04-26 12:25:02.966712+00:00 / duration 0.536 s.
2018-04-30 15:13:04,789 INFO     Archived clip Forest Grove / 21c 1 Output / Old Bird Tseep Detector Redux 1.1 / start 2018-04-26 12:25:04.675646+00:00 / duration 0.236 s.
2018-04-30 15:13:04,795 INFO     Archived clip Forest Grove / 21c 1 Output / Old Bird Tseep Detector Redux 1.1 / start 2018-04-26 12:25:06.324626+00:00 / duration 0.236 s.
2018-04-30 15:13:04,802 INFO     Archived clip Forest Grove / 21c 1 Output / Old Bird Tseep Detector Redux 1.1 / start 2018-04-26 12:25:08.770930+00:00 / duration 0.236 s.
2018-04-30 15:13:04,809 INFO     Archived clip Forest Grove / 21c 1 Output / Old Bird Tseep Detector Redux 1.1 / start 2018-04-26 12:25:12.578866+00:00 / duration 0.240 s.
2018-04-30 15:13:04,816 INFO     Archived clip Forest Grove / 21c 1 Output / Old Bird Tseep Detector Redux 1.1 / start 2018-04-26 12:25:16.405125+00:00 / duration 0.536 s.
2018-04-30 15:13:04,822 INFO     Archived clip Forest Grove / 21c 1 Output / Old Bird Tseep Detector Redux 1.1 / start 2018-04-26 12:25:18.832245+00:00 / duration 0.536 s.
2018-04-30 15:13:04,829 INFO     Archived clip Forest Grove / 21c 1 Output / Old Bird Tseep Detector Redux 1.1 / start 2018-04-26 12:25:20.726939+00:00 / duration 0.330 s.
2018-04-30 15:13:04,835 INFO     Archived clip Forest Grove / 21c 1 Output / Old Bird Tseep Detector Redux 1.1 / start 2018-04-26 12:25:22.738549+00:00 / duration 0.344 s.
2018-04-30 15:13:04,843 INFO     Archived clip Forest Grove / 21c 1 Output / Old Bird Tseep Detector Redux 1.1 / start 2018-04-26 12:25:31.649796+00:00 / duration 0.259 s.
2018-04-30 15:13:04,850 INFO     Archived clip Forest Grove / 21c 1 Output / Old Bird Tseep Detector Redux 1.1 / start 2018-04-26 12:25:32.756372+00:00 / duration 0.536 s.
2018-04-30 15:13:04,857 INFO     Archived clip Forest Grove / 21c 1 Output / Old Bird Tseep Detector Redux 1.1 / start 2018-04-26 12:25:34.370658+00:00 / duration 0.260 s.
2018-04-30 15:13:04,864 INFO     Archived clip Forest Grove / 21c 1 Output / Old Bird Tseep Detector Redux 1.1 / start 2018-04-26 12:25:38.563401+00:00 / duration 0.536 s.
2018-04-30 15:13:04,870 INFO     Archived clip Forest Grove / 21c 1 Output / Old Bird Tseep Detector Redux 1.1 / start 2018-04-26 12:25:39.691882+00:00 / duration 0.236 s.
2018-04-30 15:13:05,319 INFO     Archived clip Forest Grove / 21c 1 Output / Old Bird Tseep Detector Redux 1.1 / start 2018-04-26 12:25:41.289569+00:00 / duration 0.344 s.
2018-04-30 15:13:05,325 INFO     Archived clip Forest Grove / 21c 1 Output / Old Bird Tseep Detector Redux 1.1 / start 2018-04-26 12:25:43.325351+00:00 / duration 0.329 s.
2018-04-30 15:13:05,332 INFO     Archived clip Forest Grove / 21c 1 Output / Old Bird Tseep Detector Redux 1.1 / start 2018-04-26 12:25:45.391429+00:00 / duration 0.536 s.
2018-04-30 15:13:05,338 INFO     Archived clip Forest Grove / 21c 1 Output / Old Bird Tseep Detector Redux 1.1 / start 2018-04-26 12:25:46.778912+00:00 / duration 0.316 s.
2018-04-30 15:13:05,345 INFO     Archived clip Forest Grove / 21c 1 Output / Old Bird Tseep Detector Redux 1.1 / start 2018-04-26 12:25:48.033651+00:00 / duration 0.270 s.
2018-04-30 15:13:05,352 INFO     Archived clip Forest Grove / 21c 1 Output / Old Bird Tseep Detector Redux 1.1 / start 2018-04-26 12:25:49.853832+00:00 / duration 0.266 s.
2018-04-30 15:13:05,358 INFO     Archived clip Forest Grove / 21c 1 Output / Old Bird Tseep Detector Redux 1.1 / start 2018-04-26 12:25:51.159773+00:00 / duration 0.536 s.
2018-04-30 15:13:05,365 INFO     Archived clip Forest Grove / 21c 1 Output / Old Bird Tseep Detector Redux 1.1 / start 2018-04-26 12:25:52.585941+00:00 / duration 0.268 s.
2018-04-30 15:13:05,372 INFO     Archived clip Forest Grove / 21c 1 Output / Old Bird Tseep Detector Redux 1.1 / start 2018-04-26 12:25:57.924263+00:00 / duration 0.271 s.
2018-04-30 15:13:05,379 INFO     Archived clip Forest Grove / 21c 1 Output / Old Bird Tseep Detector Redux 1.1 / start 2018-04-26 12:26:02.808753+00:00 / duration 0.258 s.
2018-04-30 15:13:05,386 INFO     Archived clip Forest Grove / 21c 1 Output / Old Bird Tseep Detector Redux 1.1 / start 2018-04-26 12:26:08.948345+00:00 / duration 0.244 s.
2018-04-30 15:13:05,394 INFO     Archived clip Forest Grove / 21c 1 Output / Old Bird Tseep Detector Redux 1.1 / start 2018-04-26 12:26:11.155828+00:00 / duration 0.244 s.
2018-04-30 15:13:05,402 INFO     Archived clip Forest Grove / 21c 1 Output / Old Bird Tseep Detector Redux 1.1 / start 2018-04-26 12:26:11.920635+00:00 / duration 0.536 s.
2018-04-30 15:13:05,410 INFO     Archived clip Forest Grove / 21c 1 Output / Old Bird Tseep Detector Redux 1.1 / start 2018-04-26 12:26:16.538594+00:00 / duration 0.236 s.
2018-04-30 15:13:05,417 INFO     Archived clip Forest Grove / 21c 1 Output / Old Bird Tseep Detector Redux 1.1 / start 2018-04-26 12:26:18.528571+00:00 / duration 0.244 s.
2018-04-30 15:13:05,867 INFO     Archived clip Forest Grove / 21c 1 Output / Old Bird Tseep Detector Redux 1.1 / start 2018-04-26 12:26:24.812653+00:00 / duration 0.265 s.
2018-04-30 15:13:05,875 INFO     Archived clip Forest Grove / 21c 1 Output / Old Bird Tseep Detector Redux 1.1 / start 2018-04-26 12:26:36.107846+00:00 / duration 0.280 s.
2018-04-30 15:13:05,881 INFO     Archived clip Forest Grove / 21c 1 Output / Old Bird Tseep Detector Redux 1.1 / start 2018-04-26 12:26:37.366803+00:00 / duration 0.236 s.
2018-04-30 15:13:05,889 INFO     Archived clip Forest Grove / 21c 1 Output / Old Bird Tseep Detector Redux 1.1 / start 2018-04-26 12:26:47.386349+00:00 / duration 0.237 s.
2018-04-30 15:13:06,784 INFO     Archived clip Forest Grove / 21c 1 Output / Old Bird Tseep Detector Redux 1.1 / start 2018-04-26 12:27:07.245215+00:00 / duration 0.257 s.
2018-04-30 15:13:06,790 INFO     Archived clip Forest Grove / 21c 1 Output / Old Bird Tseep Detector Redux 1.1 / start 2018-04-26 12:28:01.658050+00:00 / duration 0.236 s.
2018-04-30 15:13:06,797 INFO     Archived clip Forest Grove / 21c 1 Output / Old Bird Tseep Detector Redux 1.1 / start 2018-04-26 12:28:02.027347+00:00 / duration 0.236 s.
2018-04-30 15:13:06,806 INFO     Archived clip Forest Grove / 21c 1 Output / Old Bird Tseep Detector Redux 1.1 / start 2018-04-26 12:28:15.678050+00:00 / duration 0.536 s.
2018-04-30 15:13:06,812 INFO     Archived clip Forest Grove / 21c 1 Output / Old Bird Tseep Detector Redux 1.1 / start 2018-04-26 12:28:17.509887+00:00 / duration 0.536 s.
2018-04-30 15:13:06,819 INFO     Archived clip Forest Grove / 21c 1 Output / Old Bird Tseep Detector Redux 1.1 / start 2018-04-26 12:28:19.459864+00:00 / duration 0.536 s.
2018-04-30 15:13:06,828 INFO     Archived clip Forest Grove / 21c 1 Output / Old Bird Tseep Detector Redux 1.1 / start 2018-04-26 12:28:27.331020+00:00 / duration 0.673 s.
2018-04-30 15:13:06,835 INFO     Archived clip Forest Grove / 21c 1 Output / Old Bird Tseep Detector Redux 1.1 / start 2018-04-26 12:28:31.228889+00:00 / duration 0.236 s.
2018-04-30 15:13:06,842 INFO     Archived clip Forest Grove / 21c 1 Output / Old Bird Tseep Detector Redux 1.1 / start 2018-04-26 12:28:32.814014+00:00 / duration 0.707 s.
2018-04-30 15:13:06,848 INFO     Archived clip Forest Grove / 21c 1 Output / Old Bird Tseep Detector Redux 1.1 / start 2018-04-26 12:28:35.492381+00:00 / duration 0.273 s.
2018-04-30 15:13:06,855 INFO     Archived clip Forest Grove / 21c 1 Output / Old Bird Tseep Detector Redux 1.1 / start 2018-04-26 12:28:36.942902+00:00 / duration 0.273 s.
2018-04-30 15:13:06,862 INFO     Archived clip Forest Grove / 21c 1 Output / Old Bird Tseep Detector Redux 1.1 / start 2018-04-26 12:28:38.346213+00:00 / duration 0.236 s.
2018-04-30 15:13:07,310 INFO     Archived clip Forest Grove / 21c 1 Output / Old Bird Tseep Detector Redux 1.1 / start 2018-04-26 12:28:39.755918+00:00 / duration 0.976 s.
2018-04-30 15:13:07,315 INFO     Archived clip Forest Grove / 21c 1 Output / Old Bird Tseep Detector Redux 1.1 / start 2018-04-26 12:28:43.148844+00:00 / duration 0.536 s.
2018-04-30 15:13:07,322 INFO     Archived clip Forest Grove / 21c 1 Output / Old Bird Tseep Detector Redux 1.1 / start 2018-04-26 12:28:49.031837+00:00 / duration 0.699 s.
2018-04-30 15:13:07,329 INFO     Archived clip Forest Grove / 21c 1 Output / Old Bird Tseep Detector Redux 1.1 / start 2018-04-26 12:28:55.957279+00:00 / duration 0.677 s.
2018-04-30 15:13:07,335 INFO     Archived clip Forest Grove / 21c 1 Output / Old Bird Tseep Detector Redux 1.1 / start 2018-04-26 12:28:57.453243+00:00 / duration 0.275 s.
2018-04-30 15:13:07,343 INFO     Archived clip Forest Grove / 21c 1 Output / Old Bird Tseep Detector Redux 1.1 / start 2018-04-26 12:29:06.422404+00:00 / duration 0.536 s.
2018-04-30 15:13:07,351 INFO     Archived clip Forest Grove / 21c 1 Output / Old Bird Tseep Detector Redux 1.1 / start 2018-04-26 12:29:08.741497+00:00 / duration 0.688 s.
2018-04-30 15:13:07,358 INFO     Archived clip Forest Grove / 21c 1 Output / Old Bird Tseep Detector Redux 1.1 / start 2018-04-26 12:29:09.498821+00:00 / duration 0.536 s.
2018-04-30 15:13:07,365 INFO     Archived clip Forest Grove / 21c 1 Output / Old Bird Tseep Detector Redux 1.1 / start 2018-04-26 12:29:11.584444+00:00 / duration 0.249 s.
2018-04-30 15:13:07,375 INFO     Archived clip Forest Grove / 21c 1 Output / Old Bird Tseep Detector Redux 1.1 / start 2018-04-26 12:29:12.790204+00:00 / duration 0.536 s.
2018-04-30 15:13:07,383 INFO     Archived clip Forest Grove / 21c 1 Output / Old Bird Tseep Detector Redux 1.1 / start 2018-04-26 12:29:19.314694+00:00 / duration 0.536 s.
2018-04-30 15:13:07,389 INFO     Archived clip Forest Grove / 21c 1 Output / Old Bird Tseep Detector Redux 1.1 / start 2018-04-26 12:29:20.783447+00:00 / duration 0.326 s.
2018-04-30 15:13:07,395 INFO     Archived clip Forest Grove / 21c 1 Output / Old Bird Tseep Detector Redux 1.1 / start 2018-04-26 12:29:23.134059+00:00 / duration 0.328 s.
2018-04-30 15:13:07,844 INFO     Archived clip Forest Grove / 21c 1 Output / Old Bird Tseep Detector Redux 1.1 / start 2018-04-26 12:29:25.072789+00:00 / duration 0.333 s.
2018-04-30 15:13:07,852 INFO     Archived clip Forest Grove / 21c 1 Output / Old Bird Tseep Detector Redux 1.1 / start 2018-04-26 12:29:41.782812+00:00 / duration 0.236 s.
2018-04-30 15:13:08,304 INFO     Archived clip Forest Grove / 21c 1 Output / Old Bird Tseep Detector Redux 1.1 / start 2018-04-26 12:30:07.643039+00:00 / duration 0.309 s.
2018-04-30 15:13:08,310 INFO     Archived clip Forest Grove / 21c 1 Output / Old Bird Tseep Detector Redux 1.1 / start 2018-04-26 12:30:19.616054+00:00 / duration 0.675 s.
2018-04-30 15:13:08,319 INFO     Archived clip Forest Grove / 21c 1 Output / Old Bird Tseep Detector Redux 1.1 / start 2018-04-26 12:30:31.495964+00:00 / duration 0.297 s.
2018-04-30 15:13:08,328 INFO     Archived clip Forest Grove / 21c 1 Output / Old Bird Tseep Detector Redux 1.1 / start 2018-04-26 12:30:47.613651+00:00 / duration 0.536 s.
2018-04-30 15:13:08,774 INFO     Archived clip Forest Grove / 21c 1 Output / Old Bird Tseep Detector Redux 1.1 / start 2018-04-26 12:30:56.171383+00:00 / duration 0.504 s.
2018-04-30 15:13:08,781 INFO     Archived clip Forest Grove / 21c 1 Output / Old Bird Tseep Detector Redux 1.1 / start 2018-04-26 12:31:01.432018+00:00 / duration 0.677 s.
2018-04-30 15:13:08,790 INFO     Archived clip Forest Grove / 21c 1 Output / Old Bird Tseep Detector Redux 1.1 / start 2018-04-26 12:31:15.617007+00:00 / duration 0.510 s.
2018-04-30 15:13:08,797 INFO     Archived clip Forest Grove / 21c 1 Output / Old Bird Tseep Detector Redux 1.1 / start 2018-04-26 12:31:16.142132+00:00 / duration 0.493 s.
2018-04-30 15:13:08,805 INFO     Archived clip Forest Grove / 21c 1 Output / Old Bird Tseep Detector Redux 1.1 / start 2018-04-26 12:31:23.638549+00:00 / duration 0.326 s.
2018-04-30 15:13:08,813 INFO     Archived clip Forest Grove / 21c 1 Output / Old Bird Tseep Detector Redux 1.1 / start 2018-04-26 12:31:24.033968+00:00 / duration 0.291 s.
2018-04-30 15:13:08,820 INFO     Archived clip Forest Grove / 21c 1 Output / Old Bird Tseep Detector Redux 1.1 / start 2018-04-26 12:31:28.464535+00:00 / duration 0.680 s.
2018-04-30 15:13:08,828 INFO     Archived clip Forest Grove / 21c 1 Output / Old Bird Tseep Detector Redux 1.1 / start 2018-04-26 12:31:33.089841+00:00 / duration 0.690 s.
2018-04-30 15:13:08,835 INFO     Archived clip Forest Grove / 21c 1 Output / Old Bird Tseep Detector Redux 1.1 / start 2018-04-26 12:31:37.385034+00:00 / duration 0.684 s.
2018-04-30 15:13:09,280 INFO     Archived clip Forest Grove / 21c 1 Output / Old Bird Tseep Detector Redux 1.1 / start 2018-04-26 12:31:45.272200+00:00 / duration 0.675 s.
2018-04-30 15:13:09,287 INFO     Archived clip Forest Grove / 21c 1 Output / Old Bird Tseep Detector Redux 1.1 / start 2018-04-26 12:31:53.869887+00:00 / duration 0.683 s.
2018-04-30 15:13:09,296 INFO     Archived clip Forest Grove / 21c 1 Output / Old Bird Tseep Detector Redux 1.1 / start 2018-04-26 12:32:04.026259+00:00 / duration 0.642 s.
2018-04-30 15:13:09,303 INFO     Archived clip Forest Grove / 21c 1 Output / Old Bird Tseep Detector Redux 1.1 / start 2018-04-26 12:32:10.567392+00:00 / duration 0.678 s.
2018-04-30 15:13:09,310 INFO     Archived clip Forest Grove / 21c 1 Output / Old Bird Tseep Detector Redux 1.1 / start 2018-04-26 12:32:15.628254+00:00 / duration 0.498 s.
2018-04-30 15:13:09,317 INFO     Archived clip Forest Grove / 21c 1 Output / Old Bird Tseep Detector Redux 1.1 / start 2018-04-26 12:32:16.220045+00:00 / duration 0.295 s.
2018-04-30 15:13:09,325 INFO     Archived clip Forest Grove / 21c 1 Output / Old Bird Tseep Detector Redux 1.1 / start 2018-04-26 12:32:19.690023+00:00 / duration 0.689 s.
2018-04-30 15:13:09,332 INFO     Archived clip Forest Grove / 21c 1 Output / Old Bird Tseep Detector Redux 1.1 / start 2018-04-26 12:32:22.649569+00:00 / duration 0.679 s.
2018-04-30 15:13:09,338 INFO     Archived clip Forest Grove / 21c 1 Output / Old Bird Tseep Detector Redux 1.1 / start 2018-04-26 12:32:24.157506+00:00 / duration 0.536 s.
2018-04-30 15:13:09,345 INFO     Archived clip Forest Grove / 21c 1 Output / Old Bird Tseep Detector Redux 1.1 / start 2018-04-26 12:32:26.142358+00:00 / duration 0.696 s.
2018-04-30 15:13:09,803 INFO     Archived clip Forest Grove / 21c 1 Output / Old Bird Tseep Detector Redux 1.1 / start 2018-04-26 12:32:29.773333+00:00 / duration 0.677 s.
2018-04-30 15:13:09,810 INFO     Archived clip Forest Grove / 21c 1 Output / Old Bird Tseep Detector Redux 1.1 / start 2018-04-26 12:32:33.248526+00:00 / duration 0.700 s.
2018-04-30 15:13:09,817 INFO     Archived clip Forest Grove / 21c 1 Output / Old Bird Tseep Detector Redux 1.1 / start 2018-04-26 12:32:37.636463+00:00 / duration 0.511 s.
2018-04-30 15:13:09,824 INFO     Archived clip Forest Grove / 21c 1 Output / Old Bird Tseep Detector Redux 1.1 / start 2018-04-26 12:32:38.274150+00:00 / duration 0.236 s.
2018-04-30 15:13:09,832 INFO     Archived clip Forest Grove / 21c 1 Output / Old Bird Tseep Detector Redux 1.1 / start 2018-04-26 12:32:42.416009+00:00 / duration 0.680 s.
2018-04-30 15:13:09,840 INFO     Archived clip Forest Grove / 21c 1 Output / Old Bird Tseep Detector Redux 1.1 / start 2018-04-26 12:32:46.649478+00:00 / duration 0.684 s.
2018-04-30 15:13:09,848 INFO     Archived clip Forest Grove / 21c 1 Output / Old Bird Tseep Detector Redux 1.1 / start 2018-04-26 12:32:50.417007+00:00 / duration 0.682 s.
2018-04-30 15:13:09,856 INFO     Archived clip Forest Grove / 21c 1 Output / Old Bird Tseep Detector Redux 1.1 / start 2018-04-26 12:32:51.764717+00:00 / duration 0.536 s.
2018-04-30 15:13:09,864 INFO     Archived clip Forest Grove / 21c 1 Output / Old Bird Tseep Detector Redux 1.1 / start 2018-04-26 12:32:54.060726+00:00 / duration 0.686 s.
2018-04-30 15:13:09,871 INFO     Archived clip Forest Grove / 21c 1 Output / Old Bird Tseep Detector Redux 1.1 / start 2018-04-26 12:32:58.250658+00:00 / duration 0.504 s.
2018-04-30 15:13:09,879 INFO     Archived clip Forest Grove / 21c 1 Output / Old Bird Tseep Detector Redux 1.1 / start 2018-04-26 12:33:02.116372+00:00 / duration 0.675 s.
2018-04-30 15:13:09,887 INFO     Archived clip Forest Grove / 21c 1 Output / Old Bird Tseep Detector Redux 1.1 / start 2018-04-26 12:33:03.091565+00:00 / duration 0.536 s.
2018-04-30 15:13:09,896 INFO     Archived clip Forest Grove / 21c 1 Output / Old Bird Tseep Detector Redux 1.1 / start 2018-04-26 12:33:07.560181+00:00 / duration 0.691 s.
2018-04-30 15:13:10,348 INFO     Archived clip Forest Grove / 21c 1 Output / Old Bird Tseep Detector Redux 1.1 / start 2018-04-26 12:33:13.649070+00:00 / duration 0.693 s.
2018-04-30 15:13:10,355 INFO     Archived clip Forest Grove / 21c 1 Output / Old Bird Tseep Detector Redux 1.1 / start 2018-04-26 12:33:17.742132+00:00 / duration 0.683 s.
2018-04-30 15:13:10,362 INFO     Archived clip Forest Grove / 21c 1 Output / Old Bird Tseep Detector Redux 1.1 / start 2018-04-26 12:33:22.666667+00:00 / duration 0.686 s.
2018-04-30 15:13:10,368 INFO     Archived clip Forest Grove / 21c 1 Output / Old Bird Tseep Detector Redux 1.1 / start 2018-04-26 12:33:24.808617+00:00 / duration 0.536 s.
2018-04-30 15:13:10,375 INFO     Archived clip Forest Grove / 21c 1 Output / Old Bird Tseep Detector Redux 1.1 / start 2018-04-26 12:33:27.146757+00:00 / duration 0.536 s.
2018-04-30 15:13:10,383 INFO     Archived clip Forest Grove / 21c 1 Output / Old Bird Tseep Detector Redux 1.1 / start 2018-04-26 12:33:33.522857+00:00 / duration 0.678 s.
2018-04-30 15:13:10,390 INFO     Archived clip Forest Grove / 21c 1 Output / Old Bird Tseep Detector Redux 1.1 / start 2018-04-26 12:33:38.370385+00:00 / duration 0.503 s.
2018-04-30 15:13:10,398 INFO     Archived clip Forest Grove / 21c 1 Output / Old Bird Tseep Detector Redux 1.1 / start 2018-04-26 12:33:42.520816+00:00 / duration 0.683 s.
2018-04-30 15:13:10,405 INFO     Archived clip Forest Grove / 21c 1 Output / Old Bird Tseep Detector Redux 1.1 / start 2018-04-26 12:33:46.463084+00:00 / duration 0.674 s.
2018-04-30 15:13:10,412 INFO     Archived clip Forest Grove / 21c 1 Output / Old Bird Tseep Detector Redux 1.1 / start 2018-04-26 12:33:51.166304+00:00 / duration 0.495 s.
2018-04-30 15:13:10,419 INFO     Archived clip Forest Grove / 21c 1 Output / Old Bird Tseep Detector Redux 1.1 / start 2018-04-26 12:33:55.491837+00:00 / duration 0.489 s.
2018-04-30 15:13:10,868 INFO     Archived clip Forest Grove / 21c 1 Output / Old Bird Tseep Detector Redux 1.1 / start 2018-04-26 12:33:56.067755+00:00 / duration 0.302 s.
2018-04-30 15:13:10,874 INFO     Archived clip Forest Grove / 21c 1 Output / Old Bird Tseep Detector Redux 1.1 / start 2018-04-26 12:34:01.443356+00:00 / duration 0.536 s.
2018-04-30 15:13:10,881 INFO     Archived clip Forest Grove / 21c 1 Output / Old Bird Tseep Detector Redux 1.1 / start 2018-04-26 12:34:04.199229+00:00 / duration 0.536 s.
2018-04-30 15:13:10,888 INFO     Archived clip Forest Grove / 21c 1 Output / Old Bird Tseep Detector Redux 1.1 / start 2018-04-26 12:34:04.780726+00:00 / duration 0.679 s.
2018-04-30 15:13:10,894 INFO     Archived clip Forest Grove / 21c 1 Output / Old Bird Tseep Detector Redux 1.1 / start 2018-04-26 12:34:08.642268+00:00 / duration 0.502 s.
2018-04-30 15:13:10,901 INFO     Archived clip Forest Grove / 21c 1 Output / Old Bird Tseep Detector Redux 1.1 / start 2018-04-26 12:34:12.888753+00:00 / duration 0.680 s.
2018-04-30 15:13:10,908 INFO     Archived clip Forest Grove / 21c 1 Output / Old Bird Tseep Detector Redux 1.1 / start 2018-04-26 12:34:17.503583+00:00 / duration 0.682 s.
2018-04-30 15:13:10,915 INFO     Archived clip Forest Grove / 21c 1 Output / Old Bird Tseep Detector Redux 1.1 / start 2018-04-26 12:34:21.207528+00:00 / duration 0.883 s.
2018-04-30 15:13:10,922 INFO     Archived clip Forest Grove / 21c 1 Output / Old Bird Tseep Detector Redux 1.1 / start 2018-04-26 12:34:25.470476+00:00 / duration 0.683 s.
2018-04-30 15:13:10,929 INFO     Archived clip Forest Grove / 21c 1 Output / Old Bird Tseep Detector Redux 1.1 / start 2018-04-26 12:34:30.571882+00:00 / duration 0.676 s.
2018-04-30 15:13:10,936 INFO     Archived clip Forest Grove / 21c 1 Output / Old Bird Tseep Detector Redux 1.1 / start 2018-04-26 12:34:35.020454+00:00 / duration 0.678 s.
2018-04-30 15:13:10,942 INFO     Archived clip Forest Grove / 21c 1 Output / Old Bird Tseep Detector Redux 1.1 / start 2018-04-26 12:34:37.915465+00:00 / duration 0.236 s.
2018-04-30 15:13:11,389 INFO     Archived clip Forest Grove / 21c 1 Output / Old Bird Tseep Detector Redux 1.1 / start 2018-04-26 12:34:40.956145+00:00 / duration 0.681 s.
2018-04-30 15:13:11,394 INFO     Archived clip Forest Grove / 21c 1 Output / Old Bird Tseep Detector Redux 1.1 / start 2018-04-26 12:34:49.513243+00:00 / duration 0.536 s.
2018-04-30 15:13:11,400 INFO     Archived clip Forest Grove / 21c 1 Output / Old Bird Tseep Detector Redux 1.1 / start 2018-04-26 12:34:54.701678+00:00 / duration 0.536 s.
2018-04-30 15:13:11,406 INFO     Archived clip Forest Grove / 21c 1 Output / Old Bird Tseep Detector Redux 1.1 / start 2018-04-26 12:34:59.932336+00:00 / duration 0.686 s.
2018-04-30 15:13:11,412 INFO     Archived clip Forest Grove / 21c 1 Output / Old Bird Tseep Detector Redux 1.1 / start 2018-04-26 12:35:05.949478+00:00 / duration 0.536 s.
2018-04-30 15:13:11,417 INFO     Archived clip Forest Grove / 21c 1 Output / Old Bird Tseep Detector Redux 1.1 / start 2018-04-26 12:35:06.790522+00:00 / duration 0.241 s.
2018-04-30 15:13:11,423 INFO     Archived clip Forest Grove / 21c 1 Output / Old Bird Tseep Detector Redux 1.1 / start 2018-04-26 12:35:11.187710+00:00 / duration 0.536 s.
2018-04-30 15:13:11,428 INFO     Archived clip Forest Grove / 21c 1 Output / Old Bird Tseep Detector Redux 1.1 / start 2018-04-26 12:35:16.152472+00:00 / duration 0.691 s.
2018-04-30 15:13:11,434 INFO     Archived clip Forest Grove / 21c 1 Output / Old Bird Tseep Detector Redux 1.1 / start 2018-04-26 12:35:19.999728+00:00 / duration 0.536 s.
2018-04-30 15:13:11,440 INFO     Archived clip Forest Grove / 21c 1 Output / Old Bird Tseep Detector Redux 1.1 / start 2018-04-26 12:35:21.714739+00:00 / duration 0.536 s.
2018-04-30 15:13:11,446 INFO     Archived clip Forest Grove / 21c 1 Output / Old Bird Tseep Detector Redux 1.1 / start 2018-04-26 12:35:26.359410+00:00 / duration 0.867 s.
2018-04-30 15:13:11,802 INFO     Archived clip Forest Grove / 21c 1 Output / Old Bird Tseep Detector Redux 1.1 / start 2018-04-26 12:35:31.289388+00:00 / duration 0.875 s.
2018-04-30 15:13:11,807 INFO     Archived clip Forest Grove / 21c 1 Output / Old Bird Tseep Detector Redux 1.1 / start 2018-04-26 12:35:35.986259+00:00 / duration 0.679 s.
2018-04-30 15:13:11,813 INFO     Archived clip Forest Grove / 21c 1 Output / Old Bird Tseep Detector Redux 1.1 / start 2018-04-26 12:35:36.859456+00:00 / duration 0.236 s.
2018-04-30 15:13:11,818 INFO     Archived clip Forest Grove / 21c 1 Output / Old Bird Tseep Detector Redux 1.1 / start 2018-04-26 12:35:40.413560+00:00 / duration 0.692 s.
2018-04-30 15:13:11,824 INFO     Archived clip Forest Grove / 21c 1 Output / Old Bird Tseep Detector Redux 1.1 / start 2018-04-26 12:35:44.367619+00:00 / duration 0.536 s.
2018-04-30 15:13:11,829 INFO     Archived clip Forest Grove / 21c 1 Output / Old Bird Tseep Detector Redux 1.1 / start 2018-04-26 12:35:49.765442+00:00 / duration 0.678 s.
2018-04-30 15:13:11,834 INFO     Archived clip Forest Grove / 21c 1 Output / Old Bird Tseep Detector Redux 1.1 / start 2018-04-26 12:35:54.806259+00:00 / duration 0.236 s.
2018-04-30 15:13:11,840 INFO     Archived clip Forest Grove / 21c 1 Output / Old Bird Tseep Detector Redux 1.1 / start 2018-04-26 12:35:55.390113+00:00 / duration 0.673 s.
2018-04-30 15:13:11,849 INFO     Archived clip Forest Grove / 21c 1 Output / Old Bird Tseep Detector Redux 1.1 / start 2018-04-26 12:36:00.513741+00:00 / duration 0.688 s.
2018-04-30 15:13:11,849 INFO     Ran 2 detectors on 1-channel, 3975-second file in 41 seconds, 193 times faster than real time.
2018-04-30 15:13:11,857 INFO     Job complete.
